Assembler report for de1soc
Sun Feb 11 18:37:14 2018
Quartus Prime Version 16.0.0 Build 211 04/27/2016 SJ Lite Edition


---------------------
; Table of Contents ;
---------------------
  1. Legal Notice
  2. Assembler Summary
  3. Assembler Settings
  4. Assembler Encrypted IP Cores Summary
  5. Assembler Generated Files
  6. Assembler Device Options: C:/Dev/ECE342/Lab4/out/de1soc.sof
  7. Assembler Messages



----------------
; Legal Notice ;
----------------
Copyright (C) 1991-2016 Altera Corporation. All rights reserved.
Your use of Altera Corporation's design tools, logic functions 
and other software and tools, and its AMPP partner logic 
functions, and any output files from any of the foregoing 
(including device programming or simulation files), and any 
associated documentation or information are expressly subject 
to the terms and conditions of the Altera Program License 
Subscription Agreement, the Altera Quartus Prime License Agreement,
the Altera MegaCore Function License Agreement, or other 
applicable license agreement, including, without limitation, 
that your use is for the sole purpose of programming logic 
devices manufactured by Altera and sold by Altera or its 
authorized distributors.  Please refer to the applicable 
agreement for further details.



+---------------------------------------------------------------+
; Assembler Summary                                             ;
+-----------------------+---------------------------------------+
; Assembler Status      ; Successful - Sun Feb 11 18:37:14 2018 ;
; Revision Name         ; de1soc                                ;
; Top-level Entity Name ; de1soc_top                            ;
; Family                ; Cyclone V                             ;
; Device                ; 5CSEMA5F31C6                          ;
+-----------------------+---------------------------------------+


+----------------------------------+
; Assembler Settings               ;
+--------+---------+---------------+
; Option ; Setting ; Default Value ;
+--------+---------+---------------+


+------------------------------------------------+
; Assembler Encrypted IP Cores Summary           ;
+--------+------------------------+--------------+
; Vendor ; IP Core Name           ; License Type ;
+--------+------------------------+--------------+
; Altera ; Signal Tap (6AF7 BCE1) ; Licensed     ;
; Altera ; Signal Tap (6AF7 BCEC) ; Licensed     ;
+--------+------------------------+--------------+


+-----------------------------------+
; Assembler Generated Files         ;
+-----------------------------------+
; File Name                         ;
+-----------------------------------+
; C:/Dev/ECE342/Lab4/out/de1soc.sof ;
+-----------------------------------+


+-------------------------------------------------------------+
; Assembler Device Options: C:/Dev/ECE342/Lab4/out/de1soc.sof ;
+----------------+--------------------------------------------+
; Option         ; Setting                                    ;
+----------------+--------------------------------------------+
; Device         ; 5CSEMA5F31C6                               ;
; JTAG usercode  ; 0x01B1E5D8                                 ;
; Checksum       ; 0x01B1E5D8                                 ;
+----------------+--------------------------------------------+


+--------------------+
; Assembler Messages ;
+--------------------+
Info: *******************************************************************
Info: Running Quartus Prime Assembler
    Info: Version 16.0.0 Build 211 04/27/2016 SJ Lite Edition
    Info: Processing started: Sun Feb 11 18:36:58 2018
Info: Command: quartus_asm --read_settings_files=off --write_settings_files=off de1soc -c de1soc
Warning (18236): Number of processors has not been specified which may cause overloading on shared machines.  Set the global assignment NUM_PARALLEL_PROCESSORS in your QSF to an appropriate value for best performance.
Info (115030): Assembler is generating device programming files
Warning (12914): The file, //SRVB/Homes$/tijanic1/Documents/Lab4_new_new_Saturday/Lab4/nios_system.sopcinfo, is not embedded into sof file as expected.  Some tools, such as System Console, may not function fully.
Info: Quartus Prime Assembler was successful. 0 errors, 2 warnings
    Info: Peak virtual memory: 1001 megabytes
    Info: Processing ended: Sun Feb 11 18:37:14 2018
    Info: Elapsed time: 00:00:16
    Info: Total CPU time (on all processors): 00:00:10


