#
# A fatal error has been detected by the Java Runtime Environment:
#
#  EXCEPTION_ACCESS_VIOLATION (0xc0000005) at pc=0x000000005f9b6adf, pid=16984, tid=9324
#
# JRE version: Java(TM) SE Runtime Environment (8.0_05-b13) (build 1.8.0_05-b13)
# Java VM: Java HotSpot(TM) 64-Bit Server VM (25.5-b02 mixed mode windows-amd64 compressed oops)
# Problematic frame:
# C  [msvcr100.dll+0x36adf]
#
# Failed to write core dump. Minidumps are not enabled by default on client versions of Windows
#
# If you would like to submit a bug report, please visit:
#   http://bugreport.sun.com/bugreport/crash.jsp
# The crash happened outside the Java Virtual Machine in native code.
# See problematic frame for where to report the bug.
#

---------------  T H R E A D  ---------------

Current thread (0x000000001a186800):  JavaThread "Swing-Shell" daemon [_thread_in_native, id=9324, stack(0x0000000024f70000,0x0000000025070000)]

siginfo: ExceptionCode=0xc0000005, reading address 0x0000000000000000

Registers:
RAX=0x0000000000000000, RBX=0x000000002506f190, RCX=0x0000000000000000, RDX=0x000000001ae411a0
RSP=0x000000002506f138, RBP=0x000000002506f320, RSI=0x0000000000000090, RDI=0x000000001a1869e0
R8 =0x000000001ae411a0, R9 =0x0000000000000000, R10=0x0000000000000000, R11=0x000000002506c370
R12=0x0000000000000000, R13=0x000000002506f340, R14=0x000000002506f308, R15=0x000000001a186800
RIP=0x000000005f9b6adf, EFLAGS=0x0000000000010246

Top of Stack: (sp=0x000000002506f138)
0x000000002506f138:   000000005ef79c46 0000000000000000
0x000000002506f148:   000000001a1869e0 0000000000000090
0x000000002506f158:   000000001ae411a0 000000001a1869e0
0x000000002506f168:   000000005ef7a5e9 000000001ae411a0
0x000000002506f178:   000031e07d1f0bf5 0000000000000005
0x000000002506f188:   000000001a186800 0000000000000000
0x000000002506f198:   0000000000000000 000000001ae65f00
0x000000002506f1a8:   00007ffc44e80500 0000000000000000
0x000000002506f1b8:   0000000000000000 000000002506f238
0x000000002506f1c8:   0000000005197380 0000000000000000
0x000000002506f1d8:   000000005f2bca42 000000002506f520
0x000000002506f1e8:   0000000000000000 00000000a334e1b8
0x000000002506f1f8:   0000000000000000 0000000000000000
0x000000002506f208:   0000000005612c35 0000000000000058
0x000000002506f218:   000000002506f270 00000000a349c338
0x000000002506f228:   00000000a349c398 0000000100000000 

Instructions: (pc=0x000000005f9b6adf)
0x000000005f9b6abf:   99 03 00 cc 33 c0 48 8b 5c 24 40 48 8b 74 24 48
0x000000005f9b6acf:   48 83 c4 30 5f c3 cc cc cc cc cc cc cc 48 8b c1
0x000000005f9b6adf:   0f b7 10 48 83 c0 02 66 85 d2 75 f4 48 2b c1 48
0x000000005f9b6aef:   d1 f8 48 ff c8 c3 cc cc cc cc cc cc cc 45 33 c0 


Register to memory mapping:

RAX=0x0000000000000000 is an unknown value
RBX=0x000000002506f190 is pointing into the stack for thread: 0x000000001a186800
RCX=0x0000000000000000 is an unknown value
RDX=0x000000001ae411a0 is an unknown value
RSP=0x000000002506f138 is pointing into the stack for thread: 0x000000001a186800
RBP=0x000000002506f320 is pointing into the stack for thread: 0x000000001a186800
RSI=0x0000000000000090 is an unknown value
RDI=0x000000001a1869e0 is an unknown value
R8 =0x000000001ae411a0 is an unknown value
R9 =0x0000000000000000 is an unknown value
R10=0x0000000000000000 is an unknown value
R11=0x000000002506c370 is pointing into the stack for thread: 0x000000001a186800
R12=0x0000000000000000 is an unknown value
R13=0x000000002506f340 is pointing into the stack for thread: 0x000000001a186800
R14=0x000000002506f308 is pointing into the stack for thread: 0x000000001a186800
R15=0x000000001a186800 is a thread


Stack: [0x0000000024f70000,0x0000000025070000],  sp=0x000000002506f138,  free space=1020k
Native frames: (J=compiled Java code, j=interpreted, Vv=VM code, C=native code)
C  [msvcr100.dll+0x36adf]

Java frames: (J=compiled Java code, j=interpreted, Vv=VM code)
J 6996  sun.awt.shell.Win32ShellFolder2.getDisplayNameOf(JJI)Ljava/lang/String; (0 bytes) @ 0x0000000005b60889 [0x0000000005b60840+0x49]
j  sun.awt.shell.Win32ShellFolder2.access$1600(JJI)Ljava/lang/String;+4
j  sun.awt.shell.Win32ShellFolder2$13.call()Ljava/lang/String;+15
j  sun.awt.shell.Win32ShellFolder2$13.call()Ljava/lang/Object;+1
J 6989 C1 java.util.concurrent.FutureTask.run()V (126 bytes) @ 0x0000000005b699c4 [0x0000000005b69780+0x244]
j  java.util.concurrent.ThreadPoolExecutor.runWorker(Ljava/util/concurrent/ThreadPoolExecutor$Worker;)V+95
j  java.util.concurrent.ThreadPoolExecutor$Worker.run()V+5
j  sun.awt.shell.Win32ShellFolderManager2$ComInvoker$3.run()V+7
j  java.lang.Thread.run()V+11
v  ~StubRoutines::call_stub

---------------  P R O C E S S  ---------------

Java Threads: ( => current thread )
=>0x000000001a186800 JavaThread "Swing-Shell" daemon [_thread_in_native, id=9324, stack(0x0000000024f70000,0x0000000025070000)]
  0x000000001a182000 JavaThread "Image Fetcher 1" daemon [_thread_blocked, id=11944, stack(0x0000000024e70000,0x0000000024f70000)]
  0x000000001a185800 JavaThread "Image Fetcher 0" daemon [_thread_blocked, id=4892, stack(0x0000000024d70000,0x0000000024e70000)]
  0x000000001a184000 JavaThread "Thread-12" [_thread_blocked, id=14852, stack(0x0000000024c70000,0x0000000024d70000)]
  0x000000001a181000 JavaThread "Tcl Isolation Thread" daemon [_thread_blocked, id=17188, stack(0x0000000023c70000,0x0000000023d70000)]
  0x000000001a188000 JavaThread "D3D Screen Updater" daemon [_thread_blocked, id=10480, stack(0x0000000021d30000,0x0000000021e30000)]
  0x000000001a3b3800 JavaThread "TimerQueue" daemon [_thread_blocked, id=8384, stack(0x0000000020e90000,0x0000000020f90000)]
  0x000000001a231000 JavaThread "AWT-EventQueue-0" [_thread_blocked, id=13656, stack(0x000000001af90000,0x000000001b090000)]
  0x000000001a582800 JavaThread "AWT-Shutdown" [_thread_blocked, id=18764, stack(0x000000001ae90000,0x000000001af90000)]
  0x000000001773e000 JavaThread "Command Watcher" daemon [_thread_blocked, id=18816, stack(0x00000000198c0000,0x00000000199c0000)]
  0x00000000178ce800 JavaThread "AWT-Windows" daemon [_thread_in_native, id=5764, stack(0x00000000183d0000,0x00000000184d0000)]
  0x0000000017777000 JavaThread "Java2D Disposer" daemon [_thread_blocked, id=17984, stack(0x00000000181d0000,0x00000000182d0000)]
  0x00000000153ae800 JavaThread "Service Thread" daemon [_thread_blocked, id=17212, stack(0x0000000016fe0000,0x00000000170e0000)]
  0x0000000015345800 JavaThread "C1 CompilerThread2" daemon [_thread_blocked, id=8348, stack(0x0000000016ee0000,0x0000000016fe0000)]
  0x000000001533b800 JavaThread "C2 CompilerThread1" daemon [_thread_in_native, id=15000, stack(0x0000000016de0000,0x0000000016ee0000)]
  0x0000000015338000 JavaThread "C2 CompilerThread0" daemon [_thread_blocked, id=18540, stack(0x0000000016ce0000,0x0000000016de0000)]
  0x0000000015335800 JavaThread "Attach Listener" daemon [_thread_blocked, id=9884, stack(0x0000000016be0000,0x0000000016ce0000)]
  0x0000000015341800 JavaThread "Signal Dispatcher" daemon [_thread_blocked, id=3352, stack(0x0000000016ae0000,0x0000000016be0000)]
  0x00000000152f1000 JavaThread "Finalizer" daemon [_thread_blocked, id=15740, stack(0x00000000163e0000,0x00000000164e0000)]
  0x00000000152ef800 JavaThread "Reference Handler" daemon [_thread_blocked, id=8596, stack(0x00000000162e0000,0x00000000163e0000)]
  0x0000000004d35800 JavaThread "main" [_thread_blocked, id=12620, stack(0x0000000004f60000,0x0000000005060000)]

Other Threads:
  0x00000000152e9800 VMThread [stack: 0x0000000015440000,0x0000000015540000] [id=17024]
  0x00000000153cd000 WatcherThread [stack: 0x00000000170e0000,0x00000000171e0000] [id=20372]

VM state:not at safepoint (normal execution)

VM Mutex/Monitor currently owned by a thread: None

Heap:
 def new generation   total 117504K, used 25542K [0x00000000a2400000, 0x00000000aa370000, 0x00000000c1800000)
  eden space 104512K,  16% used [0x00000000a2400000, 0x00000000a3527160, 0x00000000a8a10000)
  from space 12992K,  61% used [0x00000000a8a10000, 0x00000000a91da930, 0x00000000a96c0000)
  to   space 12992K,   0% used [0x00000000a96c0000, 0x00000000a96c0000, 0x00000000aa370000)
 tenured generation   total 260864K, used 34786K [0x00000000c1800000, 0x00000000d16c0000, 0x0000000100000000)
   the space 260864K,  13% used [0x00000000c1800000, 0x00000000c39f8860, 0x00000000c39f8a00, 0x00000000d16c0000)
 Metaspace       used 42640K, capacity 43240K, committed 43520K, reserved 1087488K
  class space    used 6214K, capacity 6348K, committed 6400K, reserved 1048576K

Card table byte_map: [0x0000000014550000,0x0000000014840000] byte_map_base: 0x000000001403e000

Polling page: 0x00000000031d0000

CodeCache: size=245760Kb used=20356Kb max_used=20365Kb free=225403Kb
 bounds [0x0000000005190000, 0x00000000065a0000, 0x0000000014190000]
 total_blobs=7378 nmethods=6734 adapters=554
 compilation: enabled

Compilation events (10 events):
Event: 11.116 Thread 0x0000000015338000 7015       4       java.lang.Character::toLowerCase (9 bytes)
Event: 11.117 Thread 0x0000000015338000 nmethod 7015 0x0000000005f09a50 code [0x0000000005f09c60, 0x0000000005f09db8]
Event: 11.117 Thread 0x0000000015338000 7017       4       java.lang.String::toLowerCase (431 bytes)
Event: 11.135 Thread 0x0000000015338000 nmethod 7017 0x0000000005f04d10 code [0x0000000005f04fe0, 0x0000000005f05fc0]
Event: 11.135 Thread 0x0000000015338000 7016       4       java.lang.Character::toLowerCase (6 bytes)
Event: 11.137 Thread 0x0000000015338000 nmethod 7016 0x00000000056ae950 code [0x00000000056aeaa0, 0x00000000056aeb98]
Event: 11.137 Thread 0x0000000015338000 7018       4       java.lang.Thread::interrupted (8 bytes)
Event: 11.137 Thread 0x0000000015338000 nmethod 7018 0x00000000054a0910 code [0x00000000054a0a60, 0x00000000054a0ae8]
Event: 11.143 Thread 0x0000000015345800 7019       3       sun.awt.shell.Win32ShellFolder2::hasAttribute (33 bytes)
Event: 11.143 Thread 0x0000000015345800 nmethod 7019 0x0000000005f0a510 code [0x0000000005f0a6a0, 0x0000000005f0ac08]

GC Heap History (10 events):
Event: 8.152 GC heap before
{Heap before GC invocations=155 (full 2):
 def new generation   total 117504K, used 113170K [0x00000000a2400000, 0x00000000aa370000, 0x00000000c1800000)
  eden space 104512K, 100% used [0x00000000a2400000, 0x00000000a8a10000, 0x00000000a8a10000)
  from space 12992K,  66% used [0x00000000a96c0000, 0x00000000a9f34a48, 0x00000000aa370000)
  to   space 12992K,   0% used [0x00000000a8a10000, 0x00000000a8a10000, 0x00000000a96c0000)
 tenured generation   total 260864K, used 34338K [0x00000000c1800000, 0x00000000d16c0000, 0x0000000100000000)
   the space 260864K,  13% used [0x00000000c1800000, 0x00000000c39888b8, 0x00000000c3988a00, 0x00000000d16c0000)
 Metaspace       used 37917K, capacity 38396K, committed 38656K, reserved 1083392K
  class space    used 5520K, capacity 5623K, committed 5632K, reserved 1048576K
Event: 8.173 GC heap after
Heap after GC invocations=156 (full 2):
 def new generation   total 117504K, used 8602K [0x00000000a2400000, 0x00000000aa370000, 0x00000000c1800000)
  eden space 104512K,   0% used [0x00000000a2400000, 0x00000000a2400000, 0x00000000a8a10000)
  from space 12992K,  66% used [0x00000000a8a10000, 0x00000000a9276948, 0x00000000a96c0000)
  to   space 12992K,   0% used [0x00000000a96c0000, 0x00000000a96c0000, 0x00000000aa370000)
 tenured generation   total 260864K, used 34581K [0x00000000c1800000, 0x00000000d16c0000, 0x0000000100000000)
   the space 260864K,  13% used [0x00000000c1800000, 0x00000000c39c55a0, 0x00000000c39c5600, 0x00000000d16c0000)
 Metaspace       used 37917K, capacity 38396K, committed 38656K, reserved 1083392K
  class space    used 5520K, capacity 5623K, committed 5632K, reserved 1048576K
}
Event: 8.553 GC heap before
{Heap before GC invocations=156 (full 2):
 def new generation   total 117504K, used 113114K [0x00000000a2400000, 0x00000000aa370000, 0x00000000c1800000)
  eden space 104512K, 100% used [0x00000000a2400000, 0x00000000a8a10000, 0x00000000a8a10000)
  from space 12992K,  66% used [0x00000000a8a10000, 0x00000000a9276948, 0x00000000a96c0000)
  to   space 12992K,   0% used [0x00000000a96c0000, 0x00000000a96c0000, 0x00000000aa370000)
 tenured generation   total 260864K, used 34581K [0x00000000c1800000, 0x00000000d16c0000, 0x0000000100000000)
   the space 260864K,  13% used [0x00000000c1800000, 0x00000000c39c55a0, 0x00000000c39c5600, 0x00000000d16c0000)
 Metaspace       used 38628K, capacity 39130K, committed 39296K, reserved 1083392K
  class space    used 5631K, capacity 5756K, committed 5760K, reserved 1048576K
Event: 8.560 GC heap after
Heap after GC invocations=157 (full 2):
 def new generation   total 117504K, used 1383K [0x00000000a2400000, 0x00000000aa370000, 0x00000000c1800000)
  eden space 104512K,   0% used [0x00000000a2400000, 0x00000000a2400000, 0x00000000a8a10000)
  from space 12992K,  10% used [0x00000000a96c0000, 0x00000000a9819dd8, 0x00000000aa370000)
  to   space 12992K,   0% used [0x00000000a8a10000, 0x00000000a8a10000, 0x00000000a96c0000)
 tenured generation   total 260864K, used 34786K [0x00000000c1800000, 0x00000000d16c0000, 0x0000000100000000)
   the space 260864K,  13% used [0x00000000c1800000, 0x00000000c39f8860, 0x00000000c39f8a00, 0x00000000d16c0000)
 Metaspace       used 38628K, capacity 39130K, committed 39296K, reserved 1083392K
  class space    used 5631K, capacity 5756K, committed 5760K, reserved 1048576K
}
Event: 8.878 GC heap before
{Heap before GC invocations=157 (full 2):
 def new generation   total 117504K, used 105895K [0x00000000a2400000, 0x00000000aa370000, 0x00000000c1800000)
  eden space 104512K, 100% used [0x00000000a2400000, 0x00000000a8a10000, 0x00000000a8a10000)
  from space 12992K,  10% used [0x00000000a96c0000, 0x00000000a9819dd8, 0x00000000aa370000)
  to   space 12992K,   0% used [0x00000000a8a10000, 0x00000000a8a10000, 0x00000000a96c0000)
 tenured generation   total 260864K, used 34786K [0x00000000c1800000, 0x00000000d16c0000, 0x0000000100000000)
   the space 260864K,  13% used [0x00000000c1800000, 0x00000000c39f8860, 0x00000000c39f8a00, 0x00000000d16c0000)
 Metaspace       used 38856K, capacity 39360K, committed 39680K, reserved 1083392K
  class space    used 5671K, capacity 5789K, committed 5888K, reserved 1048576K
Event: 8.882 GC heap after
Heap after GC invocations=158 (full 2):
 def new generation   total 117504K, used 1331K [0x00000000a2400000, 0x00000000aa370000, 0x00000000c1800000)
  eden space 104512K,   0% used [0x00000000a2400000, 0x00000000a2400000, 0x00000000a8a10000)
  from space 12992K,  10% used [0x00000000a8a10000, 0x00000000a8b5cc70, 0x00000000a96c0000)
  to   space 12992K,   0% used [0x00000000a96c0000, 0x00000000a96c0000, 0x00000000aa370000)
 tenured generation   total 260864K, used 34786K [0x00000000c1800000, 0x00000000d16c0000, 0x0000000100000000)
   the space 260864K,  13% used [0x00000000c1800000, 0x00000000c39f8860, 0x00000000c39f8a00, 0x00000000d16c0000)
 Metaspace       used 38856K, capacity 39360K, committed 39680K, reserved 1083392K
  class space    used 5671K, capacity 5789K, committed 5888K, reserved 1048576K
}
Event: 9.635 GC heap before
{Heap before GC invocations=158 (full 2):
 def new generation   total 117504K, used 105843K [0x00000000a2400000, 0x00000000aa370000, 0x00000000c1800000)
  eden space 104512K, 100% used [0x00000000a2400000, 0x00000000a8a10000, 0x00000000a8a10000)
  from space 12992K,  10% used [0x00000000a8a10000, 0x00000000a8b5cc70, 0x00000000a96c0000)
  to   space 12992K,   0% used [0x00000000a96c0000, 0x00000000a96c0000, 0x00000000aa370000)
 tenured generation   total 260864K, used 34786K [0x00000000c1800000, 0x00000000d16c0000, 0x0000000100000000)
   the space 260864K,  13% used [0x00000000c1800000, 0x00000000c39f8860, 0x00000000c39f8a00, 0x00000000d16c0000)
 Metaspace       used 41543K, capacity 42058K, committed 42368K, reserved 1085440K
  class space    used 6036K, capacity 6151K, committed 6272K, reserved 1048576K
Event: 9.648 GC heap after
Heap after GC invocations=159 (full 2):
 def new generation   total 117504K, used 4527K [0x00000000a2400000, 0x00000000aa370000, 0x00000000c1800000)
  eden space 104512K,   0% used [0x00000000a2400000, 0x00000000a2400000, 0x00000000a8a10000)
  from space 12992K,  34% used [0x00000000a96c0000, 0x00000000a9b2bfa0, 0x00000000aa370000)
  to   space 12992K,   0% used [0x00000000a8a10000, 0x00000000a8a10000, 0x00000000a96c0000)
 tenured generation   total 260864K, used 34786K [0x00000000c1800000, 0x00000000d16c0000, 0x0000000100000000)
   the space 260864K,  13% used [0x00000000c1800000, 0x00000000c39f8860, 0x00000000c39f8a00, 0x00000000d16c0000)
 Metaspace       used 41543K, capacity 42058K, committed 42368K, reserved 1085440K
  class space    used 6036K, capacity 6151K, committed 6272K, reserved 1048576K
}
Event: 10.522 GC heap before
{Heap before GC invocations=159 (full 2):
 def new generation   total 117504K, used 109039K [0x00000000a2400000, 0x00000000aa370000, 0x00000000c1800000)
  eden space 104512K, 100% used [0x00000000a2400000, 0x00000000a8a10000, 0x00000000a8a10000)
  from space 12992K,  34% used [0x00000000a96c0000, 0x00000000a9b2bfa0, 0x00000000aa370000)
  to   space 12992K,   0% used [0x00000000a8a10000, 0x00000000a8a10000, 0x00000000a96c0000)
 tenured generation   total 260864K, used 34786K [0x00000000c1800000, 0x00000000d16c0000, 0x0000000100000000)
   the space 260864K,  13% used [0x00000000c1800000, 0x00000000c39f8860, 0x00000000c39f8a00, 0x00000000d16c0000)
 Metaspace       used 42032K, capacity 42594K, committed 42880K, reserved 1085440K
  class space    used 6097K, capacity 6219K, committed 6272K, reserved 1048576K
Event: 10.537 GC heap after
Heap after GC invocations=160 (full 2):
 def new generation   total 117504K, used 7978K [0x00000000a2400000, 0x00000000aa370000, 0x00000000c1800000)
  eden space 104512K,   0% used [0x00000000a2400000, 0x00000000a2400000, 0x00000000a8a10000)
  from space 12992K,  61% used [0x00000000a8a10000, 0x00000000a91da930, 0x00000000a96c0000)
  to   space 12992K,   0% used [0x00000000a96c0000, 0x00000000a96c0000, 0x00000000aa370000)
 tenured generation   total 260864K, used 34786K [0x00000000c1800000, 0x00000000d16c0000, 0x0000000100000000)
   the space 260864K,  13% used [0x00000000c1800000, 0x00000000c39f8860, 0x00000000c39f8a00, 0x00000000d16c0000)
 Metaspace       used 42032K, capacity 42594K, committed 42880K, reserved 1085440K
  class space    used 6097K, capacity 6219K, committed 6272K, reserved 1048576K
}

Deoptimization events (10 events):
Event: 9.103 Thread 0x000000001a182000 Uncommon trap: reason=bimorphic action=maybe_recompile pc=0x000000000607fd5c method=com.sun.org.apache.xerces.internal.impl.XMLDocumentFragmentScannerImpl.scanEndElement()I @ 142
Event: 9.122 Thread 0x000000001a182000 Uncommon trap: reason=unreached action=reinterpret pc=0x0000000005e13a9c method=com.sun.org.apache.xerces.internal.util.NamespaceSupport.getURI(Ljava/lang/String;)Ljava/lang/String; @ 18
Event: 9.183 Thread 0x000000001a182000 Uncommon trap: reason=predicate action=maybe_recompile pc=0x0000000006177da8 method=java.util.TreeMap.put(Ljava/lang/Object;Ljava/lang/Object;)Ljava/lang/Object; @ 58
Event: 9.873 Thread 0x000000001a182000 Uncommon trap: reason=unreached action=reinterpret pc=0x0000000005ead104 method=com.altera.utilities.altNode.AltNode.getChildCount()I @ 4
Event: 10.126 Thread 0x000000001a182000 Uncommon trap: reason=predicate action=maybe_recompile pc=0x0000000005f291c4 method=java.util.concurrent.CopyOnWriteArrayList.indexOf(Ljava/lang/Object;[Ljava/lang/Object;II)I @ 41
Event: 10.313 Thread 0x000000001a182000 Uncommon trap: reason=class_check action=maybe_recompile pc=0x000000000592b55c method=com.altera.ui.ientity.elementeditor.ParameterComponentFactory2$14.getListCellRendererComponent(Ljavax/swing/JList;Ljava/lang/Object;IZZ)Ljava/awt/Component; @ 4
Event: 10.314 Thread 0x000000001a182000 Uncommon trap: reason=class_check action=maybe_recompile pc=0x000000000592b55c method=com.altera.ui.ientity.elementeditor.ParameterComponentFactory2$14.getListCellRendererComponent(Ljavax/swing/JList;Ljava/lang/Object;IZZ)Ljava/awt/Component; @ 4
Event: 10.314 Thread 0x000000001a182000 Uncommon trap: reason=unreached action=reinterpret pc=0x0000000005aa098c method=java.awt.EventQueue.isDispatchThreadImpl()Z @ 65
Event: 10.606 Thread 0x000000001a231000 Uncommon trap: reason=range_check action=make_not_entrant pc=0x00000000064f58d0 method=java.lang.String.charAt(I)C @ 27
Event: 10.907 Thread 0x000000001a184000 Uncommon trap: reason=unloaded action=reinterpret pc=0x00000000055c8ca4 method=java.lang.CharacterData.of(I)Ljava/lang/CharacterData; @ 96

Internal exceptions (10 events):
Event: 10.644 Thread 0x000000001a231000 Exception <a 'java/security/PrivilegedActionException'> (0x00000000a3079088) thrown at [D:\re\workspace\8-2-build-windows-amd64-cygwin\jdk8u5\2488\hotspot\src\share\vm\prims\jvm.cpp, line 1248]
Event: 10.645 Thread 0x000000001a231000 Exception <a 'java/security/PrivilegedActionException'> (0x00000000a3087bb0) thrown at [D:\re\workspace\8-2-build-windows-amd64-cygwin\jdk8u5\2488\hotspot\src\share\vm\prims\jvm.cpp, line 1248]
Event: 10.645 Thread 0x000000001a231000 Exception <a 'java/security/PrivilegedActionException'> (0x00000000a3096968) thrown at [D:\re\workspace\8-2-build-windows-amd64-cygwin\jdk8u5\2488\hotspot\src\share\vm\prims\jvm.cpp, line 1248]
Event: 10.646 Thread 0x000000001a231000 Exception <a 'java/security/PrivilegedActionException'> (0x00000000a30a6680) thrown at [D:\re\workspace\8-2-build-windows-amd64-cygwin\jdk8u5\2488\hotspot\src\share\vm\prims\jvm.cpp, line 1248]
Event: 10.650 Thread 0x000000001a231000 Exception <a 'java/security/PrivilegedActionException'> (0x00000000a30c80f0) thrown at [D:\re\workspace\8-2-build-windows-amd64-cygwin\jdk8u5\2488\hotspot\src\share\vm\prims\jvm.cpp, line 1248]
Event: 10.650 Thread 0x000000001a231000 Exception <a 'java/security/PrivilegedActionException'> (0x00000000a30d5428) thrown at [D:\re\workspace\8-2-build-windows-amd64-cygwin\jdk8u5\2488\hotspot\src\share\vm\prims\jvm.cpp, line 1248]
Event: 10.650 Thread 0x000000001a231000 Exception <a 'java/security/PrivilegedActionException'> (0x00000000a30e5028) thrown at [D:\re\workspace\8-2-build-windows-amd64-cygwin\jdk8u5\2488\hotspot\src\share\vm\prims\jvm.cpp, line 1248]
Event: 10.651 Thread 0x000000001a231000 Exception <a 'java/security/PrivilegedActionException'> (0x00000000a30f35a8) thrown at [D:\re\workspace\8-2-build-windows-amd64-cygwin\jdk8u5\2488\hotspot\src\share\vm\prims\jvm.cpp, line 1248]
Event: 10.653 Thread 0x000000001a231000 Exception <a 'java/security/PrivilegedActionException'> (0x00000000a310fb48) thrown at [D:\re\workspace\8-2-build-windows-amd64-cygwin\jdk8u5\2488\hotspot\src\share\vm\prims\jvm.cpp, line 1248]
Event: 10.659 Thread 0x000000001a231000 Exception <a 'java/security/PrivilegedActionException'> (0x00000000a3164028) thrown at [D:\re\workspace\8-2-build-windows-amd64-cygwin\jdk8u5\2488\hotspot\src\share\vm\prims\jvm.cpp, line 1248]

Events (10 events):
Event: 10.907 Executing VM operation: Deoptimize
Event: 10.908 Executing VM operation: Deoptimize done
Event: 10.908 Thread 0x000000001a184000 DEOPT PACKING pc=0x00000000055c8ca4 sp=0x0000000024d6dc60
Event: 10.908 Thread 0x000000001a184000 DEOPT UNPACKING pc=0x00000000051d55af sp=0x0000000024d6dae0 mode 2
Event: 11.053 loading class sun/awt/shell/Win32ShellFolder2$18
Event: 11.053 loading class sun/awt/shell/Win32ShellFolder2$18 done
Event: 11.054 loading class sun/awt/shell/Win32ShellFolder2$ColumnComparator$1
Event: 11.054 loading class sun/awt/shell/Win32ShellFolder2$ColumnComparator$1 done
Event: 11.055 loading class sun/awt/shell/Win32ShellFolder2$11
Event: 11.055 loading class sun/awt/shell/Win32ShellFolder2$11 done


Dynamic libraries:
0x00007ff7147e0000 - 0x00007ff714814000 	C:\dev\fpga\quartus\bin64\jre64\bin\java.exe
0x00007ffc48010000 - 0x00007ffc481f0000 	C:\WINDOWS\SYSTEM32\ntdll.dll
0x00007ffc47770000 - 0x00007ffc4781e000 	C:\WINDOWS\System32\KERNEL32.DLL
0x00007ffc44b20000 - 0x00007ffc44d86000 	C:\WINDOWS\System32\KERNELBASE.dll
0x00007ffc47e80000 - 0x00007ffc47f21000 	C:\WINDOWS\System32\ADVAPI32.dll
0x00007ffc473b0000 - 0x00007ffc4744d000 	C:\WINDOWS\System32\msvcrt.dll
0x00007ffc47e20000 - 0x00007ffc47e7b000 	C:\WINDOWS\System32\sechost.dll
0x00007ffc470f0000 - 0x00007ffc4720f000 	C:\WINDOWS\System32\RPCRT4.dll
0x00007ffc47820000 - 0x00007ffc479af000 	C:\WINDOWS\System32\USER32.dll
0x00007ffc44750000 - 0x00007ffc44770000 	C:\WINDOWS\System32\win32u.dll
0x00007ffc47c70000 - 0x00007ffc47c98000 	C:\WINDOWS\System32\GDI32.dll
0x00007ffc44560000 - 0x00007ffc446f3000 	C:\WINDOWS\System32\gdi32full.dll
0x00007ffc444c0000 - 0x00007ffc4455b000 	C:\WINDOWS\System32\msvcp_win.dll
0x00007ffc44940000 - 0x00007ffc44a36000 	C:\WINDOWS\System32\ucrtbase.dll
0x00007ffc2e960000 - 0x00007ffc2ebc9000 	C:\WINDOWS\WinSxS\amd64_microsoft.windows.common-controls_6595b64144ccf1df_6.0.16299.309_none_15cfd4c4935e6b11\COMCTL32.dll
0x00007ffc47460000 - 0x00007ffc47768000 	C:\WINDOWS\System32\combase.dll
0x00007ffc44aa0000 - 0x00007ffc44b12000 	C:\WINDOWS\System32\bcryptPrimitives.dll
0x00007ffc47020000 - 0x00007ffc4704d000 	C:\WINDOWS\System32\IMM32.DLL
0x000000005f980000 - 0x000000005fa52000 	C:\dev\fpga\quartus\bin64\jre64\bin\msvcr100.dll
0x000000005f150000 - 0x000000005f97a000 	C:\dev\fpga\quartus\bin64\jre64\bin\server\jvm.dll
0x00007ffc47ca0000 - 0x00007ffc47ca8000 	C:\WINDOWS\System32\PSAPI.DLL
0x00007ffc38ae0000 - 0x00007ffc38b03000 	C:\WINDOWS\SYSTEM32\WINMM.dll
0x00007ffc2cfb0000 - 0x00007ffc2cfb9000 	C:\WINDOWS\SYSTEM32\WSOCK32.dll
0x00007ffc47060000 - 0x00007ffc470cc000 	C:\WINDOWS\System32\WS2_32.dll
0x00007ffc38a80000 - 0x00007ffc38aaa000 	C:\WINDOWS\SYSTEM32\WINMMBASE.dll
0x00007ffc44700000 - 0x00007ffc4474a000 	C:\WINDOWS\System32\cfgmgr32.dll
0x000000005f110000 - 0x000000005f14f000 	C:\dev\fpga\quartus\bin64\jre64\bin\splashscreen.dll
0x00007ffc42950000 - 0x00007ffc429e5000 	C:\WINDOWS\system32\uxtheme.dll
0x000000005f100000 - 0x000000005f10f000 	C:\dev\fpga\quartus\bin64\jre64\bin\verify.dll
0x000000005f0d0000 - 0x000000005f0f8000 	C:\dev\fpga\quartus\bin64\jre64\bin\java.dll
0x00007ffc47b00000 - 0x00007ffc47c67000 	C:\WINDOWS\System32\MSCTF.dll
0x00007ffc47a30000 - 0x00007ffc47af5000 	C:\WINDOWS\System32\OLEAUT32.dll
0x00007ffc1ed00000 - 0x00007ffc1eda9000 	C:\Program Files\Common Files\microsoft shared\ink\tiptsf.dll
0x000000005f0b0000 - 0x000000005f0c6000 	C:\dev\fpga\quartus\bin64\jre64\bin\zip.dll
0x00007ffc443a0000 - 0x00007ffc443b1000 	C:\WINDOWS\System32\kernel.appcore.dll
0x00007ffc37ef0000 - 0x00007ffc37f88000 	C:\WINDOWS\System32\TextInputFramework.dll
0x00007ffc37c00000 - 0x00007ffc37eee000 	C:\WINDOWS\System32\CoreUIComponents.dll
0x00007ffc41c00000 - 0x00007ffc41cdc000 	C:\WINDOWS\System32\CoreMessaging.dll
0x00007ffc47f30000 - 0x00007ffc47fd6000 	C:\WINDOWS\System32\SHCORE.dll
0x00007ffc43490000 - 0x00007ffc434c1000 	C:\WINDOWS\SYSTEM32\ntmarta.dll
0x00007ffc40d40000 - 0x00007ffc40e76000 	C:\WINDOWS\SYSTEM32\wintypes.dll
0x00007ffc42bc0000 - 0x00007ffc42bea000 	C:\WINDOWS\system32\dwmapi.dll
0x00007ffc45be0000 - 0x00007ffc47016000 	C:\WINDOWS\System32\SHELL32.dll
0x00007ffc44d90000 - 0x00007ffc454d7000 	C:\WINDOWS\System32\windows.storage.dll
0x00007ffc454e0000 - 0x00007ffc45531000 	C:\WINDOWS\System32\shlwapi.dll
0x00007ffc443c0000 - 0x00007ffc4440c000 	C:\WINDOWS\System32\powrprof.dll
0x00007ffc44380000 - 0x00007ffc4439b000 	C:\WINDOWS\System32\profapi.dll
0x00007ffc45990000 - 0x00007ffc45a2e000 	C:\WINDOWS\System32\clbcatq.dll
0x00007ffc36cf0000 - 0x00007ffc36ef6000 	C:\Windows\System32\uiautomationcore.dll
0x00007ffc441c0000 - 0x00007ffc4425a000 	C:\WINDOWS\SYSTEM32\sxs.dll
0x00007ffc3a4e0000 - 0x00007ffc3a54e000 	C:\Windows\System32\OLEACC.dll
0x00007ffc39b10000 - 0x00007ffc39b91000 	C:\WINDOWS\SYSTEM32\twinapi.dll
0x00007ffc42d40000 - 0x00007ffc42ebb000 	C:\WINDOWS\SYSTEM32\twinapi.appcore.dll
0x00007ffc42cb0000 - 0x00007ffc42cd0000 	C:\WINDOWS\SYSTEM32\RMCLIENT.dll
0x00007ffc43ec0000 - 0x00007ffc43ee5000 	C:\WINDOWS\SYSTEM32\bcrypt.dll
0x00007ffc45a30000 - 0x00007ffc45b79000 	C:\WINDOWS\System32\ole32.dll
0x000000005ef10000 - 0x000000005f0a6000 	C:\Dev\FPGA\quartus\bin64\jre64\bin\awt.dll
0x00007ffc427d0000 - 0x00007ffc42858000 	C:\WINDOWS\SYSTEM32\apphelp.dll
0x00007ffc43db0000 - 0x00007ffc43dc7000 	C:\WINDOWS\SYSTEM32\CRYPTSP.dll
0x00007ffc437f0000 - 0x00007ffc43823000 	C:\WINDOWS\system32\rsaenh.dll
0x00007ffc44290000 - 0x00007ffc442b9000 	C:\WINDOWS\SYSTEM32\USERENV.dll
0x00007ffc43dd0000 - 0x00007ffc43ddb000 	C:\WINDOWS\SYSTEM32\CRYPTBASE.dll
0x000000005eef0000 - 0x000000005ef0a000 	C:\Dev\FPGA\quartus\bin64\jre64\bin\net.dll
0x00007ffc43bf0000 - 0x00007ffc43c56000 	C:\WINDOWS\system32\mswsock.dll
0x00007ffc43980000 - 0x00007ffc439b9000 	C:\WINDOWS\SYSTEM32\IPHLPAPI.DLL
0x00007ffc47050000 - 0x00007ffc47058000 	C:\WINDOWS\System32\NSI.dll
0x00007ffc3b510000 - 0x00007ffc3b526000 	C:\WINDOWS\SYSTEM32\dhcpcsvc6.DLL
0x00007ffc3b4b0000 - 0x00007ffc3b4ca000 	C:\WINDOWS\SYSTEM32\dhcpcsvc.DLL
0x000000005eed0000 - 0x000000005eee1000 	C:\Dev\FPGA\quartus\bin64\jre64\bin\nio.dll
0x00007ffc2f8f0000 - 0x00007ffc2f8f6000 	C:\Dev\FPGA\quartus\bin64\sld_utiljni.dll
0x00007ffc14320000 - 0x00007ffc1440f000 	C:\Dev\FPGA\quartus\bin64\MSVCR120.dll
0x0000000060630000 - 0x00000000607b7000 	C:\Dev\FPGA\quartus\bin64\tcl86.dll
0x00007ffc2f650000 - 0x00007ffc2f667000 	C:\WINDOWS\SYSTEM32\NETAPI32.dll
0x00007ffc43a80000 - 0x00007ffc43a8e000 	C:\WINDOWS\SYSTEM32\NETUTILS.DLL
0x00007ffc3ea90000 - 0x00007ffc3eaa8000 	C:\WINDOWS\SYSTEM32\SAMCLI.DLL
0x00007ffc3b3c0000 - 0x00007ffc3b3ff000 	C:\WINDOWS\SYSTEM32\LOGONCLI.DLL
0x00007ffc13d30000 - 0x00007ffc13df0000 	C:\Dev\FPGA\quartus\bin64\ccl_sqlite3.dll
0x00007ffc2f8e0000 - 0x00007ffc2f8f0000 	C:\Dev\FPGA\quartus\bin64\ccl_sqlite3_jdbc_jni_bridge.dll
0x00007ffc1d010000 - 0x00007ffc1d1a5000 	C:\WINDOWS\system32\d3d9.dll
0x00007ffbe1420000 - 0x00007ffbe6c0a000 	C:\WINDOWS\System32\DriverStore\FileRepository\atgh4627.inf_amd64_1a9e52b1bbedf409\igdumdim64.dll
0x00007ffc45540000 - 0x00007ffc4598e000 	C:\WINDOWS\System32\SETUPAPI.dll
0x00007ffc335c0000 - 0x00007ffc3471e000 	C:\WINDOWS\System32\DriverStore\FileRepository\atgh4627.inf_amd64_1a9e52b1bbedf409\igc64.dll
0x000000005ee80000 - 0x000000005eec7000 	C:\Dev\FPGA\quartus\bin64\jre64\bin\fontmanager.dll
0x00007ffc3e730000 - 0x00007ffc3e7d6000 	C:\WINDOWS\WinSxS\amd64_microsoft.windows.common-controls_6595b64144ccf1df_5.82.16299.309_none_8875ce284abe80d8\comctl32.dll
0x000000005ee30000 - 0x000000005ee71000 	C:\Dev\FPGA\quartus\bin64\jre64\bin\t2k.dll
0x0000000021ad0000 - 0x0000000021d23000 	C:\Dev\FPGA\quartus\bin64\nlview.dll
0x00007ffc47cb0000 - 0x00007ffc47dba000 	C:\WINDOWS\System32\comdlg32.dll
0x00007ffc3fcd0000 - 0x00007ffc3fd56000 	C:\WINDOWS\SYSTEM32\WINSPOOL.DRV
0x00007ffc362b0000 - 0x00007ffc3645b000 	C:\WINDOWS\SYSTEM32\WindowsCodecs.dll
0x00007ffc3a470000 - 0x00007ffc3a4bf000 	C:\WINDOWS\system32\dataexchange.dll
0x00007ffc42570000 - 0x00007ffc426b2000 	C:\WINDOWS\system32\dcomp.dll
0x00007ffc41910000 - 0x00007ffc41bf2000 	C:\WINDOWS\system32\d3d11.dll
0x00007ffc431c0000 - 0x00007ffc4326f000 	C:\WINDOWS\system32\dxgi.dll
0x00007ffc0b0e0000 - 0x00007ffc0b2ab000 	C:\Dev\FPGA\quartus\bin64\sld_filejni.dll
0x00007ffc2a9a0000 - 0x00007ffc2a9a9000 	C:\Dev\FPGA\quartus\bin64\tcl_jni_bridge.dll
0x00007ffc364c0000 - 0x00007ffc364d9000 	C:\WINDOWS\SYSTEM32\CLDAPI.dll
0x00007ffc364b0000 - 0x00007ffc364ba000 	C:\WINDOWS\SYSTEM32\FLTLIB.DLL
0x00007ffc36460000 - 0x00007ffc364a5000 	C:\WINDOWS\SYSTEM32\AEPIC.dll
0x00007ffc403c0000 - 0x00007ffc40571000 	C:\WINDOWS\system32\propsys.dll
0x00007ffc1cc70000 - 0x00007ffc1cd97000 	C:\WINDOWS\system32\NetworkExplorer.dll
0x00007ffc32520000 - 0x00007ffc32b14000 	C:\Windows\System32\OneCoreUAPCommonProxyStub.dll
0x00007ffc311b0000 - 0x00007ffc3120b000 	C:\Windows\System32\thumbcache.dll
0x00007ffc2b0a0000 - 0x00007ffc2b0bb000 	C:\WINDOWS\SYSTEM32\MPR.dll
0x00007ffc40060000 - 0x00007ffc4006b000 	C:\WINDOWS\System32\drprov.dll
0x00007ffc43500000 - 0x00007ffc43555000 	C:\WINDOWS\System32\WINSTA.dll
0x00007ffc3ff30000 - 0x00007ffc3ff46000 	C:\WINDOWS\System32\ntlanman.dll
0x00007ffc3f970000 - 0x00007ffc3f98c000 	C:\WINDOWS\System32\davclnt.dll
0x00007ffc3fff0000 - 0x00007ffc3fffc000 	C:\WINDOWS\System32\DAVHLPR.dll
0x00007ffc3f510000 - 0x00007ffc3f527000 	C:\WINDOWS\System32\wkscli.dll
0x00007ffc25cf0000 - 0x00007ffc25d02000 	C:\WINDOWS\SYSTEM32\cscapi.dll
0x00007ffc3c4f0000 - 0x00007ffc3c53a000 	C:\Windows\System32\dlnashext.dll
0x00007ffbea9e0000 - 0x00007ffbeaa43000 	C:\Windows\System32\PlayToDevice.dll
0x00007ffc3c6d0000 - 0x00007ffc3c6ef000 	C:\Windows\System32\DevDispItemProvider.dll
0x00007ffc3a7c0000 - 0x00007ffc3a82f000 	C:\WINDOWS\System32\MMDevApi.dll
0x00007ffc44170000 - 0x00007ffc44197000 	C:\WINDOWS\System32\DEVOBJ.dll
0x00007ffbe7d50000 - 0x00007ffbe7f2f000 	C:\WINDOWS\system32\wpdshext.dll
0x00007ffc1a950000 - 0x00007ffc1aaec000 	C:\WINDOWS\WinSxS\amd64_microsoft.windows.gdiplus_6595b64144ccf1df_1.1.16299.309_none_46bac7a9edf0e4df\gdiplus.dll
0x00007ffc3e4d0000 - 0x00007ffc3e570000 	C:\Windows\System32\PortableDeviceApi.dll
0x00007ffc44a40000 - 0x00007ffc44a98000 	C:\WINDOWS\System32\WINTRUST.dll
0x00007ffc44360000 - 0x00007ffc44372000 	C:\WINDOWS\System32\MSASN1.dll
0x00007ffc44770000 - 0x00007ffc4493e000 	C:\WINDOWS\System32\CRYPT32.dll
0x00007ffc30d00000 - 0x00007ffc30d36000 	C:\Windows\System32\EhStorShell.dll
0x00007ffbeb330000 - 0x00007ffbeb355000 	C:\Windows\System32\EhStorAPI.dll
0x00007ffc3efc0000 - 0x00007ffc3efd3000 	C:\Windows\System32\WTSAPI32.dll
0x00007ffc3cdd0000 - 0x00007ffc3cde0000 	C:\WINDOWS\SYSTEM32\LINKINFO.dll
0x00007ffc2b840000 - 0x00007ffc2b84c000 	C:\WINDOWS\SYSTEM32\Secur32.dll
0x00007ffc44260000 - 0x00007ffc44290000 	C:\WINDOWS\SYSTEM32\SSPICLI.DLL
0x00007ffc13660000 - 0x00007ffc137e8000 	C:\Dev\FPGA\quartus\bin64\dbghelp.dll

VM Arguments:
jvm_args: -Xmx1500M -XX:+UseSerialGC 
java_command: com.altera.ipedit.QsysEditorApp --project-dir=C:/Dev/ECE342/Lab6/part2/ --family=Cyclone V --part=5CSEMA5F31C6 --host-controller
java_class_path (initial): C:/dev/fpga/quartus/sopc_builder/model/lib\Nlview.jar;C:/dev/fpga/quartus/sopc_builder/model/lib\QuickServer.jar;C:/dev/fpga/quartus/sopc_builder/model/lib\TableLayout.jar;C:/dev/fpga/quartus/sopc_builder/model/lib\appframework-1.03.jar;C:/dev/fpga/quartus/sopc_builder/model/lib\asm-3.1.jar;C:/dev/fpga/quartus/sopc_builder/model/lib\asm-commons-3.1.jar;C:/dev/fpga/quartus/sopc_builder/model/lib\basicmodel.jar;C:/dev/fpga/quartus/sopc_builder/model/lib\beansbinding-1.2.1.jar;C:/dev/fpga/quartus/sopc_builder/model/lib\binding-2.0.6.jar;C:/dev/fpga/quartus/sopc_builder/model/lib\com.altera.componenteditor2.jar;C:/dev/fpga/quartus/sopc_builder/model/lib\com.altera.embeddedsw.app_lib.jar;C:/dev/fpga/quartus/sopc_builder/model/lib\com.altera.embeddedsw.bsp.editor.jar;C:/dev/fpga/quartus/sopc_builder/model/lib\com.altera.embeddedsw.bsp.elements.jar;C:/dev/fpga/quartus/sopc_builder/model/lib\com.altera.embeddedsw.bsp.jar;C:/dev/fpga/quartus/sopc_builder/model/lib\com.altera.embeddedsw.bsp.plugin.core.jar;C:/dev/fpga/quartus/sopc_builder/model/lib\com.altera.embeddedsw.bsp.plugin.hal.jar;C:/dev/fpga/quartus/sopc_builder/model/lib\com.altera.embeddedsw.bsp.plugin.lwhal.jar;C:/dev/fpga/quartus/sopc_builder/model/lib\com.altera.embeddedsw.bsp.schema.jar;C:/dev/fpga/quartus/sopc_builder/model/lib\com.altera.embeddedsw.bsp.scripting.jar;C:/dev/fpga/quartus/sopc_builder/model/lib\com.altera.embeddedsw.commandline.jar;C:/dev/fpga/quartus/sopc_builder/model/lib\com.altera.embeddedsw.cpexample.jar;C:/dev/fpga/quartus/sopc_builder/model/lib\com.altera.embeddedsw.flash.jar;C:/dev/fpga/quartus/sopc_builder/model/lib\com.altera.embeddedsw.launch.jar;C:/dev/fpga/quartus/sopc_builder/model/lib\com.altera.embeddedsw.swinfo.jar;C:/dev/fpga/quartus/sopc_builder/model/lib\com.altera.embeddedsw.utilities.jar;C:/dev/fpga/quartus/sopc_builder/model/lib\com.altera.entityinterfaces.jar;C:/dev/fpga/quartus/sopc_builder/model/lib\com.altera.genman.jar;C:/dev/fpga/quartus/
Launcher Type: SUN_STANDARD

Environment Variables:
PATH=C:/dev/fpga/quartus/bin64;c:\dev\fpga\quartus\bin64\;C:\Program Files (x86)\Razer Chroma SDK\bin;C:\Program Files\Razer Chroma SDK\bin;C:\Program Files (x86)\NVIDIA Corporation\PhysX\Common;C:\WINDOWS\system32;C:\WINDOWS;C:\WINDOWS\System32\Wbem;C:\WINDOWS\System32\WindowsPowerShell\v1.0\;C:\WINDOWS\system32\config\systemprofile\.dnx\bin;C:\Program Files\Microsoft DNX\Dnvm\;C:\Program Files\Microsoft SQL Server\120\Tools\Binn\;C:\Program Files (x86)\Windows Kits\10\Windows Performance Toolkit\;C:\Program Files (x86)\Windows Kits\8.1\Windows Performance Toolkit\;C:\Program Files (x86)\Windows Live\Shared;C:\WINDOWS\system32\config\systemprofile\AppData\Local\Microsoft\WindowsApps;C:\All Program\Skype\Phone\;C:\WINDOWS\system32;C:\WINDOWS;C:\WINDOWS\System32\Wbem;C:\WINDOWS\System32\WindowsPowerShell\v1.0\;C:\Program Files\Microsoft SQL Server\130\Tools\Binn\;C:\Program Files (x86)\Xoreax\IncrediBuild;C:\Users\Kevin Xu\AppData\Local\Microsoft\WindowsApps;;C:\Dev\FPGA\modelsim_ase\win32aloem
USERNAME=Kevin Xu
OS=Windows_NT
PROCESSOR_IDENTIFIER=Intel64 Family 6 Model 78 Stepping 3, GenuineIntel



---------------  S Y S T E M  ---------------

OS: Windows 8.1 , 64 bit Build 9600 

CPU:total 4 (2 cores per cpu, 2 threads per core) family 6 model 78 stepping 3, cmov, cx8, fxsr, mmx, sse, sse2, sse3, ssse3, sse4.1, sse4.2, popcnt, avx, avx2, aes, clmul, erms, ht, tsc, tscinvbit

Memory: 4k page, physical 16700524k(7873548k free), swap 19190892k(8469140k free)

vm_info: Java HotSpot(TM) 64-Bit Server VM (25.5-b02) for windows-amd64 JRE (1.8.0_05-b13), built on Mar 18 2014 01:08:39 by "java_re" with MS VC++ 10.0 (VS2010)

time: Sun Mar 25 17:06:05 2018
elapsed time: 11 seconds

