#
# A fatal error has been detected by the Java Runtime Environment:
#
#  EXCEPTION_ACCESS_VIOLATION (0xc0000005) at pc=0x000000005f6c6adf, pid=3268, tid=9600
#
# JRE version: Java(TM) SE Runtime Environment (8.0_05-b13) (build 1.8.0_05-b13)
# Java VM: Java HotSpot(TM) 64-Bit Server VM (25.5-b02 mixed mode windows-amd64 compressed oops)
# Problematic frame:
# C  [msvcr100.dll+0x36adf]
#
# Failed to write core dump. Minidumps are not enabled by default on client versions of Windows
#
# If you would like to submit a bug report, please visit:
#   http://bugreport.sun.com/bugreport/crash.jsp
# The crash happened outside the Java Virtual Machine in native code.
# See problematic frame for where to report the bug.
#

---------------  T H R E A D  ---------------

Current thread (0x0000000019f50000):  JavaThread "Swing-Shell" daemon [_thread_in_native, id=9600, stack(0x0000000027f70000,0x0000000028070000)]

siginfo: ExceptionCode=0xc0000005, reading address 0x0000000000000000

Registers:
RAX=0x0000000000000000, RBX=0x000000002806f010, RCX=0x0000000000000000, RDX=0x000000001adf2960
RSP=0x000000002806efb8, RBP=0x000000002806f1a0, RSI=0x000000001adf2960, RDI=0x0000000019f501e0
R8 =0x000000001adf2960, R9 =0x0000000000000000, R10=0x0000000000000000, R11=0x000000002806c1f0
R12=0x0000000000000000, R13=0x000000002806f1c0, R14=0x000000002806f188, R15=0x0000000019f50000
RIP=0x000000005f6c6adf, EFLAGS=0x0000000000010246

Top of Stack: (sp=0x000000002806efb8)
0x000000002806efb8:   000000005ec39c46 0000000000000000
0x000000002806efc8:   0000000019f501e0 000000001adf2960
0x000000002806efd8:   000000001adf2960 0000000019f501e0
0x000000002806efe8:   000000005ec3a5e9 000000001adf2960
0x000000002806eff8:   0000e12384628df2 0000000000000005
0x000000002806f008:   0000000019f50000 0000000000000000
0x000000002806f018:   0000000000000000 000000001ae32900
0x000000002806f028:   00007ffc44e80500 0000000000000000
0x000000002806f038:   0000000000000000 000000002806f0b8
0x000000002806f048:   0000000005127380 0000000000000000
0x000000002806f058:   000000005efcca42 000000002806f3a0
0x000000002806f068:   0000000000000000 00000000a387cbe0
0x000000002806f078:   0000000000000000 0000000000000000
0x000000002806f088:   00000000055970f5 0000000000000058
0x000000002806f098:   000000002806f0f0 00000000a39c9ba8
0x000000002806f0a8:   00000000a39c9c08 0000000100000000 

Instructions: (pc=0x000000005f6c6adf)
0x000000005f6c6abf:   99 03 00 cc 33 c0 48 8b 5c 24 40 48 8b 74 24 48
0x000000005f6c6acf:   48 83 c4 30 5f c3 cc cc cc cc cc cc cc 48 8b c1
0x000000005f6c6adf:   0f b7 10 48 83 c0 02 66 85 d2 75 f4 48 2b c1 48
0x000000005f6c6aef:   d1 f8 48 ff c8 c3 cc cc cc cc cc cc cc 45 33 c0 


Register to memory mapping:

RAX=0x0000000000000000 is an unknown value
RBX=0x000000002806f010 is pointing into the stack for thread: 0x0000000019f50000
RCX=0x0000000000000000 is an unknown value
RDX=0x000000001adf2960 is an unknown value
RSP=0x000000002806efb8 is pointing into the stack for thread: 0x0000000019f50000
RBP=0x000000002806f1a0 is pointing into the stack for thread: 0x0000000019f50000
RSI=0x000000001adf2960 is an unknown value
RDI=0x0000000019f501e0 is an unknown value
R8 =0x000000001adf2960 is an unknown value
R9 =0x0000000000000000 is an unknown value
R10=0x0000000000000000 is an unknown value
R11=0x000000002806c1f0 is pointing into the stack for thread: 0x0000000019f50000
R12=0x0000000000000000 is an unknown value
R13=0x000000002806f1c0 is pointing into the stack for thread: 0x0000000019f50000
R14=0x000000002806f188 is pointing into the stack for thread: 0x0000000019f50000
R15=0x0000000019f50000 is a thread


Stack: [0x0000000027f70000,0x0000000028070000],  sp=0x000000002806efb8,  free space=1019k
Native frames: (J=compiled Java code, j=interpreted, Vv=VM code, C=native code)
C  [msvcr100.dll+0x36adf]

Java frames: (J=compiled Java code, j=interpreted, Vv=VM code)
J 6941  sun.awt.shell.Win32ShellFolder2.getDisplayNameOf(JJI)Ljava/lang/String; (0 bytes) @ 0x0000000006432fc9 [0x0000000006432f80+0x49]
j  sun.awt.shell.Win32ShellFolder2.access$1600(JJI)Ljava/lang/String;+4
j  sun.awt.shell.Win32ShellFolder2$13.call()Ljava/lang/String;+15
j  sun.awt.shell.Win32ShellFolder2$13.call()Ljava/lang/Object;+1
J 6934 C1 java.util.concurrent.FutureTask.run()V (126 bytes) @ 0x000000000640eddc [0x000000000640ed00+0xdc]
j  java.util.concurrent.ThreadPoolExecutor.runWorker(Ljava/util/concurrent/ThreadPoolExecutor$Worker;)V+95
j  java.util.concurrent.ThreadPoolExecutor$Worker.run()V+5
j  sun.awt.shell.Win32ShellFolderManager2$ComInvoker$3.run()V+7
j  java.lang.Thread.run()V+11
v  ~StubRoutines::call_stub

---------------  P R O C E S S  ---------------

Java Threads: ( => current thread )
=>0x0000000019f50000 JavaThread "Swing-Shell" daemon [_thread_in_native, id=9600, stack(0x0000000027f70000,0x0000000028070000)]
  0x0000000019f53000 JavaThread "Image Fetcher 1" daemon [_thread_blocked, id=388, stack(0x0000000027e70000,0x0000000027f70000)]
  0x0000000019f56000 JavaThread "Image Fetcher 0" daemon [_thread_blocked, id=3128, stack(0x0000000027d70000,0x0000000027e70000)]
  0x0000000019f4f000 JavaThread "Thread-12" [_thread_blocked, id=2496, stack(0x0000000027c70000,0x0000000027d70000)]
  0x0000000019f51800 JavaThread "Tcl Isolation Thread" daemon [_thread_blocked, id=6176, stack(0x0000000026e50000,0x0000000026f50000)]
  0x0000000019f55800 JavaThread "D3D Screen Updater" daemon [_thread_blocked, id=1488, stack(0x00000000219a0000,0x0000000021aa0000)]
  0x000000001a50e000 JavaThread "TimerQueue" daemon [_thread_blocked, id=15136, stack(0x000000001f9d0000,0x000000001fad0000)]
  0x000000001a270000 JavaThread "AWT-EventQueue-0" [_thread_blocked, id=15456, stack(0x000000001af40000,0x000000001b040000)]
  0x0000000017916800 JavaThread "AWT-Shutdown" [_thread_blocked, id=9984, stack(0x000000001ae40000,0x000000001af40000)]
  0x0000000017882000 JavaThread "Command Watcher" daemon [_thread_blocked, id=20264, stack(0x0000000019870000,0x0000000019970000)]
  0x0000000017917800 JavaThread "AWT-Windows" daemon [_thread_in_native, id=7668, stack(0x0000000018360000,0x0000000018460000)]
  0x0000000017915800 JavaThread "Java2D Disposer" daemon [_thread_blocked, id=19292, stack(0x0000000018160000,0x0000000018260000)]
  0x0000000015339800 JavaThread "Service Thread" daemon [_thread_blocked, id=19284, stack(0x0000000016f70000,0x0000000017070000)]
  0x00000000152cb800 JavaThread "C1 CompilerThread2" daemon [_thread_blocked, id=7908, stack(0x0000000016e70000,0x0000000016f70000)]
  0x00000000152ca800 JavaThread "C2 CompilerThread1" daemon [_thread_in_native, id=19644, stack(0x0000000016d70000,0x0000000016e70000)]
  0x00000000152c7000 JavaThread "C2 CompilerThread0" daemon [_thread_in_native, id=19692, stack(0x0000000016c70000,0x0000000016d70000)]
  0x00000000152c4800 JavaThread "Attach Listener" daemon [_thread_blocked, id=4488, stack(0x0000000016b70000,0x0000000016c70000)]
  0x00000000152d1800 JavaThread "Signal Dispatcher" daemon [_thread_blocked, id=16420, stack(0x0000000016a70000,0x0000000016b70000)]
  0x0000000015287000 JavaThread "Finalizer" daemon [_thread_blocked, id=13656, stack(0x0000000016470000,0x0000000016570000)]
  0x000000001527f800 JavaThread "Reference Handler" daemon [_thread_blocked, id=14204, stack(0x0000000016370000,0x0000000016470000)]
  0x0000000004b45800 JavaThread "main" [_thread_blocked, id=5436, stack(0x0000000004ef0000,0x0000000004ff0000)]

Other Threads:
  0x0000000015279800 VMThread [stack: 0x0000000016170000,0x0000000016270000] [id=1000]
  0x000000001534e000 WatcherThread [stack: 0x0000000017070000,0x0000000017170000] [id=17964]

VM state:not at safepoint (normal execution)

VM Mutex/Monitor currently owned by a thread: None

Heap:
 def new generation   total 117504K, used 30758K [0x00000000a2400000, 0x00000000aa370000, 0x00000000c1800000)
  eden space 104512K,  21% used [0x00000000a2400000, 0x00000000a3a56000, 0x00000000a8a10000)
  from space 12992K,  60% used [0x00000000a8a10000, 0x00000000a91c3bc0, 0x00000000a96c0000)
  to   space 12992K,   0% used [0x00000000a96c0000, 0x00000000a96c0000, 0x00000000aa370000)
 tenured generation   total 260864K, used 35834K [0x00000000c1800000, 0x00000000d16c0000, 0x0000000100000000)
   the space 260864K,  13% used [0x00000000c1800000, 0x00000000c3afe9c8, 0x00000000c3afea00, 0x00000000d16c0000)
 Metaspace       used 42722K, capacity 43300K, committed 43520K, reserved 1087488K
  class space    used 6229K, capacity 6348K, committed 6400K, reserved 1048576K

Card table byte_map: [0x00000000144e0000,0x00000000147d0000] byte_map_base: 0x0000000013fce000

Polling page: 0x0000000002d50000

CodeCache: size=245760Kb used=19505Kb max_used=19505Kb free=226254Kb
 bounds [0x0000000005120000, 0x0000000006450000, 0x0000000014120000]
 total_blobs=7138 nmethods=6492 adapters=556
 compilation: enabled

Compilation events (10 events):
Event: 12.311 Thread 0x00000000152cb800 6960       2       java.lang.String::toLowerCase (431 bytes)
Event: 12.312 Thread 0x00000000152cb800 nmethod 6960 0x000000000643da10 code [0x000000000643dc80, 0x000000000643e7f8]
Event: 12.341 Thread 0x00000000152cb800 6961       2       javax.swing.plaf.basic.BasicProgressBarUI::sizeChanged (62 bytes)
Event: 12.342 Thread 0x00000000152cb800 nmethod 6961 0x000000000643f350 code [0x000000000643f4e0, 0x000000000643f748]
Event: 12.342 Thread 0x00000000152cb800 6963       2       java.awt.Rectangle::setRect (135 bytes)
Event: 12.342 Thread 0x00000000152cb800 nmethod 6963 0x000000000643f8d0 code [0x000000000643fa80, 0x000000000643fdb8]
Event: 12.342 Thread 0x00000000152cb800 6962       2       java.awt.geom.Rectangle2D::setRect (21 bytes)
Event: 12.343 Thread 0x00000000152cb800 nmethod 6962 0x000000000643ff10 code [0x00000000064400a0, 0x0000000006440308]
Event: 12.350 Thread 0x00000000152cb800 6964       2       sun.font.Font2D::getStrike (177 bytes)
Event: 12.351 Thread 0x00000000152cb800 nmethod 6964 0x0000000006440450 code [0x0000000006440680, 0x0000000006440f28]

GC Heap History (10 events):
Event: 9.264 GC heap before
{Heap before GC invocations=146 (full 2):
 def new generation   total 117504K, used 113170K [0x00000000a2400000, 0x00000000aa370000, 0x00000000c1800000)
  eden space 104512K, 100% used [0x00000000a2400000, 0x00000000a8a10000, 0x00000000a8a10000)
  from space 12992K,  66% used [0x00000000a96c0000, 0x00000000a9f34958, 0x00000000aa370000)
  to   space 12992K,   0% used [0x00000000a8a10000, 0x00000000a8a10000, 0x00000000a96c0000)
 tenured generation   total 260864K, used 35396K [0x00000000c1800000, 0x00000000d16c0000, 0x0000000100000000)
   the space 260864K,  13% used [0x00000000c1800000, 0x00000000c3a91268, 0x00000000c3a91400, 0x00000000d16c0000)
 Metaspace       used 38006K, capacity 38484K, committed 38784K, reserved 1083392K
  class space    used 5535K, capacity 5655K, committed 5760K, reserved 1048576K
Event: 9.285 GC heap after
Heap after GC invocations=147 (full 2):
 def new generation   total 117504K, used 8611K [0x00000000a2400000, 0x00000000aa370000, 0x00000000c1800000)
  eden space 104512K,   0% used [0x00000000a2400000, 0x00000000a2400000, 0x00000000a8a10000)
  from space 12992K,  66% used [0x00000000a8a10000, 0x00000000a9278cb0, 0x00000000a96c0000)
  to   space 12992K,   0% used [0x00000000a96c0000, 0x00000000a96c0000, 0x00000000aa370000)
 tenured generation   total 260864K, used 35626K [0x00000000c1800000, 0x00000000d16c0000, 0x0000000100000000)
   the space 260864K,  13% used [0x00000000c1800000, 0x00000000c3aca948, 0x00000000c3acaa00, 0x00000000d16c0000)
 Metaspace       used 38006K, capacity 38484K, committed 38784K, reserved 1083392K
  class space    used 5535K, capacity 5655K, committed 5760K, reserved 1048576K
}
Event: 9.664 GC heap before
{Heap before GC invocations=147 (full 2):
 def new generation   total 117504K, used 113123K [0x00000000a2400000, 0x00000000aa370000, 0x00000000c1800000)
  eden space 104512K, 100% used [0x00000000a2400000, 0x00000000a8a10000, 0x00000000a8a10000)
  from space 12992K,  66% used [0x00000000a8a10000, 0x00000000a9278cb0, 0x00000000a96c0000)
  to   space 12992K,   0% used [0x00000000a96c0000, 0x00000000a96c0000, 0x00000000aa370000)
 tenured generation   total 260864K, used 35626K [0x00000000c1800000, 0x00000000d16c0000, 0x0000000100000000)
   the space 260864K,  13% used [0x00000000c1800000, 0x00000000c3aca948, 0x00000000c3acaa00, 0x00000000d16c0000)
 Metaspace       used 38706K, capacity 39186K, committed 39296K, reserved 1083392K
  class space    used 5647K, capacity 5756K, committed 5760K, reserved 1048576K
Event: 9.671 GC heap after
Heap after GC invocations=148 (full 2):
 def new generation   total 117504K, used 1678K [0x00000000a2400000, 0x00000000aa370000, 0x00000000c1800000)
  eden space 104512K,   0% used [0x00000000a2400000, 0x00000000a2400000, 0x00000000a8a10000)
  from space 12992K,  12% used [0x00000000a96c0000, 0x00000000a9863968, 0x00000000aa370000)
  to   space 12992K,   0% used [0x00000000a8a10000, 0x00000000a8a10000, 0x00000000a96c0000)
 tenured generation   total 260864K, used 35834K [0x00000000c1800000, 0x00000000d16c0000, 0x0000000100000000)
   the space 260864K,  13% used [0x00000000c1800000, 0x00000000c3afe9c8, 0x00000000c3afea00, 0x00000000d16c0000)
 Metaspace       used 38706K, capacity 39186K, committed 39296K, reserved 1083392K
  class space    used 5647K, capacity 5756K, committed 5760K, reserved 1048576K
}
Event: 9.984 GC heap before
{Heap before GC invocations=148 (full 2):
 def new generation   total 117504K, used 106190K [0x00000000a2400000, 0x00000000aa370000, 0x00000000c1800000)
  eden space 104512K, 100% used [0x00000000a2400000, 0x00000000a8a10000, 0x00000000a8a10000)
  from space 12992K,  12% used [0x00000000a96c0000, 0x00000000a9863968, 0x00000000aa370000)
  to   space 12992K,   0% used [0x00000000a8a10000, 0x00000000a8a10000, 0x00000000a96c0000)
 tenured generation   total 260864K, used 35834K [0x00000000c1800000, 0x00000000d16c0000, 0x0000000100000000)
   the space 260864K,  13% used [0x00000000c1800000, 0x00000000c3afe9c8, 0x00000000c3afea00, 0x00000000d16c0000)
 Metaspace       used 38930K, capacity 39416K, committed 39680K, reserved 1083392K
  class space    used 5685K, capacity 5789K, committed 5888K, reserved 1048576K
Event: 9.988 GC heap after
Heap after GC invocations=149 (full 2):
 def new generation   total 117504K, used 1320K [0x00000000a2400000, 0x00000000aa370000, 0x00000000c1800000)
  eden space 104512K,   0% used [0x00000000a2400000, 0x00000000a2400000, 0x00000000a8a10000)
  from space 12992K,  10% used [0x00000000a8a10000, 0x00000000a8b5a338, 0x00000000a96c0000)
  to   space 12992K,   0% used [0x00000000a96c0000, 0x00000000a96c0000, 0x00000000aa370000)
 tenured generation   total 260864K, used 35834K [0x00000000c1800000, 0x00000000d16c0000, 0x0000000100000000)
   the space 260864K,  13% used [0x00000000c1800000, 0x00000000c3afe9c8, 0x00000000c3afea00, 0x00000000d16c0000)
 Metaspace       used 38930K, capacity 39416K, committed 39680K, reserved 1083392K
  class space    used 5685K, capacity 5789K, committed 5888K, reserved 1048576K
}
Event: 10.671 GC heap before
{Heap before GC invocations=149 (full 2):
 def new generation   total 117504K, used 105832K [0x00000000a2400000, 0x00000000aa370000, 0x00000000c1800000)
  eden space 104512K, 100% used [0x00000000a2400000, 0x00000000a8a10000, 0x00000000a8a10000)
  from space 12992K,  10% used [0x00000000a8a10000, 0x00000000a8b5a338, 0x00000000a96c0000)
  to   space 12992K,   0% used [0x00000000a96c0000, 0x00000000a96c0000, 0x00000000aa370000)
 tenured generation   total 260864K, used 35834K [0x00000000c1800000, 0x00000000d16c0000, 0x0000000100000000)
   the space 260864K,  13% used [0x00000000c1800000, 0x00000000c3afe9c8, 0x00000000c3afea00, 0x00000000d16c0000)
 Metaspace       used 41557K, capacity 42108K, committed 42368K, reserved 1085440K
  class space    used 6040K, capacity 6150K, committed 6272K, reserved 1048576K
Event: 10.678 GC heap after
Heap after GC invocations=150 (full 2):
 def new generation   total 117504K, used 3946K [0x00000000a2400000, 0x00000000aa370000, 0x00000000c1800000)
  eden space 104512K,   0% used [0x00000000a2400000, 0x00000000a2400000, 0x00000000a8a10000)
  from space 12992K,  30% used [0x00000000a96c0000, 0x00000000a9a9a830, 0x00000000aa370000)
  to   space 12992K,   0% used [0x00000000a8a10000, 0x00000000a8a10000, 0x00000000a96c0000)
 tenured generation   total 260864K, used 35834K [0x00000000c1800000, 0x00000000d16c0000, 0x0000000100000000)
   the space 260864K,  13% used [0x00000000c1800000, 0x00000000c3afe9c8, 0x00000000c3afea00, 0x00000000d16c0000)
 Metaspace       used 41557K, capacity 42108K, committed 42368K, reserved 1085440K
  class space    used 6040K, capacity 6150K, committed 6272K, reserved 1048576K
}
Event: 11.628 GC heap before
{Heap before GC invocations=150 (full 2):
 def new generation   total 117504K, used 108458K [0x00000000a2400000, 0x00000000aa370000, 0x00000000c1800000)
  eden space 104512K, 100% used [0x00000000a2400000, 0x00000000a8a10000, 0x00000000a8a10000)
  from space 12992K,  30% used [0x00000000a96c0000, 0x00000000a9a9a830, 0x00000000aa370000)
  to   space 12992K,   0% used [0x00000000a8a10000, 0x00000000a8a10000, 0x00000000a96c0000)
 tenured generation   total 260864K, used 35834K [0x00000000c1800000, 0x00000000d16c0000, 0x0000000100000000)
   the space 260864K,  13% used [0x00000000c1800000, 0x00000000c3afe9c8, 0x00000000c3afea00, 0x00000000d16c0000)
 Metaspace       used 42102K, capacity 42650K, committed 42880K, reserved 1085440K
  class space    used 6112K, capacity 6219K, committed 6272K, reserved 1048576K
Event: 11.643 GC heap after
Heap after GC invocations=151 (full 2):
 def new generation   total 117504K, used 7886K [0x00000000a2400000, 0x00000000aa370000, 0x00000000c1800000)
  eden space 104512K,   0% used [0x00000000a2400000, 0x00000000a2400000, 0x00000000a8a10000)
  from space 12992K,  60% used [0x00000000a8a10000, 0x00000000a91c3bc0, 0x00000000a96c0000)
  to   space 12992K,   0% used [0x00000000a96c0000, 0x00000000a96c0000, 0x00000000aa370000)
 tenured generation   total 260864K, used 35834K [0x00000000c1800000, 0x00000000d16c0000, 0x0000000100000000)
   the space 260864K,  13% used [0x00000000c1800000, 0x00000000c3afe9c8, 0x00000000c3afea00, 0x00000000d16c0000)
 Metaspace       used 42102K, capacity 42650K, committed 42880K, reserved 1085440K
  class space    used 6112K, capacity 6219K, committed 6272K, reserved 1048576K
}

Deoptimization events (10 events):
Event: 10.297 Thread 0x0000000019f53000 Uncommon trap: reason=bimorphic action=maybe_recompile pc=0x0000000005e1ec20 method=java.util.TreeMap.put(Ljava/lang/Object;Ljava/lang/Object;)Ljava/lang/Object; @ 68
Event: 10.297 Thread 0x0000000019f53000 Uncommon trap: reason=bimorphic action=maybe_recompile pc=0x0000000005e1ec20 method=java.util.TreeMap.put(Ljava/lang/Object;Ljava/lang/Object;)Ljava/lang/Object; @ 68
Event: 10.297 Thread 0x0000000019f53000 Uncommon trap: reason=bimorphic action=maybe_recompile pc=0x0000000005e1ec20 method=java.util.TreeMap.put(Ljava/lang/Object;Ljava/lang/Object;)Ljava/lang/Object; @ 68
Event: 10.304 Thread 0x0000000019f53000 Uncommon trap: reason=bimorphic action=maybe_recompile pc=0x0000000005e1ec20 method=java.util.TreeMap.put(Ljava/lang/Object;Ljava/lang/Object;)Ljava/lang/Object; @ 68
Event: 10.955 Thread 0x0000000019f53000 Uncommon trap: reason=unreached action=reinterpret pc=0x0000000005d62054 method=com.altera.utilities.altNode.AltNode.getChildCount()I @ 4
Event: 11.208 Thread 0x0000000019f53000 Uncommon trap: reason=predicate action=maybe_recompile pc=0x0000000005dc8104 method=java.util.concurrent.CopyOnWriteArrayList.indexOf(Ljava/lang/Object;[Ljava/lang/Object;II)I @ 41
Event: 11.415 Thread 0x0000000019f53000 Uncommon trap: reason=class_check action=maybe_recompile pc=0x00000000058469d8 method=com.altera.ui.ientity.elementeditor.ParameterComponentFactory2$14.getListCellRendererComponent(Ljavax/swing/JList;Ljava/lang/Object;IZZ)Ljava/awt/Component; @ 4
Event: 11.415 Thread 0x0000000019f53000 Uncommon trap: reason=class_check action=maybe_recompile pc=0x00000000058469d8 method=com.altera.ui.ientity.elementeditor.ParameterComponentFactory2$14.getListCellRendererComponent(Ljavax/swing/JList;Ljava/lang/Object;IZZ)Ljava/awt/Component; @ 4
Event: 11.416 Thread 0x0000000019f53000 Uncommon trap: reason=unreached action=reinterpret pc=0x00000000059a154c method=java.awt.EventQueue.isDispatchThreadImpl()Z @ 65
Event: 12.105 Thread 0x0000000019f4f000 Uncommon trap: reason=unloaded action=reinterpret pc=0x00000000055774b8 method=java.lang.CharacterData.of(I)Ljava/lang/CharacterData; @ 96

Internal exceptions (10 events):
Event: 11.762 Thread 0x000000001a270000 Exception <a 'java/security/PrivilegedActionException'> (0x00000000a357ef10) thrown at [D:\re\workspace\8-2-build-windows-amd64-cygwin\jdk8u5\2488\hotspot\src\share\vm\prims\jvm.cpp, line 1248]
Event: 11.763 Thread 0x000000001a270000 Exception <a 'java/security/PrivilegedActionException'> (0x00000000a358da38) thrown at [D:\re\workspace\8-2-build-windows-amd64-cygwin\jdk8u5\2488\hotspot\src\share\vm\prims\jvm.cpp, line 1248]
Event: 11.763 Thread 0x000000001a270000 Exception <a 'java/security/PrivilegedActionException'> (0x00000000a359c7f0) thrown at [D:\re\workspace\8-2-build-windows-amd64-cygwin\jdk8u5\2488\hotspot\src\share\vm\prims\jvm.cpp, line 1248]
Event: 11.763 Thread 0x000000001a270000 Exception <a 'java/security/PrivilegedActionException'> (0x00000000a35ac570) thrown at [D:\re\workspace\8-2-build-windows-amd64-cygwin\jdk8u5\2488\hotspot\src\share\vm\prims\jvm.cpp, line 1248]
Event: 11.781 Thread 0x000000001a270000 Exception <a 'java/security/PrivilegedActionException'> (0x00000000a35cdfe0) thrown at [D:\re\workspace\8-2-build-windows-amd64-cygwin\jdk8u5\2488\hotspot\src\share\vm\prims\jvm.cpp, line 1248]
Event: 11.781 Thread 0x000000001a270000 Exception <a 'java/security/PrivilegedActionException'> (0x00000000a35db348) thrown at [D:\re\workspace\8-2-build-windows-amd64-cygwin\jdk8u5\2488\hotspot\src\share\vm\prims\jvm.cpp, line 1248]
Event: 11.782 Thread 0x000000001a270000 Exception <a 'java/security/PrivilegedActionException'> (0x00000000a35eaed0) thrown at [D:\re\workspace\8-2-build-windows-amd64-cygwin\jdk8u5\2488\hotspot\src\share\vm\prims\jvm.cpp, line 1248]
Event: 11.782 Thread 0x000000001a270000 Exception <a 'java/security/PrivilegedActionException'> (0x00000000a35f9480) thrown at [D:\re\workspace\8-2-build-windows-amd64-cygwin\jdk8u5\2488\hotspot\src\share\vm\prims\jvm.cpp, line 1248]
Event: 11.785 Thread 0x000000001a270000 Exception <a 'java/security/PrivilegedActionException'> (0x00000000a3617308) thrown at [D:\re\workspace\8-2-build-windows-amd64-cygwin\jdk8u5\2488\hotspot\src\share\vm\prims\jvm.cpp, line 1248]
Event: 11.795 Thread 0x000000001a270000 Exception <a 'java/security/PrivilegedActionException'> (0x00000000a36621d8) thrown at [D:\re\workspace\8-2-build-windows-amd64-cygwin\jdk8u5\2488\hotspot\src\share\vm\prims\jvm.cpp, line 1248]

Events (10 events):
Event: 12.106 Executing VM operation: Deoptimize
Event: 12.107 Executing VM operation: Deoptimize done
Event: 12.107 Thread 0x0000000019f4f000 DEOPT PACKING pc=0x00000000055774b8 sp=0x0000000027d6dbf0
Event: 12.107 Thread 0x0000000019f4f000 DEOPT UNPACKING pc=0x00000000051655af sp=0x0000000027d6da70 mode 2
Event: 12.253 loading class sun/awt/shell/Win32ShellFolder2$18
Event: 12.253 loading class sun/awt/shell/Win32ShellFolder2$18 done
Event: 12.253 loading class sun/awt/shell/Win32ShellFolder2$ColumnComparator$1
Event: 12.253 loading class sun/awt/shell/Win32ShellFolder2$ColumnComparator$1 done
Event: 12.254 loading class sun/awt/shell/Win32ShellFolder2$11
Event: 12.255 loading class sun/awt/shell/Win32ShellFolder2$11 done


Dynamic libraries:
0x00007ff72efd0000 - 0x00007ff72f004000 	C:\dev\fpga\quartus\bin64\jre64\bin\java.exe
0x00007ffc48010000 - 0x00007ffc481f0000 	C:\WINDOWS\SYSTEM32\ntdll.dll
0x00007ffc47770000 - 0x00007ffc4781e000 	C:\WINDOWS\System32\KERNEL32.DLL
0x00007ffc44b20000 - 0x00007ffc44d86000 	C:\WINDOWS\System32\KERNELBASE.dll
0x00007ffc47e80000 - 0x00007ffc47f21000 	C:\WINDOWS\System32\ADVAPI32.dll
0x00007ffc473b0000 - 0x00007ffc4744d000 	C:\WINDOWS\System32\msvcrt.dll
0x00007ffc47e20000 - 0x00007ffc47e7b000 	C:\WINDOWS\System32\sechost.dll
0x00007ffc470f0000 - 0x00007ffc4720f000 	C:\WINDOWS\System32\RPCRT4.dll
0x00007ffc47820000 - 0x00007ffc479af000 	C:\WINDOWS\System32\USER32.dll
0x00007ffc44750000 - 0x00007ffc44770000 	C:\WINDOWS\System32\win32u.dll
0x00007ffc47c70000 - 0x00007ffc47c98000 	C:\WINDOWS\System32\GDI32.dll
0x00007ffc44560000 - 0x00007ffc446f3000 	C:\WINDOWS\System32\gdi32full.dll
0x00007ffc444c0000 - 0x00007ffc4455b000 	C:\WINDOWS\System32\msvcp_win.dll
0x00007ffc44940000 - 0x00007ffc44a36000 	C:\WINDOWS\System32\ucrtbase.dll
0x00007ffc2e960000 - 0x00007ffc2ebc9000 	C:\WINDOWS\WinSxS\amd64_microsoft.windows.common-controls_6595b64144ccf1df_6.0.16299.309_none_15cfd4c4935e6b11\COMCTL32.dll
0x00007ffc47460000 - 0x00007ffc47768000 	C:\WINDOWS\System32\combase.dll
0x00007ffc44aa0000 - 0x00007ffc44b12000 	C:\WINDOWS\System32\bcryptPrimitives.dll
0x00007ffc47020000 - 0x00007ffc4704d000 	C:\WINDOWS\System32\IMM32.DLL
0x000000005f690000 - 0x000000005f762000 	C:\dev\fpga\quartus\bin64\jre64\bin\msvcr100.dll
0x000000005ee60000 - 0x000000005f68a000 	C:\dev\fpga\quartus\bin64\jre64\bin\server\jvm.dll
0x00007ffc47ca0000 - 0x00007ffc47ca8000 	C:\WINDOWS\System32\PSAPI.DLL
0x00007ffc38ae0000 - 0x00007ffc38b03000 	C:\WINDOWS\SYSTEM32\WINMM.dll
0x00007ffc2cfb0000 - 0x00007ffc2cfb9000 	C:\WINDOWS\SYSTEM32\WSOCK32.dll
0x00007ffc47060000 - 0x00007ffc470cc000 	C:\WINDOWS\System32\WS2_32.dll
0x00007ffc38a80000 - 0x00007ffc38aaa000 	C:\WINDOWS\SYSTEM32\winmmbase.dll
0x00007ffc44700000 - 0x00007ffc4474a000 	C:\WINDOWS\System32\cfgmgr32.dll
0x000000005ee20000 - 0x000000005ee5f000 	C:\dev\fpga\quartus\bin64\jre64\bin\splashscreen.dll
0x00007ffc42950000 - 0x00007ffc429e5000 	C:\WINDOWS\system32\uxtheme.dll
0x000000005ee10000 - 0x000000005ee1f000 	C:\dev\fpga\quartus\bin64\jre64\bin\verify.dll
0x000000005ed90000 - 0x000000005edb8000 	C:\dev\fpga\quartus\bin64\jre64\bin\java.dll
0x00007ffc47b00000 - 0x00007ffc47c67000 	C:\WINDOWS\System32\MSCTF.dll
0x00007ffc47a30000 - 0x00007ffc47af5000 	C:\WINDOWS\System32\OLEAUT32.dll
0x00007ffc20bb0000 - 0x00007ffc20c59000 	C:\Program Files\Common Files\microsoft shared\ink\tiptsf.dll
0x000000005ed70000 - 0x000000005ed86000 	C:\dev\fpga\quartus\bin64\jre64\bin\zip.dll
0x00007ffc443a0000 - 0x00007ffc443b1000 	C:\WINDOWS\System32\kernel.appcore.dll
0x00007ffc37ef0000 - 0x00007ffc37f88000 	C:\WINDOWS\System32\TextInputFramework.dll
0x00007ffc37c00000 - 0x00007ffc37eee000 	C:\WINDOWS\System32\CoreUIComponents.dll
0x00007ffc41c00000 - 0x00007ffc41cdc000 	C:\WINDOWS\System32\CoreMessaging.dll
0x00007ffc47f30000 - 0x00007ffc47fd6000 	C:\WINDOWS\System32\SHCORE.dll
0x00007ffc43490000 - 0x00007ffc434c1000 	C:\WINDOWS\SYSTEM32\ntmarta.dll
0x00007ffc40d40000 - 0x00007ffc40e76000 	C:\WINDOWS\SYSTEM32\wintypes.dll
0x00007ffc42bc0000 - 0x00007ffc42bea000 	C:\WINDOWS\system32\dwmapi.dll
0x00007ffc45990000 - 0x00007ffc45a2e000 	C:\WINDOWS\System32\clbcatq.dll
0x00007ffc39990000 - 0x00007ffc39b96000 	C:\Windows\System32\uiautomationcore.dll
0x00007ffc45be0000 - 0x00007ffc47016000 	C:\WINDOWS\System32\SHELL32.dll
0x00007ffc44d90000 - 0x00007ffc454d7000 	C:\WINDOWS\System32\windows.storage.dll
0x00007ffc454e0000 - 0x00007ffc45531000 	C:\WINDOWS\System32\shlwapi.dll
0x00007ffc443c0000 - 0x00007ffc4440c000 	C:\WINDOWS\System32\powrprof.dll
0x00007ffc44380000 - 0x00007ffc4439b000 	C:\WINDOWS\System32\profapi.dll
0x00007ffc441c0000 - 0x00007ffc4425a000 	C:\WINDOWS\SYSTEM32\sxs.dll
0x00007ffc3a4e0000 - 0x00007ffc3a54e000 	C:\Windows\System32\OLEACC.dll
0x00007ffc3cc50000 - 0x00007ffc3ccd1000 	C:\WINDOWS\SYSTEM32\twinapi.dll
0x00007ffc42d40000 - 0x00007ffc42ebb000 	C:\WINDOWS\SYSTEM32\twinapi.appcore.dll
0x00007ffc43ec0000 - 0x00007ffc43ee5000 	C:\WINDOWS\SYSTEM32\bcrypt.dll
0x00007ffc42cb0000 - 0x00007ffc42cd0000 	C:\WINDOWS\SYSTEM32\RMCLIENT.dll
0x00007ffc45a30000 - 0x00007ffc45b79000 	C:\WINDOWS\System32\ole32.dll
0x000000005ebd0000 - 0x000000005ed66000 	C:\Dev\FPGA\quartus\bin64\jre64\bin\awt.dll
0x00007ffc427d0000 - 0x00007ffc42858000 	C:\WINDOWS\SYSTEM32\apphelp.dll
0x00007ffc43db0000 - 0x00007ffc43dc7000 	C:\WINDOWS\SYSTEM32\CRYPTSP.dll
0x00007ffc437f0000 - 0x00007ffc43823000 	C:\WINDOWS\system32\rsaenh.dll
0x00007ffc44290000 - 0x00007ffc442b9000 	C:\WINDOWS\SYSTEM32\USERENV.dll
0x00007ffc43dd0000 - 0x00007ffc43ddb000 	C:\WINDOWS\SYSTEM32\CRYPTBASE.dll
0x000000005ebb0000 - 0x000000005ebca000 	C:\Dev\FPGA\quartus\bin64\jre64\bin\net.dll
0x00007ffc43bf0000 - 0x00007ffc43c56000 	C:\WINDOWS\system32\mswsock.dll
0x00007ffc43980000 - 0x00007ffc439b9000 	C:\WINDOWS\SYSTEM32\IPHLPAPI.DLL
0x00007ffc47050000 - 0x00007ffc47058000 	C:\WINDOWS\System32\NSI.dll
0x00007ffc3b510000 - 0x00007ffc3b526000 	C:\WINDOWS\SYSTEM32\dhcpcsvc6.DLL
0x00007ffc3b4b0000 - 0x00007ffc3b4ca000 	C:\WINDOWS\SYSTEM32\dhcpcsvc.DLL
0x000000005eb90000 - 0x000000005eba1000 	C:\Dev\FPGA\quartus\bin64\jre64\bin\nio.dll
0x00007ffc3fd70000 - 0x00007ffc3fd76000 	C:\Dev\FPGA\quartus\bin64\sld_utiljni.dll
0x00007ffc14320000 - 0x00007ffc1440f000 	C:\Dev\FPGA\quartus\bin64\MSVCR120.dll
0x0000000060630000 - 0x00000000607b7000 	C:\Dev\FPGA\quartus\bin64\tcl86.dll
0x00007ffc2f650000 - 0x00007ffc2f667000 	C:\WINDOWS\SYSTEM32\NETAPI32.dll
0x00007ffc43a80000 - 0x00007ffc43a8e000 	C:\WINDOWS\SYSTEM32\NETUTILS.DLL
0x00007ffc3ea90000 - 0x00007ffc3eaa8000 	C:\WINDOWS\SYSTEM32\SAMCLI.DLL
0x00007ffc3b3c0000 - 0x00007ffc3b3ff000 	C:\WINDOWS\SYSTEM32\LOGONCLI.DLL
0x00007ffc13d30000 - 0x00007ffc13df0000 	C:\Dev\FPGA\quartus\bin64\ccl_sqlite3.dll
0x00007ffc3fd60000 - 0x00007ffc3fd70000 	C:\Dev\FPGA\quartus\bin64\ccl_sqlite3_jdbc_jni_bridge.dll
0x00007ffc2c930000 - 0x00007ffc2cac5000 	C:\WINDOWS\system32\d3d9.dll
0x00007ffbeafa0000 - 0x00007ffbf078a000 	C:\WINDOWS\System32\DriverStore\FileRepository\atgh4627.inf_amd64_1a9e52b1bbedf409\igdumdim64.dll
0x00007ffc45540000 - 0x00007ffc4598e000 	C:\WINDOWS\System32\SETUPAPI.dll
0x00007ffc335c0000 - 0x00007ffc3471e000 	C:\WINDOWS\System32\DriverStore\FileRepository\atgh4627.inf_amd64_1a9e52b1bbedf409\igc64.dll
0x000000005eb40000 - 0x000000005eb87000 	C:\Dev\FPGA\quartus\bin64\jre64\bin\fontmanager.dll
0x00007ffc3e730000 - 0x00007ffc3e7d6000 	C:\WINDOWS\WinSxS\amd64_microsoft.windows.common-controls_6595b64144ccf1df_5.82.16299.309_none_8875ce284abe80d8\comctl32.dll
0x000000005eaf0000 - 0x000000005eb31000 	C:\Dev\FPGA\quartus\bin64\jre64\bin\t2k.dll
0x0000000022f30000 - 0x0000000023183000 	C:\Dev\FPGA\quartus\bin64\nlview.dll
0x00007ffc47cb0000 - 0x00007ffc47dba000 	C:\WINDOWS\System32\comdlg32.dll
0x00007ffc3fcd0000 - 0x00007ffc3fd56000 	C:\WINDOWS\SYSTEM32\WINSPOOL.DRV
0x00007ffc362b0000 - 0x00007ffc3645b000 	C:\WINDOWS\SYSTEM32\WindowsCodecs.dll
0x00007ffc3d870000 - 0x00007ffc3d8bf000 	C:\WINDOWS\system32\dataexchange.dll
0x00007ffc42570000 - 0x00007ffc426b2000 	C:\WINDOWS\system32\dcomp.dll
0x00007ffc41910000 - 0x00007ffc41bf2000 	C:\WINDOWS\system32\d3d11.dll
0x00007ffc431c0000 - 0x00007ffc4326f000 	C:\WINDOWS\system32\dxgi.dll
0x00007ffc26ab0000 - 0x00007ffc26c7b000 	C:\Dev\FPGA\quartus\bin64\sld_filejni.dll
0x00007ffc3e8d0000 - 0x00007ffc3e8d9000 	C:\Dev\FPGA\quartus\bin64\tcl_jni_bridge.dll
0x00007ffc364c0000 - 0x00007ffc364d9000 	C:\WINDOWS\SYSTEM32\CLDAPI.dll
0x00007ffc364b0000 - 0x00007ffc364ba000 	C:\WINDOWS\SYSTEM32\FLTLIB.DLL
0x00007ffc36460000 - 0x00007ffc364a5000 	C:\WINDOWS\SYSTEM32\AEPIC.dll
0x00007ffc403c0000 - 0x00007ffc40571000 	C:\WINDOWS\system32\propsys.dll
0x00007ffc10670000 - 0x00007ffc10797000 	C:\WINDOWS\system32\NetworkExplorer.dll
0x00007ffc32520000 - 0x00007ffc32b14000 	C:\Windows\System32\OneCoreUAPCommonProxyStub.dll
0x00007ffc32b20000 - 0x00007ffc32b7b000 	C:\Windows\System32\thumbcache.dll
0x00007ffc412c0000 - 0x00007ffc4133a000 	C:\WINDOWS\SYSTEM32\policymanager.dll
0x00007ffc41230000 - 0x00007ffc412c0000 	C:\WINDOWS\SYSTEM32\msvcp110_win.dll
0x00007ffc2b0a0000 - 0x00007ffc2b0bb000 	C:\WINDOWS\SYSTEM32\MPR.dll
0x00007ffc3ffc0000 - 0x00007ffc3ffcb000 	C:\WINDOWS\System32\drprov.dll
0x00007ffc43500000 - 0x00007ffc43555000 	C:\WINDOWS\System32\WINSTA.dll
0x00007ffc3fec0000 - 0x00007ffc3fed6000 	C:\WINDOWS\System32\ntlanman.dll
0x00007ffc3f970000 - 0x00007ffc3f98c000 	C:\WINDOWS\System32\davclnt.dll
0x00007ffc3ff80000 - 0x00007ffc3ff8c000 	C:\WINDOWS\System32\DAVHLPR.dll
0x00007ffc3f510000 - 0x00007ffc3f527000 	C:\WINDOWS\System32\wkscli.dll
0x00007ffc25cf0000 - 0x00007ffc25d02000 	C:\WINDOWS\SYSTEM32\cscapi.dll
0x00007ffc10f90000 - 0x00007ffc10fda000 	C:\Windows\System32\dlnashext.dll
0x00007ffc10d40000 - 0x00007ffc10da3000 	C:\Windows\System32\PlayToDevice.dll
0x00007ffc3c6d0000 - 0x00007ffc3c6ef000 	C:\Windows\System32\DevDispItemProvider.dll
0x00007ffc3a7c0000 - 0x00007ffc3a82f000 	C:\WINDOWS\System32\MMDevApi.dll
0x00007ffc44170000 - 0x00007ffc44197000 	C:\WINDOWS\System32\DEVOBJ.dll
0x00007ffc10db0000 - 0x00007ffc10f8f000 	C:\WINDOWS\system32\wpdshext.dll
0x00007ffc1a950000 - 0x00007ffc1aaec000 	C:\WINDOWS\WinSxS\amd64_microsoft.windows.gdiplus_6595b64144ccf1df_1.1.16299.309_none_46bac7a9edf0e4df\gdiplus.dll
0x00007ffc3e4d0000 - 0x00007ffc3e570000 	C:\Windows\System32\PortableDeviceApi.dll
0x00007ffc44a40000 - 0x00007ffc44a98000 	C:\WINDOWS\System32\WINTRUST.dll
0x00007ffc44360000 - 0x00007ffc44372000 	C:\WINDOWS\System32\MSASN1.dll
0x00007ffc44770000 - 0x00007ffc4493e000 	C:\WINDOWS\System32\CRYPT32.dll
0x00007ffc266f0000 - 0x00007ffc26726000 	C:\Windows\System32\EhStorShell.dll
0x00007ffc10d10000 - 0x00007ffc10d35000 	C:\Windows\System32\EhStorAPI.dll
0x00007ffc3efc0000 - 0x00007ffc3efd3000 	C:\Windows\System32\WTSAPI32.dll
0x00007ffc3cdd0000 - 0x00007ffc3cde0000 	C:\WINDOWS\SYSTEM32\LINKINFO.dll
0x00007ffc2b840000 - 0x00007ffc2b84c000 	C:\WINDOWS\SYSTEM32\Secur32.dll

VM Arguments:
jvm_args: -Xmx1500M -XX:+UseSerialGC 
java_command: com.altera.ipedit.QsysEditorApp --project-dir=C:/Dev/ECE342/Lab6/part2/ --family=Cyclone V --part=5CSEMA5F31C6 --host-controller
java_class_path (initial): C:/dev/fpga/quartus/sopc_builder/model/lib\Nlview.jar;C:/dev/fpga/quartus/sopc_builder/model/lib\QuickServer.jar;C:/dev/fpga/quartus/sopc_builder/model/lib\TableLayout.jar;C:/dev/fpga/quartus/sopc_builder/model/lib\appframework-1.03.jar;C:/dev/fpga/quartus/sopc_builder/model/lib\asm-3.1.jar;C:/dev/fpga/quartus/sopc_builder/model/lib\asm-commons-3.1.jar;C:/dev/fpga/quartus/sopc_builder/model/lib\basicmodel.jar;C:/dev/fpga/quartus/sopc_builder/model/lib\beansbinding-1.2.1.jar;C:/dev/fpga/quartus/sopc_builder/model/lib\binding-2.0.6.jar;C:/dev/fpga/quartus/sopc_builder/model/lib\com.altera.componenteditor2.jar;C:/dev/fpga/quartus/sopc_builder/model/lib\com.altera.embeddedsw.app_lib.jar;C:/dev/fpga/quartus/sopc_builder/model/lib\com.altera.embeddedsw.bsp.editor.jar;C:/dev/fpga/quartus/sopc_builder/model/lib\com.altera.embeddedsw.bsp.elements.jar;C:/dev/fpga/quartus/sopc_builder/model/lib\com.altera.embeddedsw.bsp.jar;C:/dev/fpga/quartus/sopc_builder/model/lib\com.altera.embeddedsw.bsp.plugin.core.jar;C:/dev/fpga/quartus/sopc_builder/model/lib\com.altera.embeddedsw.bsp.plugin.hal.jar;C:/dev/fpga/quartus/sopc_builder/model/lib\com.altera.embeddedsw.bsp.plugin.lwhal.jar;C:/dev/fpga/quartus/sopc_builder/model/lib\com.altera.embeddedsw.bsp.schema.jar;C:/dev/fpga/quartus/sopc_builder/model/lib\com.altera.embeddedsw.bsp.scripting.jar;C:/dev/fpga/quartus/sopc_builder/model/lib\com.altera.embeddedsw.commandline.jar;C:/dev/fpga/quartus/sopc_builder/model/lib\com.altera.embeddedsw.cpexample.jar;C:/dev/fpga/quartus/sopc_builder/model/lib\com.altera.embeddedsw.flash.jar;C:/dev/fpga/quartus/sopc_builder/model/lib\com.altera.embeddedsw.launch.jar;C:/dev/fpga/quartus/sopc_builder/model/lib\com.altera.embeddedsw.swinfo.jar;C:/dev/fpga/quartus/sopc_builder/model/lib\com.altera.embeddedsw.utilities.jar;C:/dev/fpga/quartus/sopc_builder/model/lib\com.altera.entityinterfaces.jar;C:/dev/fpga/quartus/sopc_builder/model/lib\com.altera.genman.jar;C:/dev/fpga/quartus/
Launcher Type: SUN_STANDARD

Environment Variables:
PATH=C:/dev/fpga/quartus/bin64;c:\dev\fpga\quartus\bin64\;C:\Program Files (x86)\Razer Chroma SDK\bin;C:\Program Files\Razer Chroma SDK\bin;C:\Program Files (x86)\NVIDIA Corporation\PhysX\Common;C:\WINDOWS\system32;C:\WINDOWS;C:\WINDOWS\System32\Wbem;C:\WINDOWS\System32\WindowsPowerShell\v1.0\;C:\WINDOWS\system32\config\systemprofile\.dnx\bin;C:\Program Files\Microsoft DNX\Dnvm\;C:\Program Files\Microsoft SQL Server\120\Tools\Binn\;C:\Program Files (x86)\Windows Kits\10\Windows Performance Toolkit\;C:\Program Files (x86)\Windows Kits\8.1\Windows Performance Toolkit\;C:\Program Files (x86)\Windows Live\Shared;C:\WINDOWS\system32\config\systemprofile\AppData\Local\Microsoft\WindowsApps;C:\All Program\Skype\Phone\;C:\WINDOWS\system32;C:\WINDOWS;C:\WINDOWS\System32\Wbem;C:\WINDOWS\System32\WindowsPowerShell\v1.0\;C:\Program Files\Microsoft SQL Server\130\Tools\Binn\;C:\Program Files (x86)\Xoreax\IncrediBuild;C:\Users\Kevin Xu\AppData\Local\Microsoft\WindowsApps;;C:\Dev\FPGA\modelsim_ase\win32aloem
USERNAME=Kevin Xu
OS=Windows_NT
PROCESSOR_IDENTIFIER=Intel64 Family 6 Model 78 Stepping 3, GenuineIntel



---------------  S Y S T E M  ---------------

OS: Windows 8.1 , 64 bit Build 9600 

CPU:total 4 (2 cores per cpu, 2 threads per core) family 6 model 78 stepping 3, cmov, cx8, fxsr, mmx, sse, sse2, sse3, ssse3, sse4.1, sse4.2, popcnt, avx, avx2, aes, clmul, erms, ht, tsc, tscinvbit

Memory: 4k page, physical 16700524k(11845464k free), swap 19190892k(13182488k free)

vm_info: Java HotSpot(TM) 64-Bit Server VM (25.5-b02) for windows-amd64 JRE (1.8.0_05-b13), built on Mar 18 2014 01:08:39 by "java_re" with MS VC++ 10.0 (VS2010)

time: Mon Mar 26 18:36:38 2018
elapsed time: 12 seconds

