Analysis & Synthesis report for de1soc
Wed Mar 21 01:15:29 2018
Quartus Prime Version 16.0.0 Build 211 04/27/2016 SJ Lite Edition


---------------------
; Table of Contents ;
---------------------
  1. Legal Notice
  2. Analysis & Synthesis Summary
  3. Analysis & Synthesis Settings
  4. Parallel Compilation
  5. Analysis & Synthesis Source Files Read
  6. Analysis & Synthesis Resource Usage Summary
  7. Analysis & Synthesis Resource Utilization by Entity
  8. Analysis & Synthesis RAM Summary
  9. State Machine - |de1soc_top|cpu:cpu0|control_masterline:CPU_control|state
 10. Registers Removed During Synthesis
 11. General Register Statistics
 12. Registers Packed Into Inferred Megafunctions
 13. Multiplexer Restructuring Statistics (No Restructuring Performed)
 14. Source assignments for mem4k:mem0|altsyncram:mem_rtl_0|altsyncram_igr1:auto_generated
 15. Parameter Settings for User Entity Instance: mem4k:mem0
 16. Parameter Settings for Inferred Entity Instance: mem4k:mem0|altsyncram:mem_rtl_0
 17. altsyncram Parameter Settings by Entity Instance
 18. Port Connectivity Checks: "cpu:cpu0"
 19. Post-Synthesis Netlist Statistics for Top Partition
 20. Elapsed Time Per Partition
 21. Analysis & Synthesis Messages
 22. Analysis & Synthesis Suppressed Messages



----------------
; Legal Notice ;
----------------
Copyright (C) 1991-2016 Altera Corporation. All rights reserved.
Your use of Altera Corporation's design tools, logic functions 
and other software and tools, and its AMPP partner logic 
functions, and any output files from any of the foregoing 
(including device programming or simulation files), and any 
associated documentation or information are expressly subject 
to the terms and conditions of the Altera Program License 
Subscription Agreement, the Altera Quartus Prime License Agreement,
the Altera MegaCore Function License Agreement, or other 
applicable license agreement, including, without limitation, 
that your use is for the sole purpose of programming logic 
devices manufactured by Altera and sold by Altera or its 
authorized distributors.  Please refer to the applicable 
agreement for further details.



+-------------------------------------------------------------------------------+
; Analysis & Synthesis Summary                                                  ;
+---------------------------------+---------------------------------------------+
; Analysis & Synthesis Status     ; Successful - Wed Mar 21 01:15:29 2018       ;
; Quartus Prime Version           ; 16.0.0 Build 211 04/27/2016 SJ Lite Edition ;
; Revision Name                   ; de1soc                                      ;
; Top-level Entity Name           ; de1soc_top                                  ;
; Family                          ; Cyclone V                                   ;
; Logic utilization (in ALMs)     ; N/A                                         ;
; Total registers                 ; 342                                         ;
; Total pins                      ; 96                                          ;
; Total virtual pins              ; 0                                           ;
; Total block memory bits         ; 32,768                                      ;
; Total DSP Blocks                ; 0                                           ;
; Total HSSI RX PCSs              ; 0                                           ;
; Total HSSI PMA RX Deserializers ; 0                                           ;
; Total HSSI TX PCSs              ; 0                                           ;
; Total HSSI PMA TX Serializers   ; 0                                           ;
; Total PLLs                      ; 0                                           ;
; Total DLLs                      ; 0                                           ;
+---------------------------------+---------------------------------------------+


+---------------------------------------------------------------------------------------------------------------------------+
; Analysis & Synthesis Settings                                                                                             ;
+---------------------------------------------------------------------------------+--------------------+--------------------+
; Option                                                                          ; Setting            ; Default Value      ;
+---------------------------------------------------------------------------------+--------------------+--------------------+
; Device                                                                          ; 5CSEMA5F31C6       ;                    ;
; Top-level entity name                                                           ; de1soc_top         ; de1soc             ;
; Family name                                                                     ; Cyclone V          ; Cyclone V          ;
; Restructure Multiplexers                                                        ; Off                ; Auto               ;
; Optimization Technique                                                          ; Speed              ; Balanced           ;
; Use smart compilation                                                           ; Off                ; Off                ;
; Enable parallel Assembler and TimeQuest Timing Analyzer during compilation      ; On                 ; On                 ;
; Enable compact report table                                                     ; Off                ; Off                ;
; MLAB Add Timing Constraints For Mixed-Port Feed-Through Mode Setting Don't Care ; Off                ; Off                ;
; Create Debugging Nodes for IP Cores                                             ; Off                ; Off                ;
; Preserve fewer node names                                                       ; On                 ; On                 ;
; Disable OpenCore Plus hardware evaluation                                       ; Off                ; Off                ;
; Verilog Version                                                                 ; Verilog_2001       ; Verilog_2001       ;
; VHDL Version                                                                    ; VHDL_1993          ; VHDL_1993          ;
; State Machine Processing                                                        ; Auto               ; Auto               ;
; Safe State Machine                                                              ; Off                ; Off                ;
; Extract Verilog State Machines                                                  ; On                 ; On                 ;
; Extract VHDL State Machines                                                     ; On                 ; On                 ;
; Ignore Verilog initial constructs                                               ; Off                ; Off                ;
; Iteration limit for constant Verilog loops                                      ; 5000               ; 5000               ;
; Iteration limit for non-constant Verilog loops                                  ; 250                ; 250                ;
; Add Pass-Through Logic to Inferred RAMs                                         ; On                 ; On                 ;
; Infer RAMs from Raw Logic                                                       ; On                 ; On                 ;
; Parallel Synthesis                                                              ; On                 ; On                 ;
; DSP Block Balancing                                                             ; Auto               ; Auto               ;
; NOT Gate Push-Back                                                              ; On                 ; On                 ;
; Power-Up Don't Care                                                             ; On                 ; On                 ;
; Remove Redundant Logic Cells                                                    ; Off                ; Off                ;
; Remove Duplicate Registers                                                      ; On                 ; On                 ;
; Ignore CARRY Buffers                                                            ; Off                ; Off                ;
; Ignore CASCADE Buffers                                                          ; Off                ; Off                ;
; Ignore GLOBAL Buffers                                                           ; Off                ; Off                ;
; Ignore ROW GLOBAL Buffers                                                       ; Off                ; Off                ;
; Ignore LCELL Buffers                                                            ; Off                ; Off                ;
; Ignore SOFT Buffers                                                             ; On                 ; On                 ;
; Limit AHDL Integers to 32 Bits                                                  ; Off                ; Off                ;
; Carry Chain Length                                                              ; 70                 ; 70                 ;
; Auto Carry Chains                                                               ; On                 ; On                 ;
; Auto Open-Drain Pins                                                            ; On                 ; On                 ;
; Perform WYSIWYG Primitive Resynthesis                                           ; Off                ; Off                ;
; Auto ROM Replacement                                                            ; On                 ; On                 ;
; Auto RAM Replacement                                                            ; On                 ; On                 ;
; Auto DSP Block Replacement                                                      ; On                 ; On                 ;
; Auto Shift Register Replacement                                                 ; Auto               ; Auto               ;
; Allow Shift Register Merging across Hierarchies                                 ; Auto               ; Auto               ;
; Auto Clock Enable Replacement                                                   ; On                 ; On                 ;
; Strict RAM Replacement                                                          ; Off                ; Off                ;
; Allow Synchronous Control Signals                                               ; On                 ; On                 ;
; Force Use of Synchronous Clear Signals                                          ; Off                ; Off                ;
; Auto Resource Sharing                                                           ; Off                ; Off                ;
; Allow Any RAM Size For Recognition                                              ; Off                ; Off                ;
; Allow Any ROM Size For Recognition                                              ; Off                ; Off                ;
; Allow Any Shift Register Size For Recognition                                   ; Off                ; Off                ;
; Use LogicLock Constraints during Resource Balancing                             ; On                 ; On                 ;
; Ignore translate_off and synthesis_off directives                               ; Off                ; Off                ;
; Timing-Driven Synthesis                                                         ; On                 ; On                 ;
; Report Parameter Settings                                                       ; On                 ; On                 ;
; Report Source Assignments                                                       ; On                 ; On                 ;
; Report Connectivity Checks                                                      ; On                 ; On                 ;
; Ignore Maximum Fan-Out Assignments                                              ; Off                ; Off                ;
; Synchronization Register Chain Length                                           ; 3                  ; 3                  ;
; PowerPlay Power Optimization During Synthesis                                   ; Normal compilation ; Normal compilation ;
; HDL message level                                                               ; Level2             ; Level2             ;
; Suppress Register Optimization Related Messages                                 ; Off                ; Off                ;
; Number of Removed Registers Reported in Synthesis Report                        ; 5000               ; 5000               ;
; Number of Swept Nodes Reported in Synthesis Report                              ; 5000               ; 5000               ;
; Number of Inverted Registers Reported in Synthesis Report                       ; 100                ; 100                ;
; Clock MUX Protection                                                            ; On                 ; On                 ;
; Auto Gated Clock Conversion                                                     ; Off                ; Off                ;
; Block Design Naming                                                             ; Auto               ; Auto               ;
; SDC constraint protection                                                       ; Off                ; Off                ;
; Synthesis Effort                                                                ; Auto               ; Auto               ;
; Shift Register Replacement - Allow Asynchronous Clear Signal                    ; On                 ; On                 ;
; Pre-Mapping Resynthesis Optimization                                            ; Off                ; Off                ;
; Analysis & Synthesis Message Level                                              ; Medium             ; Medium             ;
; Disable Register Merging Across Hierarchies                                     ; Auto               ; Auto               ;
; Resource Aware Inference For Block RAM                                          ; On                 ; On                 ;
; Synthesis Seed                                                                  ; 1                  ; 1                  ;
; Automatic Parallel Synthesis                                                    ; On                 ; On                 ;
; Partial Reconfiguration Bitstream ID                                            ; Off                ; Off                ;
+---------------------------------------------------------------------------------+--------------------+--------------------+


+------------------------------------------+
; Parallel Compilation                     ;
+----------------------------+-------------+
; Processors                 ; Number      ;
+----------------------------+-------------+
; Number detected on machine ; 4           ;
; Maximum allowed            ; 2           ;
;                            ;             ;
; Average used               ; 1.00        ;
; Maximum used               ; 2           ;
;                            ;             ;
; Usage by Processor         ; % Time Used ;
;     Processor 1            ; 100.0%      ;
;     Processor 2            ;   0.0%      ;
+----------------------------+-------------+


+----------------------------------------------------------------------------------------------------------------------------------------------------------------------------------------------+
; Analysis & Synthesis Source Files Read                                                                                                                                                       ;
+--------------------------------------+-----------------+-------------------------------------------------------+-------------------------------------------------------------------+---------+
; File Name with User-Entered Path     ; Used in Netlist ; File Type                                             ; File Name with Absolute Path                                      ; Library ;
+--------------------------------------+-----------------+-------------------------------------------------------+-------------------------------------------------------------------+---------+
; de1soc_top.sv                        ; yes             ; User SystemVerilog HDL File                           ; C:/Dev/ECE342/Lab6/part1/de1soc_top.sv                            ;         ;
; cpu.sv                               ; yes             ; Auto-Found SystemVerilog HDL File                     ; C:/Dev/ECE342/Lab6/part1/cpu.sv                                   ;         ;
; control_masterline.sv                ; yes             ; Auto-Found SystemVerilog HDL File                     ; C:/Dev/ECE342/Lab6/part1/control_masterline.sv                    ;         ;
; data_masterline.sv                   ; yes             ; Auto-Found SystemVerilog HDL File                     ; C:/Dev/ECE342/Lab6/part1/data_masterline.sv                       ;         ;
; alu.sv                               ; yes             ; Auto-Found SystemVerilog HDL File                     ; C:/Dev/ECE342/Lab6/part1/alu.sv                                   ;         ;
; reg_file.sv                          ; yes             ; Auto-Found SystemVerilog HDL File                     ; C:/Dev/ECE342/Lab6/part1/reg_file.sv                              ;         ;
; mem4k_decoder.sv                     ; yes             ; Auto-Found SystemVerilog HDL File                     ; C:/Dev/ECE342/Lab6/part1/mem4k_decoder.sv                         ;         ;
; mem4k.sv                             ; yes             ; Auto-Found SystemVerilog HDL File                     ; C:/Dev/ECE342/Lab6/part1/mem4k.sv                                 ;         ;
; sw_or_mem.sv                         ; yes             ; Auto-Found SystemVerilog HDL File                     ; C:/Dev/ECE342/Lab6/part1/sw_or_mem.sv                             ;         ;
; ledr_decoder.sv                      ; yes             ; Auto-Found SystemVerilog HDL File                     ; C:/Dev/ECE342/Lab6/part1/ledr_decoder.sv                          ;         ;
; altsyncram.tdf                       ; yes             ; Megafunction                                          ; c:/dev/fpga/quartus/libraries/megafunctions/altsyncram.tdf        ;         ;
; stratix_ram_block.inc                ; yes             ; Megafunction                                          ; c:/dev/fpga/quartus/libraries/megafunctions/stratix_ram_block.inc ;         ;
; lpm_mux.inc                          ; yes             ; Megafunction                                          ; c:/dev/fpga/quartus/libraries/megafunctions/lpm_mux.inc           ;         ;
; lpm_decode.inc                       ; yes             ; Megafunction                                          ; c:/dev/fpga/quartus/libraries/megafunctions/lpm_decode.inc        ;         ;
; aglobal160.inc                       ; yes             ; Megafunction                                          ; c:/dev/fpga/quartus/libraries/megafunctions/aglobal160.inc        ;         ;
; a_rdenreg.inc                        ; yes             ; Megafunction                                          ; c:/dev/fpga/quartus/libraries/megafunctions/a_rdenreg.inc         ;         ;
; altrom.inc                           ; yes             ; Megafunction                                          ; c:/dev/fpga/quartus/libraries/megafunctions/altrom.inc            ;         ;
; altram.inc                           ; yes             ; Megafunction                                          ; c:/dev/fpga/quartus/libraries/megafunctions/altram.inc            ;         ;
; altdpram.inc                         ; yes             ; Megafunction                                          ; c:/dev/fpga/quartus/libraries/megafunctions/altdpram.inc          ;         ;
; db/altsyncram_igr1.tdf               ; yes             ; Auto-Generated Megafunction                           ; C:/Dev/ECE342/Lab6/part1/db/altsyncram_igr1.tdf                   ;         ;
; db/de1soc.ram0_mem4k_70ac2d1.hdl.mif ; yes             ; Auto-Generated Auto-Found Memory Initialization File  ; C:/Dev/ECE342/Lab6/part1/db/de1soc.ram0_mem4k_70ac2d1.hdl.mif     ;         ;
+--------------------------------------+-----------------+-------------------------------------------------------+-------------------------------------------------------------------+---------+


+--------------------------------------------------------------+
; Analysis & Synthesis Resource Usage Summary                  ;
+---------------------------------------------+----------------+
; Resource                                    ; Usage          ;
+---------------------------------------------+----------------+
; Estimate of Logic utilization (ALMs needed) ; 270            ;
;                                             ;                ;
; Combinational ALUT usage for logic          ; 367            ;
;     -- 7 input functions                    ; 32             ;
;     -- 6 input functions                    ; 113            ;
;     -- 5 input functions                    ; 19             ;
;     -- 4 input functions                    ; 48             ;
;     -- <=3 input functions                  ; 155            ;
;                                             ;                ;
; Dedicated logic registers                   ; 342            ;
;                                             ;                ;
; I/O pins                                    ; 96             ;
; Total MLAB memory bits                      ; 0              ;
; Total block memory bits                     ; 32768          ;
;                                             ;                ;
; Total DSP Blocks                            ; 0              ;
;                                             ;                ;
; Maximum fan-out node                        ; CLOCK_50~input ;
; Maximum fan-out                             ; 358            ;
; Total fan-out                               ; 3054           ;
; Average fan-out                             ; 3.33           ;
+---------------------------------------------+----------------+


+------------------------------------------------------------------------------------------------------------------------------------------------------------------------------------------------------------------------------------------------------+
; Analysis & Synthesis Resource Utilization by Entity                                                                                                                                                                                                  ;
+-------------------------------------------+-------------------+--------------+-------------------+------------+------+--------------+----------------------------------------------------------------------------+--------------------+--------------+
; Compilation Hierarchy Node                ; LC Combinationals ; LC Registers ; Block Memory Bits ; DSP Blocks ; Pins ; Virtual Pins ; Full Hierarchy Name                                                        ; Entity Name        ; Library Name ;
+-------------------------------------------+-------------------+--------------+-------------------+------------+------+--------------+----------------------------------------------------------------------------+--------------------+--------------+
; |de1soc_top                               ; 367 (1)           ; 342 (16)     ; 32768             ; 0          ; 96   ; 0            ; |de1soc_top                                                                ; de1soc_top         ; work         ;
;    |LEDR_decoder:LEDRD|                   ; 1 (1)             ; 0 (0)        ; 0                 ; 0          ; 0    ; 0            ; |de1soc_top|LEDR_decoder:LEDRD                                             ; LEDR_decoder       ; work         ;
;    |SW_or_mem:som0|                       ; 1 (1)             ; 1 (1)        ; 0                 ; 0          ; 0    ; 0            ; |de1soc_top|SW_or_mem:som0                                                 ; SW_or_mem          ; work         ;
;    |cpu:cpu0|                             ; 363 (0)           ; 325 (0)      ; 0                 ; 0          ; 0    ; 0            ; |de1soc_top|cpu:cpu0                                                       ; cpu                ; work         ;
;       |control_masterline:CPU_control|    ; 25 (25)           ; 32 (32)      ; 0                 ; 0          ; 0    ; 0            ; |de1soc_top|cpu:cpu0|control_masterline:CPU_control                        ; control_masterline ; work         ;
;       |data_masterline:CPU_data|          ; 338 (281)         ; 293 (165)    ; 0                 ; 0          ; 0    ; 0            ; |de1soc_top|cpu:cpu0|data_masterline:CPU_data                              ; data_masterline    ; work         ;
;          |ALU:ALU0|                       ; 17 (17)           ; 0 (0)        ; 0                 ; 0          ; 0    ; 0            ; |de1soc_top|cpu:cpu0|data_masterline:CPU_data|ALU:ALU0                     ; ALU                ; work         ;
;          |reg_file:RF|                    ; 40 (40)           ; 128 (128)    ; 0                 ; 0          ; 0    ; 0            ; |de1soc_top|cpu:cpu0|data_masterline:CPU_data|reg_file:RF                  ; reg_file           ; work         ;
;    |mem4k:mem0|                           ; 0 (0)             ; 0 (0)        ; 32768             ; 0          ; 0    ; 0            ; |de1soc_top|mem4k:mem0                                                     ; mem4k              ; work         ;
;       |altsyncram:mem_rtl_0|              ; 0 (0)             ; 0 (0)        ; 32768             ; 0          ; 0    ; 0            ; |de1soc_top|mem4k:mem0|altsyncram:mem_rtl_0                                ; altsyncram         ; work         ;
;          |altsyncram_igr1:auto_generated| ; 0 (0)             ; 0 (0)        ; 32768             ; 0          ; 0    ; 0            ; |de1soc_top|mem4k:mem0|altsyncram:mem_rtl_0|altsyncram_igr1:auto_generated ; altsyncram_igr1    ; work         ;
;    |mem4k_decoder:mem_decoder0|           ; 1 (1)             ; 0 (0)        ; 0                 ; 0          ; 0    ; 0            ; |de1soc_top|mem4k_decoder:mem_decoder0                                     ; mem4k_decoder      ; work         ;
+-------------------------------------------+-------------------+--------------+-------------------+------------+------+--------------+----------------------------------------------------------------------------+--------------------+--------------+
Note: For table entries with two numbers listed, the numbers in parentheses indicate the number of resources of the given type used by the specific entity alone. The numbers listed outside of parentheses indicate the total resources of the given type used by the specific entity and all of its sub-entities in the hierarchy.


+----------------------------------------------------------------------------------------------------------------------------------------------------------------------------------------------------------------+
; Analysis & Synthesis RAM Summary                                                                                                                                                                               ;
+---------------------------------------------------------------------------+------+------------------+--------------+--------------+--------------+--------------+-------+--------------------------------------+
; Name                                                                      ; Type ; Mode             ; Port A Depth ; Port A Width ; Port B Depth ; Port B Width ; Size  ; MIF                                  ;
+---------------------------------------------------------------------------+------+------------------+--------------+--------------+--------------+--------------+-------+--------------------------------------+
; mem4k:mem0|altsyncram:mem_rtl_0|altsyncram_igr1:auto_generated|ALTSYNCRAM ; AUTO ; Simple Dual Port ; 2048         ; 16           ; 2048         ; 16           ; 32768 ; db/de1soc.ram0_mem4k_70ac2d1.hdl.mif ;
+---------------------------------------------------------------------------+------+------------------+--------------+--------------+--------------+--------------+-------+--------------------------------------+


Encoding Type:  One-Hot
+------------------------------------------------------------------------------------------------------------------------------------------------------------------------------------------------------------------------------------------------------------------------------------------------------------------------------------------------------------------------------------------------------------------------------------------------------------------------------------------------------------------------------------------------------------------------------------------------------+
; State Machine - |de1soc_top|cpu:cpu0|control_masterline:CPU_control|state                                                                                                                                                                                                                                                                                                                                                                                                                                                                                                                            ;
+---------------------+----------------+--------------+-----------------+---------------------+------------------+-------------------+----------------+---------------+-------------+--------------+------------------+---------------+---------------------+--------------------+-----------------+--------------+-------------------+---------------+------------------+------------------+------------------+---------------+------------------+-----------------+--------------+--------------------+--------------+----------------+--------------+---------------+-----------------+-------------+
; Name                ; state.Ins_call ; state.New_PC ; state.Ins_jumps ; state.Read_mvi_wait ; state.ReadRx_mvi ; state.WriteRx_mvi ; state.Ins_addi ; state.Ins_mvi ; state.St_Rx ; state.Ins_st ; state.WriteRx_ld ; state.ReadMem ; state.Assert_rd_mem ; state.Read_ld_wait ; state.ReadRy_ld ; state.Ins_ld ; state.WriteRx_add ; state.Add_add ; state.ReadRy_add ; state.ReadR_wait ; state.ReadRx_add ; state.Ins_add ; state.WriteRx_mv ; state.ReadRy_mv ; state.Ins_mv ; state.Instr_branch ; state.Decode ; state.UpdatePC ; state.Inc_PC ; state.Rd_data ; state.Assert_rd ; state.Reset ;
+---------------------+----------------+--------------+-----------------+---------------------+------------------+-------------------+----------------+---------------+-------------+--------------+------------------+---------------+---------------------+--------------------+-----------------+--------------+-------------------+---------------+------------------+------------------+------------------+---------------+------------------+-----------------+--------------+--------------------+--------------+----------------+--------------+---------------+-----------------+-------------+
; state.Reset         ; 0              ; 0            ; 0               ; 0                   ; 0                ; 0                 ; 0              ; 0             ; 0           ; 0            ; 0                ; 0             ; 0                   ; 0                  ; 0               ; 0            ; 0                 ; 0             ; 0                ; 0                ; 0                ; 0             ; 0                ; 0               ; 0            ; 0                  ; 0            ; 0              ; 0            ; 0             ; 0               ; 0           ;
; state.Assert_rd     ; 0              ; 0            ; 0               ; 0                   ; 0                ; 0                 ; 0              ; 0             ; 0           ; 0            ; 0                ; 0             ; 0                   ; 0                  ; 0               ; 0            ; 0                 ; 0             ; 0                ; 0                ; 0                ; 0             ; 0                ; 0               ; 0            ; 0                  ; 0            ; 0              ; 0            ; 0             ; 1               ; 1           ;
; state.Rd_data       ; 0              ; 0            ; 0               ; 0                   ; 0                ; 0                 ; 0              ; 0             ; 0           ; 0            ; 0                ; 0             ; 0                   ; 0                  ; 0               ; 0            ; 0                 ; 0             ; 0                ; 0                ; 0                ; 0             ; 0                ; 0               ; 0            ; 0                  ; 0            ; 0              ; 0            ; 1             ; 0               ; 1           ;
; state.Inc_PC        ; 0              ; 0            ; 0               ; 0                   ; 0                ; 0                 ; 0              ; 0             ; 0           ; 0            ; 0                ; 0             ; 0                   ; 0                  ; 0               ; 0            ; 0                 ; 0             ; 0                ; 0                ; 0                ; 0             ; 0                ; 0               ; 0            ; 0                  ; 0            ; 0              ; 1            ; 0             ; 0               ; 1           ;
; state.UpdatePC      ; 0              ; 0            ; 0               ; 0                   ; 0                ; 0                 ; 0              ; 0             ; 0           ; 0            ; 0                ; 0             ; 0                   ; 0                  ; 0               ; 0            ; 0                 ; 0             ; 0                ; 0                ; 0                ; 0             ; 0                ; 0               ; 0            ; 0                  ; 0            ; 1              ; 0            ; 0             ; 0               ; 1           ;
; state.Decode        ; 0              ; 0            ; 0               ; 0                   ; 0                ; 0                 ; 0              ; 0             ; 0           ; 0            ; 0                ; 0             ; 0                   ; 0                  ; 0               ; 0            ; 0                 ; 0             ; 0                ; 0                ; 0                ; 0             ; 0                ; 0               ; 0            ; 0                  ; 1            ; 0              ; 0            ; 0             ; 0               ; 1           ;
; state.Instr_branch  ; 0              ; 0            ; 0               ; 0                   ; 0                ; 0                 ; 0              ; 0             ; 0           ; 0            ; 0                ; 0             ; 0                   ; 0                  ; 0               ; 0            ; 0                 ; 0             ; 0                ; 0                ; 0                ; 0             ; 0                ; 0               ; 0            ; 1                  ; 0            ; 0              ; 0            ; 0             ; 0               ; 1           ;
; state.Ins_mv        ; 0              ; 0            ; 0               ; 0                   ; 0                ; 0                 ; 0              ; 0             ; 0           ; 0            ; 0                ; 0             ; 0                   ; 0                  ; 0               ; 0            ; 0                 ; 0             ; 0                ; 0                ; 0                ; 0             ; 0                ; 0               ; 1            ; 0                  ; 0            ; 0              ; 0            ; 0             ; 0               ; 1           ;
; state.ReadRy_mv     ; 0              ; 0            ; 0               ; 0                   ; 0                ; 0                 ; 0              ; 0             ; 0           ; 0            ; 0                ; 0             ; 0                   ; 0                  ; 0               ; 0            ; 0                 ; 0             ; 0                ; 0                ; 0                ; 0             ; 0                ; 1               ; 0            ; 0                  ; 0            ; 0              ; 0            ; 0             ; 0               ; 1           ;
; state.WriteRx_mv    ; 0              ; 0            ; 0               ; 0                   ; 0                ; 0                 ; 0              ; 0             ; 0           ; 0            ; 0                ; 0             ; 0                   ; 0                  ; 0               ; 0            ; 0                 ; 0             ; 0                ; 0                ; 0                ; 0             ; 1                ; 0               ; 0            ; 0                  ; 0            ; 0              ; 0            ; 0             ; 0               ; 1           ;
; state.Ins_add       ; 0              ; 0            ; 0               ; 0                   ; 0                ; 0                 ; 0              ; 0             ; 0           ; 0            ; 0                ; 0             ; 0                   ; 0                  ; 0               ; 0            ; 0                 ; 0             ; 0                ; 0                ; 0                ; 1             ; 0                ; 0               ; 0            ; 0                  ; 0            ; 0              ; 0            ; 0             ; 0               ; 1           ;
; state.ReadRx_add    ; 0              ; 0            ; 0               ; 0                   ; 0                ; 0                 ; 0              ; 0             ; 0           ; 0            ; 0                ; 0             ; 0                   ; 0                  ; 0               ; 0            ; 0                 ; 0             ; 0                ; 0                ; 1                ; 0             ; 0                ; 0               ; 0            ; 0                  ; 0            ; 0              ; 0            ; 0             ; 0               ; 1           ;
; state.ReadR_wait    ; 0              ; 0            ; 0               ; 0                   ; 0                ; 0                 ; 0              ; 0             ; 0           ; 0            ; 0                ; 0             ; 0                   ; 0                  ; 0               ; 0            ; 0                 ; 0             ; 0                ; 1                ; 0                ; 0             ; 0                ; 0               ; 0            ; 0                  ; 0            ; 0              ; 0            ; 0             ; 0               ; 1           ;
; state.ReadRy_add    ; 0              ; 0            ; 0               ; 0                   ; 0                ; 0                 ; 0              ; 0             ; 0           ; 0            ; 0                ; 0             ; 0                   ; 0                  ; 0               ; 0            ; 0                 ; 0             ; 1                ; 0                ; 0                ; 0             ; 0                ; 0               ; 0            ; 0                  ; 0            ; 0              ; 0            ; 0             ; 0               ; 1           ;
; state.Add_add       ; 0              ; 0            ; 0               ; 0                   ; 0                ; 0                 ; 0              ; 0             ; 0           ; 0            ; 0                ; 0             ; 0                   ; 0                  ; 0               ; 0            ; 0                 ; 1             ; 0                ; 0                ; 0                ; 0             ; 0                ; 0               ; 0            ; 0                  ; 0            ; 0              ; 0            ; 0             ; 0               ; 1           ;
; state.WriteRx_add   ; 0              ; 0            ; 0               ; 0                   ; 0                ; 0                 ; 0              ; 0             ; 0           ; 0            ; 0                ; 0             ; 0                   ; 0                  ; 0               ; 0            ; 1                 ; 0             ; 0                ; 0                ; 0                ; 0             ; 0                ; 0               ; 0            ; 0                  ; 0            ; 0              ; 0            ; 0             ; 0               ; 1           ;
; state.Ins_ld        ; 0              ; 0            ; 0               ; 0                   ; 0                ; 0                 ; 0              ; 0             ; 0           ; 0            ; 0                ; 0             ; 0                   ; 0                  ; 0               ; 1            ; 0                 ; 0             ; 0                ; 0                ; 0                ; 0             ; 0                ; 0               ; 0            ; 0                  ; 0            ; 0              ; 0            ; 0             ; 0               ; 1           ;
; state.ReadRy_ld     ; 0              ; 0            ; 0               ; 0                   ; 0                ; 0                 ; 0              ; 0             ; 0           ; 0            ; 0                ; 0             ; 0                   ; 0                  ; 1               ; 0            ; 0                 ; 0             ; 0                ; 0                ; 0                ; 0             ; 0                ; 0               ; 0            ; 0                  ; 0            ; 0              ; 0            ; 0             ; 0               ; 1           ;
; state.Read_ld_wait  ; 0              ; 0            ; 0               ; 0                   ; 0                ; 0                 ; 0              ; 0             ; 0           ; 0            ; 0                ; 0             ; 0                   ; 1                  ; 0               ; 0            ; 0                 ; 0             ; 0                ; 0                ; 0                ; 0             ; 0                ; 0               ; 0            ; 0                  ; 0            ; 0              ; 0            ; 0             ; 0               ; 1           ;
; state.Assert_rd_mem ; 0              ; 0            ; 0               ; 0                   ; 0                ; 0                 ; 0              ; 0             ; 0           ; 0            ; 0                ; 0             ; 1                   ; 0                  ; 0               ; 0            ; 0                 ; 0             ; 0                ; 0                ; 0                ; 0             ; 0                ; 0               ; 0            ; 0                  ; 0            ; 0              ; 0            ; 0             ; 0               ; 1           ;
; state.ReadMem       ; 0              ; 0            ; 0               ; 0                   ; 0                ; 0                 ; 0              ; 0             ; 0           ; 0            ; 0                ; 1             ; 0                   ; 0                  ; 0               ; 0            ; 0                 ; 0             ; 0                ; 0                ; 0                ; 0             ; 0                ; 0               ; 0            ; 0                  ; 0            ; 0              ; 0            ; 0             ; 0               ; 1           ;
; state.WriteRx_ld    ; 0              ; 0            ; 0               ; 0                   ; 0                ; 0                 ; 0              ; 0             ; 0           ; 0            ; 1                ; 0             ; 0                   ; 0                  ; 0               ; 0            ; 0                 ; 0             ; 0                ; 0                ; 0                ; 0             ; 0                ; 0               ; 0            ; 0                  ; 0            ; 0              ; 0            ; 0             ; 0               ; 1           ;
; state.Ins_st        ; 0              ; 0            ; 0               ; 0                   ; 0                ; 0                 ; 0              ; 0             ; 0           ; 1            ; 0                ; 0             ; 0                   ; 0                  ; 0               ; 0            ; 0                 ; 0             ; 0                ; 0                ; 0                ; 0             ; 0                ; 0               ; 0            ; 0                  ; 0            ; 0              ; 0            ; 0             ; 0               ; 1           ;
; state.St_Rx         ; 0              ; 0            ; 0               ; 0                   ; 0                ; 0                 ; 0              ; 0             ; 1           ; 0            ; 0                ; 0             ; 0                   ; 0                  ; 0               ; 0            ; 0                 ; 0             ; 0                ; 0                ; 0                ; 0             ; 0                ; 0               ; 0            ; 0                  ; 0            ; 0              ; 0            ; 0             ; 0               ; 1           ;
; state.Ins_mvi       ; 0              ; 0            ; 0               ; 0                   ; 0                ; 0                 ; 0              ; 1             ; 0           ; 0            ; 0                ; 0             ; 0                   ; 0                  ; 0               ; 0            ; 0                 ; 0             ; 0                ; 0                ; 0                ; 0             ; 0                ; 0               ; 0            ; 0                  ; 0            ; 0              ; 0            ; 0             ; 0               ; 1           ;
; state.Ins_addi      ; 0              ; 0            ; 0               ; 0                   ; 0                ; 0                 ; 1              ; 0             ; 0           ; 0            ; 0                ; 0             ; 0                   ; 0                  ; 0               ; 0            ; 0                 ; 0             ; 0                ; 0                ; 0                ; 0             ; 0                ; 0               ; 0            ; 0                  ; 0            ; 0              ; 0            ; 0             ; 0               ; 1           ;
; state.WriteRx_mvi   ; 0              ; 0            ; 0               ; 0                   ; 0                ; 1                 ; 0              ; 0             ; 0           ; 0            ; 0                ; 0             ; 0                   ; 0                  ; 0               ; 0            ; 0                 ; 0             ; 0                ; 0                ; 0                ; 0             ; 0                ; 0               ; 0            ; 0                  ; 0            ; 0              ; 0            ; 0             ; 0               ; 1           ;
; state.ReadRx_mvi    ; 0              ; 0            ; 0               ; 0                   ; 1                ; 0                 ; 0              ; 0             ; 0           ; 0            ; 0                ; 0             ; 0                   ; 0                  ; 0               ; 0            ; 0                 ; 0             ; 0                ; 0                ; 0                ; 0             ; 0                ; 0               ; 0            ; 0                  ; 0            ; 0              ; 0            ; 0             ; 0               ; 1           ;
; state.Read_mvi_wait ; 0              ; 0            ; 0               ; 1                   ; 0                ; 0                 ; 0              ; 0             ; 0           ; 0            ; 0                ; 0             ; 0                   ; 0                  ; 0               ; 0            ; 0                 ; 0             ; 0                ; 0                ; 0                ; 0             ; 0                ; 0               ; 0            ; 0                  ; 0            ; 0              ; 0            ; 0             ; 0               ; 1           ;
; state.Ins_jumps     ; 0              ; 0            ; 1               ; 0                   ; 0                ; 0                 ; 0              ; 0             ; 0           ; 0            ; 0                ; 0             ; 0                   ; 0                  ; 0               ; 0            ; 0                 ; 0             ; 0                ; 0                ; 0                ; 0             ; 0                ; 0               ; 0            ; 0                  ; 0            ; 0              ; 0            ; 0             ; 0               ; 1           ;
; state.New_PC        ; 0              ; 1            ; 0               ; 0                   ; 0                ; 0                 ; 0              ; 0             ; 0           ; 0            ; 0                ; 0             ; 0                   ; 0                  ; 0               ; 0            ; 0                 ; 0             ; 0                ; 0                ; 0                ; 0             ; 0                ; 0               ; 0            ; 0                  ; 0            ; 0              ; 0            ; 0             ; 0               ; 1           ;
; state.Ins_call      ; 1              ; 0            ; 0               ; 0                   ; 0                ; 0                 ; 0              ; 0             ; 0           ; 0            ; 0                ; 0             ; 0                   ; 0                  ; 0               ; 0            ; 0                 ; 0             ; 0                ; 0                ; 0                ; 0             ; 0                ; 0               ; 0            ; 0                  ; 0            ; 0              ; 0            ; 0             ; 0               ; 1           ;
+---------------------+----------------+--------------+-----------------+---------------------+------------------+-------------------+----------------+---------------+-------------+--------------+------------------+---------------+---------------------+--------------------+-----------------+--------------+-------------------+---------------+------------------+------------------+------------------+---------------+------------------+-----------------+--------------+--------------------+--------------+----------------+--------------+---------------+-----------------+-------------+


+------------------------------------------------------------------------------------------------------------+
; Registers Removed During Synthesis                                                                         ;
+--------------------------------------------------+---------------------------------------------------------+
; Register name                                    ; Reason for Removal                                      ;
+--------------------------------------------------+---------------------------------------------------------+
; cpu:cpu0|data_masterline:CPU_data|imm8[7]        ; Merged with cpu:cpu0|data_masterline:CPU_data|imm11[10] ;
; cpu:cpu0|data_masterline:CPU_data|imm11[0]       ; Merged with cpu:cpu0|data_masterline:CPU_data|Rx[0]     ;
; cpu:cpu0|data_masterline:CPU_data|imm11[1]       ; Merged with cpu:cpu0|data_masterline:CPU_data|Rx[1]     ;
; cpu:cpu0|data_masterline:CPU_data|imm11[2]       ; Merged with cpu:cpu0|data_masterline:CPU_data|Rx[2]     ;
; cpu:cpu0|data_masterline:CPU_data|imm11[3]       ; Merged with cpu:cpu0|data_masterline:CPU_data|Ry[0]     ;
; cpu:cpu0|data_masterline:CPU_data|imm8[0]        ; Merged with cpu:cpu0|data_masterline:CPU_data|Ry[0]     ;
; cpu:cpu0|data_masterline:CPU_data|imm11[4]       ; Merged with cpu:cpu0|data_masterline:CPU_data|Ry[1]     ;
; cpu:cpu0|data_masterline:CPU_data|imm8[1]        ; Merged with cpu:cpu0|data_masterline:CPU_data|Ry[1]     ;
; cpu:cpu0|data_masterline:CPU_data|imm11[5]       ; Merged with cpu:cpu0|data_masterline:CPU_data|Ry[2]     ;
; cpu:cpu0|data_masterline:CPU_data|imm8[2]        ; Merged with cpu:cpu0|data_masterline:CPU_data|Ry[2]     ;
; cpu:cpu0|data_masterline:CPU_data|imm8[3]        ; Merged with cpu:cpu0|data_masterline:CPU_data|imm11[6]  ;
; cpu:cpu0|data_masterline:CPU_data|imm8[4]        ; Merged with cpu:cpu0|data_masterline:CPU_data|imm11[7]  ;
; cpu:cpu0|data_masterline:CPU_data|imm8[5]        ; Merged with cpu:cpu0|data_masterline:CPU_data|imm11[8]  ;
; cpu:cpu0|data_masterline:CPU_data|imm8[6]        ; Merged with cpu:cpu0|data_masterline:CPU_data|imm11[9]  ;
; cpu:cpu0|control_masterline:CPU_control|state~4  ; Lost fanout                                             ;
; cpu:cpu0|control_masterline:CPU_control|state~5  ; Lost fanout                                             ;
; cpu:cpu0|control_masterline:CPU_control|state~6  ; Lost fanout                                             ;
; cpu:cpu0|control_masterline:CPU_control|state~7  ; Lost fanout                                             ;
; cpu:cpu0|control_masterline:CPU_control|state~8  ; Lost fanout                                             ;
; cpu:cpu0|control_masterline:CPU_control|state~9  ; Lost fanout                                             ;
; cpu:cpu0|control_masterline:CPU_control|state~10 ; Lost fanout                                             ;
; cpu:cpu0|control_masterline:CPU_control|state~11 ; Lost fanout                                             ;
; cpu:cpu0|control_masterline:CPU_control|state~12 ; Lost fanout                                             ;
; cpu:cpu0|control_masterline:CPU_control|state~13 ; Lost fanout                                             ;
; cpu:cpu0|control_masterline:CPU_control|state~14 ; Lost fanout                                             ;
; cpu:cpu0|control_masterline:CPU_control|state~15 ; Lost fanout                                             ;
; cpu:cpu0|control_masterline:CPU_control|state~16 ; Lost fanout                                             ;
; cpu:cpu0|control_masterline:CPU_control|state~17 ; Lost fanout                                             ;
; cpu:cpu0|control_masterline:CPU_control|state~18 ; Lost fanout                                             ;
; cpu:cpu0|control_masterline:CPU_control|state~19 ; Lost fanout                                             ;
; cpu:cpu0|control_masterline:CPU_control|state~20 ; Lost fanout                                             ;
; cpu:cpu0|control_masterline:CPU_control|state~21 ; Lost fanout                                             ;
; cpu:cpu0|control_masterline:CPU_control|state~22 ; Lost fanout                                             ;
; cpu:cpu0|control_masterline:CPU_control|state~23 ; Lost fanout                                             ;
; cpu:cpu0|control_masterline:CPU_control|state~24 ; Lost fanout                                             ;
; cpu:cpu0|control_masterline:CPU_control|state~25 ; Lost fanout                                             ;
; cpu:cpu0|control_masterline:CPU_control|state~26 ; Lost fanout                                             ;
; cpu:cpu0|control_masterline:CPU_control|state~27 ; Lost fanout                                             ;
; cpu:cpu0|control_masterline:CPU_control|state~28 ; Lost fanout                                             ;
; cpu:cpu0|control_masterline:CPU_control|state~29 ; Lost fanout                                             ;
; cpu:cpu0|control_masterline:CPU_control|state~30 ; Lost fanout                                             ;
; cpu:cpu0|control_masterline:CPU_control|state~31 ; Lost fanout                                             ;
; cpu:cpu0|control_masterline:CPU_control|state~32 ; Lost fanout                                             ;
; cpu:cpu0|control_masterline:CPU_control|state~33 ; Lost fanout                                             ;
; cpu:cpu0|control_masterline:CPU_control|state~34 ; Lost fanout                                             ;
; cpu:cpu0|control_masterline:CPU_control|state~35 ; Lost fanout                                             ;
; Total Number of Removed Registers = 46           ;                                                         ;
+--------------------------------------------------+---------------------------------------------------------+


+------------------------------------------------------+
; General Register Statistics                          ;
+----------------------------------------------+-------+
; Statistic                                    ; Value ;
+----------------------------------------------+-------+
; Total registers                              ; 342   ;
; Number of registers using Synchronous Clear  ; 19    ;
; Number of registers using Synchronous Load   ; 33    ;
; Number of registers using Asynchronous Clear ; 32    ;
; Number of registers using Asynchronous Load  ; 0     ;
; Number of registers using Clock Enable       ; 300   ;
; Number of registers using Preset             ; 0     ;
+----------------------------------------------+-------+


+--------------------------------------------------------+
; Registers Packed Into Inferred Megafunctions           ;
+--------------------------+----------------------+------+
; Register Name            ; Megafunction         ; Type ;
+--------------------------+----------------------+------+
; mem4k:mem0|rddata[0..15] ; mem4k:mem0|mem_rtl_0 ; RAM  ;
+--------------------------+----------------------+------+


+-------------------------------------------------------------------------------------------------------------------------------------------------------------------------------------+
; Multiplexer Restructuring Statistics (No Restructuring Performed)                                                                                                                   ;
+--------------------+-----------+---------------+----------------------+------------------------+------------+-----------------------------------------------------------------------+
; Multiplexer Inputs ; Bus Width ; Baseline Area ; Area if Restructured ; Saving if Restructured ; Registered ; Example Multiplexer Output                                            ;
+--------------------+-----------+---------------+----------------------+------------------------+------------+-----------------------------------------------------------------------+
; 3:1                ; 16 bits   ; 32 LEs        ; 0 LEs                ; 32 LEs                 ; Yes        ; |de1soc_top|cpu:cpu0|data_masterline:CPU_data|tempReg2[9]             ;
; 3:1                ; 16 bits   ; 32 LEs        ; 0 LEs                ; 32 LEs                 ; Yes        ; |de1soc_top|cpu:cpu0|data_masterline:CPU_data|IR[0]                   ;
; 3:1                ; 16 bits   ; 32 LEs        ; 0 LEs                ; 32 LEs                 ; Yes        ; |de1soc_top|cpu:cpu0|data_masterline:CPU_data|ALU_in0[11]             ;
; 3:1                ; 16 bits   ; 32 LEs        ; 0 LEs                ; 32 LEs                 ; Yes        ; |de1soc_top|cpu:cpu0|data_masterline:CPU_data|ALU_in1[13]             ;
; 5:1                ; 15 bits   ; 45 LEs        ; 30 LEs               ; 15 LEs                 ; Yes        ; |de1soc_top|cpu:cpu0|data_masterline:CPU_data|o_mem_addr[7]           ;
; 5:1                ; 16 bits   ; 48 LEs        ; 0 LEs                ; 48 LEs                 ; Yes        ; |de1soc_top|cpu:cpu0|data_masterline:CPU_data|PC[4]                   ;
; 10:1               ; 8 bits    ; 48 LEs        ; 16 LEs               ; 32 LEs                 ; Yes        ; |de1soc_top|cpu:cpu0|data_masterline:CPU_data|reg_data_in[0]          ;
; 10:1               ; 7 bits    ; 42 LEs        ; 28 LEs               ; 14 LEs                 ; Yes        ; |de1soc_top|cpu:cpu0|data_masterline:CPU_data|reg_data_in[12]         ;
; 11:1               ; 16 bits   ; 112 LEs       ; 0 LEs                ; 112 LEs                ; Yes        ; |de1soc_top|cpu:cpu0|data_masterline:CPU_data|tempReg1[2]             ;
; 15:1               ; 3 bits    ; 30 LEs        ; 6 LEs                ; 24 LEs                 ; Yes        ; |de1soc_top|cpu:cpu0|data_masterline:CPU_data|reg_addr[0]             ;
; 8:1                ; 16 bits   ; 80 LEs        ; 80 LEs               ; 0 LEs                  ; No         ; |de1soc_top|cpu:cpu0|data_masterline:CPU_data|reg_file:RF|data_out[7] ;
+--------------------+-----------+---------------+----------------------+------------------------+------------+-----------------------------------------------------------------------+


+---------------------------------------------------------------------------------------+
; Source assignments for mem4k:mem0|altsyncram:mem_rtl_0|altsyncram_igr1:auto_generated ;
+---------------------------------+--------------------+------+-------------------------+
; Assignment                      ; Value              ; From ; To                      ;
+---------------------------------+--------------------+------+-------------------------+
; OPTIMIZE_POWER_DURING_SYNTHESIS ; NORMAL_COMPILATION ; -    ; -                       ;
+---------------------------------+--------------------+------+-------------------------+


+---------------------------------------------------------+
; Parameter Settings for User Entity Instance: mem4k:mem0 ;
+----------------+---------+------------------------------+
; Parameter Name ; Value   ; Type                         ;
+----------------+---------+------------------------------+
; HEX_FILE       ; mem.hex ; String                       ;
+----------------+---------+------------------------------+
Note: In order to hide this table in the UI and the text report file, please set the "Show Parameter Settings in Synthesis Report" option in "Analysis and Synthesis Settings -> More Settings" to "Off".


+--------------------------------------------------------------------------------------------+
; Parameter Settings for Inferred Entity Instance: mem4k:mem0|altsyncram:mem_rtl_0           ;
+------------------------------------+--------------------------------------+----------------+
; Parameter Name                     ; Value                                ; Type           ;
+------------------------------------+--------------------------------------+----------------+
; BYTE_SIZE_BLOCK                    ; 8                                    ; Untyped        ;
; AUTO_CARRY_CHAINS                  ; ON                                   ; AUTO_CARRY     ;
; IGNORE_CARRY_BUFFERS               ; OFF                                  ; IGNORE_CARRY   ;
; AUTO_CASCADE_CHAINS                ; ON                                   ; AUTO_CASCADE   ;
; IGNORE_CASCADE_BUFFERS             ; OFF                                  ; IGNORE_CASCADE ;
; WIDTH_BYTEENA                      ; 1                                    ; Untyped        ;
; OPERATION_MODE                     ; DUAL_PORT                            ; Untyped        ;
; WIDTH_A                            ; 16                                   ; Untyped        ;
; WIDTHAD_A                          ; 11                                   ; Untyped        ;
; NUMWORDS_A                         ; 2048                                 ; Untyped        ;
; OUTDATA_REG_A                      ; UNREGISTERED                         ; Untyped        ;
; ADDRESS_ACLR_A                     ; NONE                                 ; Untyped        ;
; OUTDATA_ACLR_A                     ; NONE                                 ; Untyped        ;
; WRCONTROL_ACLR_A                   ; NONE                                 ; Untyped        ;
; INDATA_ACLR_A                      ; NONE                                 ; Untyped        ;
; BYTEENA_ACLR_A                     ; NONE                                 ; Untyped        ;
; WIDTH_B                            ; 16                                   ; Untyped        ;
; WIDTHAD_B                          ; 11                                   ; Untyped        ;
; NUMWORDS_B                         ; 2048                                 ; Untyped        ;
; INDATA_REG_B                       ; CLOCK1                               ; Untyped        ;
; WRCONTROL_WRADDRESS_REG_B          ; CLOCK1                               ; Untyped        ;
; RDCONTROL_REG_B                    ; CLOCK1                               ; Untyped        ;
; ADDRESS_REG_B                      ; CLOCK0                               ; Untyped        ;
; OUTDATA_REG_B                      ; UNREGISTERED                         ; Untyped        ;
; BYTEENA_REG_B                      ; CLOCK1                               ; Untyped        ;
; INDATA_ACLR_B                      ; NONE                                 ; Untyped        ;
; WRCONTROL_ACLR_B                   ; NONE                                 ; Untyped        ;
; ADDRESS_ACLR_B                     ; NONE                                 ; Untyped        ;
; OUTDATA_ACLR_B                     ; NONE                                 ; Untyped        ;
; RDCONTROL_ACLR_B                   ; NONE                                 ; Untyped        ;
; BYTEENA_ACLR_B                     ; NONE                                 ; Untyped        ;
; WIDTH_BYTEENA_A                    ; 1                                    ; Untyped        ;
; WIDTH_BYTEENA_B                    ; 1                                    ; Untyped        ;
; RAM_BLOCK_TYPE                     ; AUTO                                 ; Untyped        ;
; BYTE_SIZE                          ; 8                                    ; Untyped        ;
; READ_DURING_WRITE_MODE_MIXED_PORTS ; OLD_DATA                             ; Untyped        ;
; READ_DURING_WRITE_MODE_PORT_A      ; NEW_DATA_NO_NBE_READ                 ; Untyped        ;
; READ_DURING_WRITE_MODE_PORT_B      ; NEW_DATA_NO_NBE_READ                 ; Untyped        ;
; INIT_FILE                          ; db/de1soc.ram0_mem4k_70ac2d1.hdl.mif ; Untyped        ;
; INIT_FILE_LAYOUT                   ; PORT_A                               ; Untyped        ;
; MAXIMUM_DEPTH                      ; 0                                    ; Untyped        ;
; CLOCK_ENABLE_INPUT_A               ; NORMAL                               ; Untyped        ;
; CLOCK_ENABLE_INPUT_B               ; NORMAL                               ; Untyped        ;
; CLOCK_ENABLE_OUTPUT_A              ; NORMAL                               ; Untyped        ;
; CLOCK_ENABLE_OUTPUT_B              ; NORMAL                               ; Untyped        ;
; CLOCK_ENABLE_CORE_A                ; USE_INPUT_CLKEN                      ; Untyped        ;
; CLOCK_ENABLE_CORE_B                ; USE_INPUT_CLKEN                      ; Untyped        ;
; ENABLE_ECC                         ; FALSE                                ; Untyped        ;
; ECC_PIPELINE_STAGE_ENABLED         ; FALSE                                ; Untyped        ;
; WIDTH_ECCSTATUS                    ; 3                                    ; Untyped        ;
; DEVICE_FAMILY                      ; Cyclone V                            ; Untyped        ;
; CBXI_PARAMETER                     ; altsyncram_igr1                      ; Untyped        ;
+------------------------------------+--------------------------------------+----------------+
Note: In order to hide this table in the UI and the text report file, please set the "Show Parameter Settings in Synthesis Report" option in "Analysis and Synthesis Settings -> More Settings" to "Off".


+-----------------------------------------------------------------------------+
; altsyncram Parameter Settings by Entity Instance                            ;
+-------------------------------------------+---------------------------------+
; Name                                      ; Value                           ;
+-------------------------------------------+---------------------------------+
; Number of entity instances                ; 1                               ;
; Entity Instance                           ; mem4k:mem0|altsyncram:mem_rtl_0 ;
;     -- OPERATION_MODE                     ; DUAL_PORT                       ;
;     -- WIDTH_A                            ; 16                              ;
;     -- NUMWORDS_A                         ; 2048                            ;
;     -- OUTDATA_REG_A                      ; UNREGISTERED                    ;
;     -- WIDTH_B                            ; 16                              ;
;     -- NUMWORDS_B                         ; 2048                            ;
;     -- ADDRESS_REG_B                      ; CLOCK0                          ;
;     -- OUTDATA_REG_B                      ; UNREGISTERED                    ;
;     -- RAM_BLOCK_TYPE                     ; AUTO                            ;
;     -- READ_DURING_WRITE_MODE_MIXED_PORTS ; OLD_DATA                        ;
+-------------------------------------------+---------------------------------+


+--------------------------------------------------------------------------------------------------------------------+
; Port Connectivity Checks: "cpu:cpu0"                                                                               ;
+----------+--------+----------+-------------------------------------------------------------------------------------+
; Port     ; Type   ; Severity ; Details                                                                             ;
+----------+--------+----------+-------------------------------------------------------------------------------------+
; o_mem_rd ; Output ; Info     ; Connected to dangling logic. Logic that only feeds a dangling port will be removed. ;
+----------+--------+----------+-------------------------------------------------------------------------------------+


+-----------------------------------------------------+
; Post-Synthesis Netlist Statistics for Top Partition ;
+-----------------------+-----------------------------+
; Type                  ; Count                       ;
+-----------------------+-----------------------------+
; arriav_ff             ; 342                         ;
;     CLR               ; 32                          ;
;     ENA               ; 251                         ;
;     ENA SCLR          ; 17                          ;
;     ENA SCLR SLD      ; 1                           ;
;     ENA SLD           ; 31                          ;
;     SCLR SLD          ; 1                           ;
;     plain             ; 9                           ;
; arriav_lcell_comb     ; 367                         ;
;     arith             ; 32                          ;
;         1 data inputs ; 1                           ;
;         2 data inputs ; 15                          ;
;         3 data inputs ; 16                          ;
;     extend            ; 32                          ;
;         7 data inputs ; 32                          ;
;     normal            ; 303                         ;
;         0 data inputs ; 1                           ;
;         2 data inputs ; 38                          ;
;         3 data inputs ; 84                          ;
;         4 data inputs ; 48                          ;
;         5 data inputs ; 19                          ;
;         6 data inputs ; 113                         ;
; boundary_port         ; 96                          ;
; stratixv_ram_block    ; 16                          ;
;                       ;                             ;
; Max LUT depth         ; 4.60                        ;
; Average LUT depth     ; 2.45                        ;
+-----------------------+-----------------------------+


+-------------------------------+
; Elapsed Time Per Partition    ;
+----------------+--------------+
; Partition Name ; Elapsed Time ;
+----------------+--------------+
; Top            ; 00:00:01     ;
+----------------+--------------+


+-------------------------------+
; Analysis & Synthesis Messages ;
+-------------------------------+
Info: *******************************************************************
Info: Running Quartus Prime Analysis & Synthesis
    Info: Version 16.0.0 Build 211 04/27/2016 SJ Lite Edition
    Info: Processing started: Wed Mar 21 01:15:12 2018
Info: Command: quartus_map --read_settings_files=on --write_settings_files=off de1soc -c de1soc
Info (16303): Aggressive Performance optimization mode selected -- timing performance will be prioritized at the potential cost of increased logic area and compilation time
Warning (18236): Number of processors has not been specified which may cause overloading on shared machines.  Set the global assignment NUM_PARALLEL_PROCESSORS in your QSF to an appropriate value for best performance.
Info (20030): Parallel compilation is enabled and will use 2 of the 2 processors detected
Info (12021): Found 1 design units, including 1 entities, in source file de1soc_top.sv
    Info (12023): Found entity 1: de1soc_top File: C:/Dev/ECE342/Lab6/part1/de1soc_top.sv Line: 1
Info (12127): Elaborating entity "de1soc_top" for the top level hierarchy
Warning (10034): Output port "HEX0" at de1soc_top.sv(7) has no driver File: C:/Dev/ECE342/Lab6/part1/de1soc_top.sv Line: 7
Warning (10034): Output port "HEX1" at de1soc_top.sv(8) has no driver File: C:/Dev/ECE342/Lab6/part1/de1soc_top.sv Line: 8
Warning (10034): Output port "HEX2" at de1soc_top.sv(9) has no driver File: C:/Dev/ECE342/Lab6/part1/de1soc_top.sv Line: 9
Warning (10034): Output port "HEX3" at de1soc_top.sv(10) has no driver File: C:/Dev/ECE342/Lab6/part1/de1soc_top.sv Line: 10
Warning (10034): Output port "HEX4" at de1soc_top.sv(11) has no driver File: C:/Dev/ECE342/Lab6/part1/de1soc_top.sv Line: 11
Warning (10034): Output port "HEX5" at de1soc_top.sv(12) has no driver File: C:/Dev/ECE342/Lab6/part1/de1soc_top.sv Line: 12
Warning (10034): Output port "LEDR[9..8]" at de1soc_top.sv(18) has no driver File: C:/Dev/ECE342/Lab6/part1/de1soc_top.sv Line: 18
Warning (10034): Output port "VGA_B" at de1soc_top.sv(24) has no driver File: C:/Dev/ECE342/Lab6/part1/de1soc_top.sv Line: 24
Warning (10034): Output port "VGA_G" at de1soc_top.sv(27) has no driver File: C:/Dev/ECE342/Lab6/part1/de1soc_top.sv Line: 27
Warning (10034): Output port "VGA_R" at de1soc_top.sv(29) has no driver File: C:/Dev/ECE342/Lab6/part1/de1soc_top.sv Line: 29
Warning (10034): Output port "VGA_BLANK_N" at de1soc_top.sv(25) has no driver File: C:/Dev/ECE342/Lab6/part1/de1soc_top.sv Line: 25
Warning (10034): Output port "VGA_CLK" at de1soc_top.sv(26) has no driver File: C:/Dev/ECE342/Lab6/part1/de1soc_top.sv Line: 26
Warning (10034): Output port "VGA_HS" at de1soc_top.sv(28) has no driver File: C:/Dev/ECE342/Lab6/part1/de1soc_top.sv Line: 28
Warning (10034): Output port "VGA_SYNC_N" at de1soc_top.sv(30) has no driver File: C:/Dev/ECE342/Lab6/part1/de1soc_top.sv Line: 30
Warning (10034): Output port "VGA_VS" at de1soc_top.sv(32) has no driver File: C:/Dev/ECE342/Lab6/part1/de1soc_top.sv Line: 32
Warning (12125): Using design file cpu.sv, which is not specified as a design file for the current project, but contains definitions for 1 design units and 1 entities in project
    Info (12023): Found entity 1: cpu File: C:/Dev/ECE342/Lab6/part1/cpu.sv Line: 2
Info (12128): Elaborating entity "cpu" for hierarchy "cpu:cpu0" File: C:/Dev/ECE342/Lab6/part1/de1soc_top.sv Line: 78
Warning (12125): Using design file control_masterline.sv, which is not specified as a design file for the current project, but contains definitions for 1 design units and 1 entities in project
    Info (12023): Found entity 1: control_masterline File: C:/Dev/ECE342/Lab6/part1/control_masterline.sv Line: 2
Info (12128): Elaborating entity "control_masterline" for hierarchy "cpu:cpu0|control_masterline:CPU_control" File: C:/Dev/ECE342/Lab6/part1/cpu.sv Line: 84
Warning (10036): Verilog HDL or VHDL warning at control_masterline.sv(43): object "o_mem_rd" assigned a value but never read File: C:/Dev/ECE342/Lab6/part1/control_masterline.sv Line: 43
Warning (10036): Verilog HDL or VHDL warning at control_masterline.sv(44): object "o_mem_wr" assigned a value but never read File: C:/Dev/ECE342/Lab6/part1/control_masterline.sv Line: 44
Warning (10270): Verilog HDL Case Statement warning at control_masterline.sv(167): incomplete case statement has no default case item File: C:/Dev/ECE342/Lab6/part1/control_masterline.sv Line: 167
Warning (12125): Using design file data_masterline.sv, which is not specified as a design file for the current project, but contains definitions for 1 design units and 1 entities in project
    Info (12023): Found entity 1: data_masterline File: C:/Dev/ECE342/Lab6/part1/data_masterline.sv Line: 2
Info (12128): Elaborating entity "data_masterline" for hierarchy "cpu:cpu0|data_masterline:CPU_data" File: C:/Dev/ECE342/Lab6/part1/cpu.sv Line: 127
Warning (10036): Verilog HDL or VHDL warning at data_masterline.sv(102): object "mem_data" assigned a value but never read File: C:/Dev/ECE342/Lab6/part1/data_masterline.sv Line: 102
Warning (10235): Verilog HDL Always Construct warning at data_masterline.sv(67): variable "N_temp" is read inside the Always Construct but isn't in the Always Construct's Event Control File: C:/Dev/ECE342/Lab6/part1/data_masterline.sv Line: 67
Warning (10235): Verilog HDL Always Construct warning at data_masterline.sv(68): variable "Z_temp" is read inside the Always Construct but isn't in the Always Construct's Event Control File: C:/Dev/ECE342/Lab6/part1/data_masterline.sv Line: 68
Warning (10230): Verilog HDL assignment warning at data_masterline.sv(254): truncated value with size 32 to match size of target (16) File: C:/Dev/ECE342/Lab6/part1/data_masterline.sv Line: 254
Warning (12125): Using design file alu.sv, which is not specified as a design file for the current project, but contains definitions for 1 design units and 1 entities in project
    Info (12023): Found entity 1: ALU File: C:/Dev/ECE342/Lab6/part1/alu.sv Line: 2
Info (12128): Elaborating entity "ALU" for hierarchy "cpu:cpu0|data_masterline:CPU_data|ALU:ALU0" File: C:/Dev/ECE342/Lab6/part1/data_masterline.sv Line: 65
Warning (12125): Using design file reg_file.sv, which is not specified as a design file for the current project, but contains definitions for 1 design units and 1 entities in project
    Info (12023): Found entity 1: reg_file File: C:/Dev/ECE342/Lab6/part1/reg_file.sv Line: 2
Info (12128): Elaborating entity "reg_file" for hierarchy "cpu:cpu0|data_masterline:CPU_data|reg_file:RF" File: C:/Dev/ECE342/Lab6/part1/data_masterline.sv Line: 88
Warning (12125): Using design file mem4k_decoder.sv, which is not specified as a design file for the current project, but contains definitions for 1 design units and 1 entities in project
    Info (12023): Found entity 1: mem4k_decoder File: C:/Dev/ECE342/Lab6/part1/mem4k_decoder.sv Line: 2
Info (12128): Elaborating entity "mem4k_decoder" for hierarchy "mem4k_decoder:mem_decoder0" File: C:/Dev/ECE342/Lab6/part1/de1soc_top.sv Line: 87
Warning (10230): Verilog HDL assignment warning at mem4k_decoder.sv(11): truncated value with size 12 to match size of target (11) File: C:/Dev/ECE342/Lab6/part1/mem4k_decoder.sv Line: 11
Warning (12125): Using design file mem4k.sv, which is not specified as a design file for the current project, but contains definitions for 1 design units and 1 entities in project
    Info (12023): Found entity 1: mem4k File: C:/Dev/ECE342/Lab6/part1/mem4k.sv Line: 5
Info (12128): Elaborating entity "mem4k" for hierarchy "mem4k:mem0" File: C:/Dev/ECE342/Lab6/part1/de1soc_top.sv Line: 97
Warning (10850): Verilog HDL warning at mem4k.sv(24): number of words (7) in memory file does not match the number of elements in the address range [0:2047] File: C:/Dev/ECE342/Lab6/part1/mem4k.sv Line: 24
Warning (12125): Using design file sw_or_mem.sv, which is not specified as a design file for the current project, but contains definitions for 1 design units and 1 entities in project
    Info (12023): Found entity 1: SW_or_mem File: C:/Dev/ECE342/Lab6/part1/sw_or_mem.sv Line: 2
Info (12128): Elaborating entity "SW_or_mem" for hierarchy "SW_or_mem:som0" File: C:/Dev/ECE342/Lab6/part1/de1soc_top.sv Line: 104
Warning (12125): Using design file ledr_decoder.sv, which is not specified as a design file for the current project, but contains definitions for 1 design units and 1 entities in project
    Info (12023): Found entity 1: LEDR_decoder File: C:/Dev/ECE342/Lab6/part1/ledr_decoder.sv Line: 2
Info (12128): Elaborating entity "LEDR_decoder" for hierarchy "LEDR_decoder:LEDRD" File: C:/Dev/ECE342/Lab6/part1/de1soc_top.sv Line: 112
Info (19000): Inferred 1 megafunctions from design logic
    Info (276029): Inferred altsyncram megafunction from the following design logic: "mem4k:mem0|mem_rtl_0" 
        Info (286033): Parameter OPERATION_MODE set to DUAL_PORT
        Info (286033): Parameter WIDTH_A set to 16
        Info (286033): Parameter WIDTHAD_A set to 11
        Info (286033): Parameter NUMWORDS_A set to 2048
        Info (286033): Parameter WIDTH_B set to 16
        Info (286033): Parameter WIDTHAD_B set to 11
        Info (286033): Parameter NUMWORDS_B set to 2048
        Info (286033): Parameter ADDRESS_ACLR_A set to NONE
        Info (286033): Parameter OUTDATA_REG_B set to UNREGISTERED
        Info (286033): Parameter ADDRESS_ACLR_B set to NONE
        Info (286033): Parameter OUTDATA_ACLR_B set to NONE
        Info (286033): Parameter ADDRESS_REG_B set to CLOCK0
        Info (286033): Parameter INDATA_ACLR_A set to NONE
        Info (286033): Parameter WRCONTROL_ACLR_A set to NONE
        Info (286033): Parameter INIT_FILE set to db/de1soc.ram0_mem4k_70ac2d1.hdl.mif
        Info (286033): Parameter READ_DURING_WRITE_MODE_MIXED_PORTS set to OLD_DATA
Info (12130): Elaborated megafunction instantiation "mem4k:mem0|altsyncram:mem_rtl_0"
Info (12133): Instantiated megafunction "mem4k:mem0|altsyncram:mem_rtl_0" with the following parameter:
    Info (12134): Parameter "OPERATION_MODE" = "DUAL_PORT"
    Info (12134): Parameter "WIDTH_A" = "16"
    Info (12134): Parameter "WIDTHAD_A" = "11"
    Info (12134): Parameter "NUMWORDS_A" = "2048"
    Info (12134): Parameter "WIDTH_B" = "16"
    Info (12134): Parameter "WIDTHAD_B" = "11"
    Info (12134): Parameter "NUMWORDS_B" = "2048"
    Info (12134): Parameter "ADDRESS_ACLR_A" = "NONE"
    Info (12134): Parameter "OUTDATA_REG_B" = "UNREGISTERED"
    Info (12134): Parameter "ADDRESS_ACLR_B" = "NONE"
    Info (12134): Parameter "OUTDATA_ACLR_B" = "NONE"
    Info (12134): Parameter "ADDRESS_REG_B" = "CLOCK0"
    Info (12134): Parameter "INDATA_ACLR_A" = "NONE"
    Info (12134): Parameter "WRCONTROL_ACLR_A" = "NONE"
    Info (12134): Parameter "INIT_FILE" = "db/de1soc.ram0_mem4k_70ac2d1.hdl.mif"
    Info (12134): Parameter "READ_DURING_WRITE_MODE_MIXED_PORTS" = "OLD_DATA"
Info (12021): Found 1 design units, including 1 entities, in source file db/altsyncram_igr1.tdf
    Info (12023): Found entity 1: altsyncram_igr1 File: C:/Dev/ECE342/Lab6/part1/db/altsyncram_igr1.tdf Line: 28
Warning (13024): Output pins are stuck at VCC or GND
    Warning (13410): Pin "HEX0[0]" is stuck at GND File: C:/Dev/ECE342/Lab6/part1/de1soc_top.sv Line: 7
    Warning (13410): Pin "HEX0[1]" is stuck at GND File: C:/Dev/ECE342/Lab6/part1/de1soc_top.sv Line: 7
    Warning (13410): Pin "HEX0[2]" is stuck at GND File: C:/Dev/ECE342/Lab6/part1/de1soc_top.sv Line: 7
    Warning (13410): Pin "HEX0[3]" is stuck at GND File: C:/Dev/ECE342/Lab6/part1/de1soc_top.sv Line: 7
    Warning (13410): Pin "HEX0[4]" is stuck at GND File: C:/Dev/ECE342/Lab6/part1/de1soc_top.sv Line: 7
    Warning (13410): Pin "HEX0[5]" is stuck at GND File: C:/Dev/ECE342/Lab6/part1/de1soc_top.sv Line: 7
    Warning (13410): Pin "HEX0[6]" is stuck at GND File: C:/Dev/ECE342/Lab6/part1/de1soc_top.sv Line: 7
    Warning (13410): Pin "HEX1[0]" is stuck at GND File: C:/Dev/ECE342/Lab6/part1/de1soc_top.sv Line: 8
    Warning (13410): Pin "HEX1[1]" is stuck at GND File: C:/Dev/ECE342/Lab6/part1/de1soc_top.sv Line: 8
    Warning (13410): Pin "HEX1[2]" is stuck at GND File: C:/Dev/ECE342/Lab6/part1/de1soc_top.sv Line: 8
    Warning (13410): Pin "HEX1[3]" is stuck at GND File: C:/Dev/ECE342/Lab6/part1/de1soc_top.sv Line: 8
    Warning (13410): Pin "HEX1[4]" is stuck at GND File: C:/Dev/ECE342/Lab6/part1/de1soc_top.sv Line: 8
    Warning (13410): Pin "HEX1[5]" is stuck at GND File: C:/Dev/ECE342/Lab6/part1/de1soc_top.sv Line: 8
    Warning (13410): Pin "HEX1[6]" is stuck at GND File: C:/Dev/ECE342/Lab6/part1/de1soc_top.sv Line: 8
    Warning (13410): Pin "HEX2[0]" is stuck at GND File: C:/Dev/ECE342/Lab6/part1/de1soc_top.sv Line: 9
    Warning (13410): Pin "HEX2[1]" is stuck at GND File: C:/Dev/ECE342/Lab6/part1/de1soc_top.sv Line: 9
    Warning (13410): Pin "HEX2[2]" is stuck at GND File: C:/Dev/ECE342/Lab6/part1/de1soc_top.sv Line: 9
    Warning (13410): Pin "HEX2[3]" is stuck at GND File: C:/Dev/ECE342/Lab6/part1/de1soc_top.sv Line: 9
    Warning (13410): Pin "HEX2[4]" is stuck at GND File: C:/Dev/ECE342/Lab6/part1/de1soc_top.sv Line: 9
    Warning (13410): Pin "HEX2[5]" is stuck at GND File: C:/Dev/ECE342/Lab6/part1/de1soc_top.sv Line: 9
    Warning (13410): Pin "HEX2[6]" is stuck at GND File: C:/Dev/ECE342/Lab6/part1/de1soc_top.sv Line: 9
    Warning (13410): Pin "HEX3[0]" is stuck at GND File: C:/Dev/ECE342/Lab6/part1/de1soc_top.sv Line: 10
    Warning (13410): Pin "HEX3[1]" is stuck at GND File: C:/Dev/ECE342/Lab6/part1/de1soc_top.sv Line: 10
    Warning (13410): Pin "HEX3[2]" is stuck at GND File: C:/Dev/ECE342/Lab6/part1/de1soc_top.sv Line: 10
    Warning (13410): Pin "HEX3[3]" is stuck at GND File: C:/Dev/ECE342/Lab6/part1/de1soc_top.sv Line: 10
    Warning (13410): Pin "HEX3[4]" is stuck at GND File: C:/Dev/ECE342/Lab6/part1/de1soc_top.sv Line: 10
    Warning (13410): Pin "HEX3[5]" is stuck at GND File: C:/Dev/ECE342/Lab6/part1/de1soc_top.sv Line: 10
    Warning (13410): Pin "HEX3[6]" is stuck at GND File: C:/Dev/ECE342/Lab6/part1/de1soc_top.sv Line: 10
    Warning (13410): Pin "HEX4[0]" is stuck at GND File: C:/Dev/ECE342/Lab6/part1/de1soc_top.sv Line: 11
    Warning (13410): Pin "HEX4[1]" is stuck at GND File: C:/Dev/ECE342/Lab6/part1/de1soc_top.sv Line: 11
    Warning (13410): Pin "HEX4[2]" is stuck at GND File: C:/Dev/ECE342/Lab6/part1/de1soc_top.sv Line: 11
    Warning (13410): Pin "HEX4[3]" is stuck at GND File: C:/Dev/ECE342/Lab6/part1/de1soc_top.sv Line: 11
    Warning (13410): Pin "HEX4[4]" is stuck at GND File: C:/Dev/ECE342/Lab6/part1/de1soc_top.sv Line: 11
    Warning (13410): Pin "HEX4[5]" is stuck at GND File: C:/Dev/ECE342/Lab6/part1/de1soc_top.sv Line: 11
    Warning (13410): Pin "HEX4[6]" is stuck at GND File: C:/Dev/ECE342/Lab6/part1/de1soc_top.sv Line: 11
    Warning (13410): Pin "HEX5[0]" is stuck at GND File: C:/Dev/ECE342/Lab6/part1/de1soc_top.sv Line: 12
    Warning (13410): Pin "HEX5[1]" is stuck at GND File: C:/Dev/ECE342/Lab6/part1/de1soc_top.sv Line: 12
    Warning (13410): Pin "HEX5[2]" is stuck at GND File: C:/Dev/ECE342/Lab6/part1/de1soc_top.sv Line: 12
    Warning (13410): Pin "HEX5[3]" is stuck at GND File: C:/Dev/ECE342/Lab6/part1/de1soc_top.sv Line: 12
    Warning (13410): Pin "HEX5[4]" is stuck at GND File: C:/Dev/ECE342/Lab6/part1/de1soc_top.sv Line: 12
    Warning (13410): Pin "HEX5[5]" is stuck at GND File: C:/Dev/ECE342/Lab6/part1/de1soc_top.sv Line: 12
    Warning (13410): Pin "HEX5[6]" is stuck at GND File: C:/Dev/ECE342/Lab6/part1/de1soc_top.sv Line: 12
    Warning (13410): Pin "LEDR[8]" is stuck at GND File: C:/Dev/ECE342/Lab6/part1/de1soc_top.sv Line: 18
    Warning (13410): Pin "LEDR[9]" is stuck at GND File: C:/Dev/ECE342/Lab6/part1/de1soc_top.sv Line: 18
    Warning (13410): Pin "VGA_B[0]" is stuck at GND File: C:/Dev/ECE342/Lab6/part1/de1soc_top.sv Line: 24
    Warning (13410): Pin "VGA_B[1]" is stuck at GND File: C:/Dev/ECE342/Lab6/part1/de1soc_top.sv Line: 24
    Warning (13410): Pin "VGA_B[2]" is stuck at GND File: C:/Dev/ECE342/Lab6/part1/de1soc_top.sv Line: 24
    Warning (13410): Pin "VGA_B[3]" is stuck at GND File: C:/Dev/ECE342/Lab6/part1/de1soc_top.sv Line: 24
    Warning (13410): Pin "VGA_B[4]" is stuck at GND File: C:/Dev/ECE342/Lab6/part1/de1soc_top.sv Line: 24
    Warning (13410): Pin "VGA_B[5]" is stuck at GND File: C:/Dev/ECE342/Lab6/part1/de1soc_top.sv Line: 24
    Warning (13410): Pin "VGA_B[6]" is stuck at GND File: C:/Dev/ECE342/Lab6/part1/de1soc_top.sv Line: 24
    Warning (13410): Pin "VGA_B[7]" is stuck at GND File: C:/Dev/ECE342/Lab6/part1/de1soc_top.sv Line: 24
    Warning (13410): Pin "VGA_BLANK_N" is stuck at GND File: C:/Dev/ECE342/Lab6/part1/de1soc_top.sv Line: 25
    Warning (13410): Pin "VGA_CLK" is stuck at GND File: C:/Dev/ECE342/Lab6/part1/de1soc_top.sv Line: 26
    Warning (13410): Pin "VGA_G[0]" is stuck at GND File: C:/Dev/ECE342/Lab6/part1/de1soc_top.sv Line: 27
    Warning (13410): Pin "VGA_G[1]" is stuck at GND File: C:/Dev/ECE342/Lab6/part1/de1soc_top.sv Line: 27
    Warning (13410): Pin "VGA_G[2]" is stuck at GND File: C:/Dev/ECE342/Lab6/part1/de1soc_top.sv Line: 27
    Warning (13410): Pin "VGA_G[3]" is stuck at GND File: C:/Dev/ECE342/Lab6/part1/de1soc_top.sv Line: 27
    Warning (13410): Pin "VGA_G[4]" is stuck at GND File: C:/Dev/ECE342/Lab6/part1/de1soc_top.sv Line: 27
    Warning (13410): Pin "VGA_G[5]" is stuck at GND File: C:/Dev/ECE342/Lab6/part1/de1soc_top.sv Line: 27
    Warning (13410): Pin "VGA_G[6]" is stuck at GND File: C:/Dev/ECE342/Lab6/part1/de1soc_top.sv Line: 27
    Warning (13410): Pin "VGA_G[7]" is stuck at GND File: C:/Dev/ECE342/Lab6/part1/de1soc_top.sv Line: 27
    Warning (13410): Pin "VGA_HS" is stuck at GND File: C:/Dev/ECE342/Lab6/part1/de1soc_top.sv Line: 28
    Warning (13410): Pin "VGA_R[0]" is stuck at GND File: C:/Dev/ECE342/Lab6/part1/de1soc_top.sv Line: 29
    Warning (13410): Pin "VGA_R[1]" is stuck at GND File: C:/Dev/ECE342/Lab6/part1/de1soc_top.sv Line: 29
    Warning (13410): Pin "VGA_R[2]" is stuck at GND File: C:/Dev/ECE342/Lab6/part1/de1soc_top.sv Line: 29
    Warning (13410): Pin "VGA_R[3]" is stuck at GND File: C:/Dev/ECE342/Lab6/part1/de1soc_top.sv Line: 29
    Warning (13410): Pin "VGA_R[4]" is stuck at GND File: C:/Dev/ECE342/Lab6/part1/de1soc_top.sv Line: 29
    Warning (13410): Pin "VGA_R[5]" is stuck at GND File: C:/Dev/ECE342/Lab6/part1/de1soc_top.sv Line: 29
    Warning (13410): Pin "VGA_R[6]" is stuck at GND File: C:/Dev/ECE342/Lab6/part1/de1soc_top.sv Line: 29
    Warning (13410): Pin "VGA_R[7]" is stuck at GND File: C:/Dev/ECE342/Lab6/part1/de1soc_top.sv Line: 29
    Warning (13410): Pin "VGA_SYNC_N" is stuck at GND File: C:/Dev/ECE342/Lab6/part1/de1soc_top.sv Line: 30
    Warning (13410): Pin "VGA_VS" is stuck at GND File: C:/Dev/ECE342/Lab6/part1/de1soc_top.sv Line: 32
Info (286030): Timing-Driven Synthesis is running
Info (17049): 32 registers lost all their fanouts during netlist optimizations.
Info (144001): Generated suppressed messages file C:/Dev/ECE342/Lab6/part1/out/de1soc.map.smsg
Info (16010): Generating hard_block partition "hard_block:auto_generated_inst"
    Info (16011): Adding 0 node(s), including 0 DDIO, 0 PLL, 0 transceiver and 0 LCELL
Warning (21074): Design contains 5 input pin(s) that do not drive logic
    Warning (15610): No output dependent on input pin "KEY[1]" File: C:/Dev/ECE342/Lab6/part1/de1soc_top.sv Line: 15
    Warning (15610): No output dependent on input pin "KEY[2]" File: C:/Dev/ECE342/Lab6/part1/de1soc_top.sv Line: 15
    Warning (15610): No output dependent on input pin "KEY[3]" File: C:/Dev/ECE342/Lab6/part1/de1soc_top.sv Line: 15
    Warning (15610): No output dependent on input pin "SW[8]" File: C:/Dev/ECE342/Lab6/part1/de1soc_top.sv Line: 21
    Warning (15610): No output dependent on input pin "SW[9]" File: C:/Dev/ECE342/Lab6/part1/de1soc_top.sv Line: 21
Info (21057): Implemented 671 device resources after synthesis - the final resource count might be different
    Info (21058): Implemented 15 input pins
    Info (21059): Implemented 81 output pins
    Info (21061): Implemented 559 logic cells
    Info (21064): Implemented 16 RAM segments
Info: Quartus Prime Analysis & Synthesis was successful. 0 errors, 114 warnings
    Info: Peak virtual memory: 959 megabytes
    Info: Processing ended: Wed Mar 21 01:15:29 2018
    Info: Elapsed time: 00:00:17
    Info: Total CPU time (on all processors): 00:00:35


+------------------------------------------+
; Analysis & Synthesis Suppressed Messages ;
+------------------------------------------+
The suppressed messages can be found in C:/Dev/ECE342/Lab6/part1/out/de1soc.map.smsg.


