Flow report for de1soc
Tue Mar 27 14:57:33 2018
Quartus Prime Version 17.1.0 Build 590 10/25/2017 SJ Lite Edition


---------------------
; Table of Contents ;
---------------------
  1. Legal Notice
  2. Flow Summary
  3. Flow Settings
  4. Flow Non-Default Global Settings
  5. Flow Elapsed Time
  6. Flow OS Summary
  7. Flow Log
  8. Flow Messages
  9. Flow Suppressed Messages



----------------
; Legal Notice ;
----------------
Copyright (C) 2017  Intel Corporation. All rights reserved.
Your use of Intel Corporation's design tools, logic functions 
and other software and tools, and its AMPP partner logic 
functions, and any output files from any of the foregoing 
(including device programming or simulation files), and any 
associated documentation or information are expressly subject 
to the terms and conditions of the Intel Program License 
Subscription Agreement, the Intel Quartus Prime License Agreement,
the Intel FPGA IP License Agreement, or other applicable license
agreement, including, without limitation, that your use is for
the sole purpose of programming logic devices manufactured by
Intel and sold by Intel or its authorized distributors.  Please
refer to the applicable agreement for further details.



+-------------------------------------------------------------------------------+
; Flow Summary                                                                  ;
+---------------------------------+---------------------------------------------+
; Flow Status                     ; Successful - Tue Mar 27 14:57:33 2018       ;
; Quartus Prime Version           ; 17.1.0 Build 590 10/25/2017 SJ Lite Edition ;
; Revision Name                   ; de1soc                                      ;
; Top-level Entity Name           ; de1soc_top                                  ;
; Family                          ; Cyclone V                                   ;
; Device                          ; 5CSEMA5F31C6                                ;
; Timing Models                   ; Final                                       ;
; Logic utilization (in ALMs)     ; 379 / 32,070 ( 1 % )                        ;
; Total registers                 ; 619                                         ;
; Total pins                      ; 96 / 457 ( 21 % )                           ;
; Total virtual pins              ; 0                                           ;
; Total block memory bits         ; 32,768 / 4,065,280 ( < 1 % )                ;
; Total DSP Blocks                ; 0 / 87 ( 0 % )                              ;
; Total HSSI RX PCSs              ; 0                                           ;
; Total HSSI PMA RX Deserializers ; 0                                           ;
; Total HSSI TX PCSs              ; 0                                           ;
; Total HSSI PMA TX Serializers   ; 0                                           ;
; Total PLLs                      ; 0 / 6 ( 0 % )                               ;
; Total DLLs                      ; 0 / 4 ( 0 % )                               ;
+---------------------------------+---------------------------------------------+


+-----------------------------------------+
; Flow Settings                           ;
+-------------------+---------------------+
; Option            ; Setting             ;
+-------------------+---------------------+
; Start date & time ; 03/27/2018 13:59:10 ;
; Main task         ; Compilation         ;
; Revision Name     ; de1soc              ;
+-------------------+---------------------+


+--------------------------------------------------------------------------------------------------------------------------+
; Flow Non-Default Global Settings                                                                                         ;
+--------------------------------------+----------------------------------------+---------------+-------------+------------+
; Assignment Name                      ; Value                                  ; Default Value ; Entity Name ; Section Id ;
+--------------------------------------+----------------------------------------+---------------+-------------+------------+
; COMPILER_SIGNATURE_ID                ; 235387195406444.152217354917420        ; --            ; --          ; --         ;
; FITTER_EFFORT                        ; Standard Fit                           ; Auto Fit      ; --          ; --         ;
; MAX_CORE_JUNCTION_TEMP               ; 85                                     ; --            ; --          ; --         ;
; MIN_CORE_JUNCTION_TEMP               ; 0                                      ; --            ; --          ; --         ;
; MUX_RESTRUCTURE                      ; Off                                    ; Auto          ; --          ; --         ;
; OPTIMIZATION_MODE                    ; Aggressive Performance                 ; Balanced      ; --          ; --         ;
; OPTIMIZATION_TECHNIQUE               ; Speed                                  ; Balanced      ; --          ; --         ;
; PARTITION_COLOR                      ; -- (Not supported for targeted family) ; --            ; de1soc_top  ; Top        ;
; PARTITION_FITTER_PRESERVATION_LEVEL  ; -- (Not supported for targeted family) ; --            ; de1soc_top  ; Top        ;
; PARTITION_NETLIST_TYPE               ; -- (Not supported for targeted family) ; --            ; de1soc_top  ; Top        ;
; PHYSICAL_SYNTHESIS_COMBO_LOGIC       ; On                                     ; Off           ; --          ; --         ;
; PHYSICAL_SYNTHESIS_REGISTER_RETIMING ; On                                     ; Off           ; --          ; --         ;
; PLACEMENT_EFFORT_MULTIPLIER          ; 4.0                                    ; 1.0           ; --          ; --         ;
; POWER_BOARD_THERMAL_MODEL            ; None (CONSERVATIVE)                    ; --            ; --          ; --         ;
; POWER_PRESET_COOLING_SOLUTION        ; 23 MM HEAT SINK WITH 200 LFPM AIRFLOW  ; --            ; --          ; --         ;
; PROJECT_OUTPUT_DIRECTORY             ; out                                    ; --            ; --          ; --         ;
; ROUTER_TIMING_OPTIMIZATION_LEVEL     ; MAXIMUM                                ; Normal        ; --          ; --         ;
; TOP_LEVEL_ENTITY                     ; de1soc_top                             ; de1soc        ; --          ; --         ;
+--------------------------------------+----------------------------------------+---------------+-------------+------------+


+-------------------------------------------------------------------------------------------------------------------------------+
; Flow Elapsed Time                                                                                                             ;
+---------------------------+--------------+-------------------------+---------------------+------------------------------------+
; Module Name               ; Elapsed Time ; Average Processors Used ; Peak Virtual Memory ; Total CPU Time (on all processors) ;
+---------------------------+--------------+-------------------------+---------------------+------------------------------------+
; Analysis & Synthesis      ; 00:00:43     ; 1.0                     ; 771 MB              ; 00:01:25                           ;
; Fitter                    ; 00:01:57     ; 1.0                     ; 2683 MB             ; 00:03:34                           ;
; Assembler                 ; 00:00:11     ; 1.0                     ; 756 MB              ; 00:00:08                           ;
; TimeQuest Timing Analyzer ; 00:00:15     ; 1.1                     ; 1301 MB             ; 00:00:16                           ;
; MIF/HEX Update            ; 00:00:05     ; 1.0                     ; 801 MB              ; 00:00:05                           ;
; Assembler                 ; 00:00:09     ; 1.0                     ; 757 MB              ; 00:00:09                           ;
; MIF/HEX Update            ; 00:00:05     ; 1.0                     ; 807 MB              ; 00:00:05                           ;
; Assembler                 ; 00:00:09     ; 1.0                     ; 764 MB              ; 00:00:09                           ;
; MIF/HEX Update            ; 00:00:05     ; 1.0                     ; 808 MB              ; 00:00:05                           ;
; Assembler                 ; 00:00:08     ; 1.0                     ; 766 MB              ; 00:00:08                           ;
; MIF/HEX Update            ; 00:00:04     ; 1.0                     ; 810 MB              ; 00:00:05                           ;
; Assembler                 ; 00:00:08     ; 1.0                     ; 765 MB              ; 00:00:09                           ;
; MIF/HEX Update            ; 00:00:05     ; 1.0                     ; 811 MB              ; 00:00:05                           ;
; Assembler                 ; 00:00:08     ; 1.0                     ; 774 MB              ; 00:00:09                           ;
; MIF/HEX Update            ; 00:00:04     ; 1.0                     ; 815 MB              ; 00:00:05                           ;
; Assembler                 ; 00:00:09     ; 1.0                     ; 776 MB              ; 00:00:09                           ;
; MIF/HEX Update            ; 00:00:04     ; 1.0                     ; 817 MB              ; 00:00:05                           ;
; Assembler                 ; 00:00:09     ; 1.0                     ; 783 MB              ; 00:00:09                           ;
; MIF/HEX Update            ; 00:00:05     ; 1.0                     ; 819 MB              ; 00:00:05                           ;
; Assembler                 ; 00:00:09     ; 1.0                     ; 779 MB              ; 00:00:09                           ;
; Total                     ; 00:04:52     ; --                      ; --                  ; 00:07:14                           ;
+---------------------------+--------------+-------------------------+---------------------+------------------------------------+


+------------------------------------------------------------------------------------------+
; Flow OS Summary                                                                          ;
+---------------------------+-------------------+------------+------------+----------------+
; Module Name               ; Machine Hostname  ; OS Name    ; OS Version ; Processor type ;
+---------------------------+-------------------+------------+------------+----------------+
; Analysis & Synthesis      ; KevinsSurfacePro4 ; Windows 10 ; 10.0       ; x86_64         ;
; Fitter                    ; KevinsSurfacePro4 ; Windows 10 ; 10.0       ; x86_64         ;
; Assembler                 ; KevinsSurfacePro4 ; Windows 10 ; 10.0       ; x86_64         ;
; TimeQuest Timing Analyzer ; KevinsSurfacePro4 ; Windows 10 ; 10.0       ; x86_64         ;
; MIF/HEX Update            ; KevinsSurfacePro4 ; Windows 10 ; 10.0       ; x86_64         ;
; Assembler                 ; KevinsSurfacePro4 ; Windows 10 ; 10.0       ; x86_64         ;
; MIF/HEX Update            ; KevinsSurfacePro4 ; Windows 10 ; 10.0       ; x86_64         ;
; Assembler                 ; KevinsSurfacePro4 ; Windows 10 ; 10.0       ; x86_64         ;
; MIF/HEX Update            ; KevinsSurfacePro4 ; Windows 10 ; 10.0       ; x86_64         ;
; Assembler                 ; KevinsSurfacePro4 ; Windows 10 ; 10.0       ; x86_64         ;
; MIF/HEX Update            ; KevinsSurfacePro4 ; Windows 10 ; 10.0       ; x86_64         ;
; Assembler                 ; KevinsSurfacePro4 ; Windows 10 ; 10.0       ; x86_64         ;
; MIF/HEX Update            ; KevinsSurfacePro4 ; Windows 10 ; 10.0       ; x86_64         ;
; Assembler                 ; KevinsSurfacePro4 ; Windows 10 ; 10.0       ; x86_64         ;
; MIF/HEX Update            ; KevinsSurfacePro4 ; Windows 10 ; 10.0       ; x86_64         ;
; Assembler                 ; KevinsSurfacePro4 ; Windows 10 ; 10.0       ; x86_64         ;
; MIF/HEX Update            ; KevinsSurfacePro4 ; Windows 10 ; 10.0       ; x86_64         ;
; Assembler                 ; KevinsSurfacePro4 ; Windows 10 ; 10.0       ; x86_64         ;
; MIF/HEX Update            ; KevinsSurfacePro4 ; Windows 10 ; 10.0       ; x86_64         ;
; Assembler                 ; KevinsSurfacePro4 ; Windows 10 ; 10.0       ; x86_64         ;
+---------------------------+-------------------+------------+------------+----------------+


------------
; Flow Log ;
------------
quartus_map --read_settings_files=on --write_settings_files=off de1soc -c de1soc
quartus_fit --read_settings_files=off --write_settings_files=off de1soc -c de1soc
quartus_asm --read_settings_files=off --write_settings_files=off de1soc -c de1soc
quartus_sta de1soc -c de1soc
quartus_cdb de1soc -c de1soc --update_mif
quartus_asm --read_settings_files=on --write_settings_files=off de1soc -c de1soc
quartus_cdb de1soc -c de1soc --update_mif
quartus_asm --read_settings_files=on --write_settings_files=off de1soc -c de1soc
quartus_cdb de1soc -c de1soc --update_mif
quartus_asm --read_settings_files=on --write_settings_files=off de1soc -c de1soc
quartus_cdb de1soc -c de1soc --update_mif
quartus_asm --read_settings_files=on --write_settings_files=off de1soc -c de1soc
quartus_cdb de1soc -c de1soc --update_mif
quartus_asm --read_settings_files=on --write_settings_files=off de1soc -c de1soc
quartus_cdb de1soc -c de1soc --update_mif
quartus_asm --read_settings_files=on --write_settings_files=off de1soc -c de1soc
quartus_cdb de1soc -c de1soc --update_mif
quartus_asm --read_settings_files=on --write_settings_files=off de1soc -c de1soc
quartus_cdb de1soc -c de1soc --update_mif
quartus_asm --read_settings_files=on --write_settings_files=off de1soc -c de1soc



