#
# A fatal error has been detected by the Java Runtime Environment:
#
#  EXCEPTION_ACCESS_VIOLATION (0xc0000005) at pc=0x0000000060af6adf, pid=15288, tid=3572
#
# JRE version: Java(TM) SE Runtime Environment (8.0_05-b13) (build 1.8.0_05-b13)
# Java VM: Java HotSpot(TM) 64-Bit Server VM (25.5-b02 mixed mode windows-amd64 compressed oops)
# Problematic frame:
# C  [msvcr100.dll+0x36adf]
#
# Failed to write core dump. Minidumps are not enabled by default on client versions of Windows
#
# If you would like to submit a bug report, please visit:
#   http://bugreport.sun.com/bugreport/crash.jsp
# The crash happened outside the Java Virtual Machine in native code.
# See problematic frame for where to report the bug.
#

---------------  T H R E A D  ---------------

Current thread (0x000000001982e000):  JavaThread "Swing-Shell" daemon [_thread_in_native, id=3572, stack(0x0000000027a60000,0x0000000027b60000)]

siginfo: ExceptionCode=0xc0000005, reading address 0x0000000000000000

Registers:
RAX=0x0000000000000000, RBX=0x0000000027b5ef20, RCX=0x0000000000000000, RDX=0x000000001ba7a470
RSP=0x0000000027b5eec8, RBP=0x0000000027b5f0b0, RSI=0x000000001ba7a470, RDI=0x000000001982e1e0
R8 =0x000000001ba7a470, R9 =0x0000000000000000, R10=0x0000000000000000, R11=0x0000000027b5c100
R12=0x0000000000000000, R13=0x0000000027b5f0d0, R14=0x0000000027b5f098, R15=0x000000001982e000
RIP=0x0000000060af6adf, EFLAGS=0x0000000000010246

Top of Stack: (sp=0x0000000027b5eec8)
0x0000000027b5eec8:   00000000608e9c46 0000000000000000
0x0000000027b5eed8:   000000001982e1e0 000000001ba7a470
0x0000000027b5eee8:   000000001ba7a470 000000001982e1e0
0x0000000027b5eef8:   00000000608ea5e9 000000001ba7a470
0x0000000027b5ef08:   0000c430fed1311d 0000000000000005
0x0000000027b5ef18:   000000001982e000 0000000000000000
0x0000000027b5ef28:   0000000000000000 00000000242a4800
0x0000000027b5ef38:   00007ffc44e80500 0000000000000000
0x0000000027b5ef48:   0000000000000000 0000000027b5efc8
0x0000000027b5ef58:   0000000004d97380 0000000000000000
0x0000000027b5ef68:   000000005e6fca42 0000000027b5f2b0
0x0000000027b5ef78:   0000000000000000 00000000a2c74d78
0x0000000027b5ef88:   0000000000000000 0000000000000000
0x0000000027b5ef98:   0000000005212335 0000000000000058
0x0000000027b5efa8:   0000000027b5f000 00000000a2d8edf8
0x0000000027b5efb8:   00000000a2d8ee58 0000000100000000 

Instructions: (pc=0x0000000060af6adf)
0x0000000060af6abf:   99 03 00 cc 33 c0 48 8b 5c 24 40 48 8b 74 24 48
0x0000000060af6acf:   48 83 c4 30 5f c3 cc cc cc cc cc cc cc 48 8b c1
0x0000000060af6adf:   0f b7 10 48 83 c0 02 66 85 d2 75 f4 48 2b c1 48
0x0000000060af6aef:   d1 f8 48 ff c8 c3 cc cc cc cc cc cc cc 45 33 c0 


Register to memory mapping:

RAX=0x0000000000000000 is an unknown value
RBX=0x0000000027b5ef20 is pointing into the stack for thread: 0x000000001982e000
RCX=0x0000000000000000 is an unknown value
RDX=0x000000001ba7a470 is an unknown value
RSP=0x0000000027b5eec8 is pointing into the stack for thread: 0x000000001982e000
RBP=0x0000000027b5f0b0 is pointing into the stack for thread: 0x000000001982e000
RSI=0x000000001ba7a470 is an unknown value
RDI=0x000000001982e1e0 is an unknown value
R8 =0x000000001ba7a470 is an unknown value
R9 =0x0000000000000000 is an unknown value
R10=0x0000000000000000 is an unknown value
R11=0x0000000027b5c100 is pointing into the stack for thread: 0x000000001982e000
R12=0x0000000000000000 is an unknown value
R13=0x0000000027b5f0d0 is pointing into the stack for thread: 0x000000001982e000
R14=0x0000000027b5f098 is pointing into the stack for thread: 0x000000001982e000
R15=0x000000001982e000 is a thread


Stack: [0x0000000027a60000,0x0000000027b60000],  sp=0x0000000027b5eec8,  free space=1019k
Native frames: (J=compiled Java code, j=interpreted, Vv=VM code, C=native code)
C  [msvcr100.dll+0x36adf]

Java frames: (J=compiled Java code, j=interpreted, Vv=VM code)
J 6976  sun.awt.shell.Win32ShellFolder2.getDisplayNameOf(JJI)Ljava/lang/String; (0 bytes) @ 0x0000000006165b89 [0x0000000006165b40+0x49]
j  sun.awt.shell.Win32ShellFolder2.access$1600(JJI)Ljava/lang/String;+4
j  sun.awt.shell.Win32ShellFolder2$13.call()Ljava/lang/String;+15
j  sun.awt.shell.Win32ShellFolder2$13.call()Ljava/lang/Object;+1
J 6964 C1 java.util.concurrent.FutureTask.run()V (126 bytes) @ 0x000000000615515c [0x0000000006155080+0xdc]
j  java.util.concurrent.ThreadPoolExecutor.runWorker(Ljava/util/concurrent/ThreadPoolExecutor$Worker;)V+95
j  java.util.concurrent.ThreadPoolExecutor$Worker.run()V+5
j  sun.awt.shell.Win32ShellFolderManager2$ComInvoker$3.run()V+7
j  java.lang.Thread.run()V+11
v  ~StubRoutines::call_stub

---------------  P R O C E S S  ---------------

Java Threads: ( => current thread )
=>0x000000001982e000 JavaThread "Swing-Shell" daemon [_thread_in_native, id=3572, stack(0x0000000027a60000,0x0000000027b60000)]
  0x0000000019829000 JavaThread "Image Fetcher 1" daemon [_thread_blocked, id=2616, stack(0x0000000027960000,0x0000000027a60000)]
  0x000000001982c800 JavaThread "Image Fetcher 0" daemon [_thread_blocked, id=12268, stack(0x0000000027860000,0x0000000027960000)]
  0x0000000019828000 JavaThread "Thread-12" [_thread_blocked, id=9220, stack(0x0000000027760000,0x0000000027860000)]
  0x000000001982a800 JavaThread "Tcl Isolation Thread" daemon [_thread_blocked, id=10588, stack(0x0000000026980000,0x0000000026a80000)]
  0x000000001982c000 JavaThread "D3D Screen Updater" daemon [_thread_blocked, id=11236, stack(0x00000000211e0000,0x00000000212e0000)]
  0x000000001a181000 JavaThread "TimerQueue" daemon [_thread_blocked, id=924, stack(0x0000000020550000,0x0000000020650000)]
  0x00000000176f0800 JavaThread "AWT-EventQueue-0" [_thread_blocked, id=18196, stack(0x000000001bac0000,0x000000001bbc0000)]
  0x0000000017441000 JavaThread "AWT-Shutdown" [_thread_blocked, id=17852, stack(0x000000001a6b0000,0x000000001a7b0000)]
  0x00000000173fc800 JavaThread "Command Watcher" daemon [_thread_blocked, id=18108, stack(0x00000000193e0000,0x00000000194e0000)]
  0x0000000017441800 JavaThread "AWT-Windows" daemon [_thread_in_native, id=12944, stack(0x0000000017fd0000,0x00000000180d0000)]
  0x000000001743e000 JavaThread "Java2D Disposer" daemon [_thread_blocked, id=12788, stack(0x0000000017dd0000,0x0000000017ed0000)]
  0x0000000014faf800 JavaThread "Service Thread" daemon [_thread_blocked, id=5644, stack(0x0000000016be0000,0x0000000016ce0000)]
  0x0000000014f3c000 JavaThread "C1 CompilerThread2" daemon [_thread_blocked, id=1164, stack(0x0000000016ae0000,0x0000000016be0000)]
  0x0000000014f3a800 JavaThread "C2 CompilerThread1" daemon [_thread_in_native, id=18400, stack(0x00000000169e0000,0x0000000016ae0000)]
  0x0000000014f36800 JavaThread "C2 CompilerThread0" daemon [_thread_in_native, id=19068, stack(0x00000000168e0000,0x00000000169e0000)]
  0x0000000014f36000 JavaThread "Attach Listener" daemon [_thread_blocked, id=6224, stack(0x00000000167e0000,0x00000000168e0000)]
  0x0000000014f44000 JavaThread "Signal Dispatcher" daemon [_thread_blocked, id=12528, stack(0x00000000166e0000,0x00000000167e0000)]
  0x0000000014ef7000 JavaThread "Finalizer" daemon [_thread_blocked, id=8356, stack(0x00000000160e0000,0x00000000161e0000)]
  0x0000000014eef800 JavaThread "Reference Handler" daemon [_thread_blocked, id=10912, stack(0x0000000015fe0000,0x00000000160e0000)]
  0x0000000004915800 JavaThread "main" [_thread_blocked, id=6196, stack(0x0000000004b50000,0x0000000004c50000)]

Other Threads:
  0x0000000014ee9800 VMThread [stack: 0x0000000015de0000,0x0000000015ee0000] [id=5412]
  0x0000000014fc4800 WatcherThread [stack: 0x0000000016ce0000,0x0000000016de0000] [id=13396]

VM state:not at safepoint (normal execution)

VM Mutex/Monitor currently owned by a thread:  ([mutex/lock_event])
[0x00000000047c9040] CodeCache_lock - owner thread: 0x0000000000000000

Heap:
 def new generation   total 117504K, used 18681K [0x00000000a2400000, 0x00000000aa370000, 0x00000000c1800000)
  eden space 104512K,  10% used [0x00000000a2400000, 0x00000000a2e5f680, 0x00000000a8a10000)
  from space 12992K,  62% used [0x00000000a8a10000, 0x00000000a91eee40, 0x00000000a96c0000)
  to   space 12992K,   0% used [0x00000000a96c0000, 0x00000000a96c0000, 0x00000000aa370000)
 tenured generation   total 260864K, used 36069K [0x00000000c1800000, 0x00000000d16c0000, 0x0000000100000000)
   the space 260864K,  13% used [0x00000000c1800000, 0x00000000c3b39470, 0x00000000c3b39600, 0x00000000d16c0000)
 Metaspace       used 42793K, capacity 43340K, committed 43520K, reserved 1087488K
  class space    used 6251K, capacity 6380K, committed 6400K, reserved 1048576K

Card table byte_map: [0x0000000014150000,0x0000000014440000] byte_map_base: 0x0000000013c3e000

Polling page: 0x0000000002ce0000

CodeCache: size=245760Kb used=20388Kb max_used=20399Kb free=225371Kb
 bounds [0x0000000004d90000, 0x0000000006190000, 0x0000000013d90000]
 total_blobs=7338 nmethods=6692 adapters=556
 compilation: enabled

Compilation events (10 events):
Event: 11.115 Thread 0x0000000014f3a800 nmethod 6751 0x0000000006186550 code [0x00000000061867e0, 0x0000000006187330]
Event: 11.115 Thread 0x0000000014f3a800 6752       4       java.awt.image.DirectColorModel::getAlpha (54 bytes)
Event: 11.116 Thread 0x0000000014f3a800 nmethod 6752 0x0000000006157350 code [0x00000000061574c0, 0x0000000006157618]
Event: 11.116 Thread 0x0000000014f3a800 6753       4       java.awt.image.DirectColorModel::getRed (45 bytes)
Event: 11.119 Thread 0x0000000014f3a800 nmethod 6753 0x0000000006157890 code [0x0000000006157a40, 0x0000000006157cd8]
Event: 11.119 Thread 0x0000000014f3a800 6754       4       java.awt.image.DirectColorModel::getGreen (45 bytes)
Event: 11.121 Thread 0x0000000014f3a800 nmethod 6754 0x000000000615e010 code [0x000000000615e1c0, 0x000000000615e478]
Event: 11.121 Thread 0x0000000014f3a800 6755       4       java.awt.image.DirectColorModel::getBlue (45 bytes)
Event: 11.124 Thread 0x0000000014f3a800 nmethod 6755 0x000000000615d890 code [0x000000000615da40, 0x000000000615dcf8]
Event: 11.124 Thread 0x0000000014f3a800 6757       4       java.awt.image.DirectColorModel::getDataElements (951 bytes)

GC Heap History (10 events):
Event: 8.299 GC heap before
{Heap before GC invocations=146 (full 2):
 def new generation   total 117504K, used 113168K [0x00000000a2400000, 0x00000000aa370000, 0x00000000c1800000)
  eden space 104512K, 100% used [0x00000000a2400000, 0x00000000a8a10000, 0x00000000a8a10000)
  from space 12992K,  66% used [0x00000000a96c0000, 0x00000000a9f34160, 0x00000000aa370000)
  to   space 12992K,   0% used [0x00000000a8a10000, 0x00000000a8a10000, 0x00000000a96c0000)
 tenured generation   total 260864K, used 35493K [0x00000000c1800000, 0x00000000d16c0000, 0x0000000100000000)
   the space 260864K,  13% used [0x00000000c1800000, 0x00000000c3aa9628, 0x00000000c3aa9800, 0x00000000d16c0000)
 Metaspace       used 38248K, capacity 38752K, committed 39040K, reserved 1083392K
  class space    used 5591K, capacity 5719K, committed 5760K, reserved 1048576K
Event: 8.326 GC heap after
Heap after GC invocations=147 (full 2):
 def new generation   total 117504K, used 8360K [0x00000000a2400000, 0x00000000aa370000, 0x00000000c1800000)
  eden space 104512K,   0% used [0x00000000a2400000, 0x00000000a2400000, 0x00000000a8a10000)
  from space 12992K,  64% used [0x00000000a8a10000, 0x00000000a923a3c8, 0x00000000a96c0000)
  to   space 12992K,   0% used [0x00000000a96c0000, 0x00000000a96c0000, 0x00000000aa370000)
 tenured generation   total 260864K, used 35716K [0x00000000c1800000, 0x00000000d16c0000, 0x0000000100000000)
   the space 260864K,  13% used [0x00000000c1800000, 0x00000000c3ae1280, 0x00000000c3ae1400, 0x00000000d16c0000)
 Metaspace       used 38248K, capacity 38752K, committed 39040K, reserved 1083392K
  class space    used 5591K, capacity 5719K, committed 5760K, reserved 1048576K
}
Event: 8.624 GC heap before
{Heap before GC invocations=147 (full 2):
 def new generation   total 117504K, used 112872K [0x00000000a2400000, 0x00000000aa370000, 0x00000000c1800000)
  eden space 104512K, 100% used [0x00000000a2400000, 0x00000000a8a10000, 0x00000000a8a10000)
  from space 12992K,  64% used [0x00000000a8a10000, 0x00000000a923a3c8, 0x00000000a96c0000)
  to   space 12992K,   0% used [0x00000000a96c0000, 0x00000000a96c0000, 0x00000000aa370000)
 tenured generation   total 260864K, used 35716K [0x00000000c1800000, 0x00000000d16c0000, 0x0000000100000000)
   the space 260864K,  13% used [0x00000000c1800000, 0x00000000c3ae1280, 0x00000000c3ae1400, 0x00000000d16c0000)
 Metaspace       used 38786K, capacity 39294K, committed 39680K, reserved 1083392K
  class space    used 5674K, capacity 5788K, committed 5888K, reserved 1048576K
Event: 8.628 GC heap after
Heap after GC invocations=148 (full 2):
 def new generation   total 117504K, used 989K [0x00000000a2400000, 0x00000000aa370000, 0x00000000c1800000)
  eden space 104512K,   0% used [0x00000000a2400000, 0x00000000a2400000, 0x00000000a8a10000)
  from space 12992K,   7% used [0x00000000a96c0000, 0x00000000a97b77f0, 0x00000000aa370000)
  to   space 12992K,   0% used [0x00000000a8a10000, 0x00000000a8a10000, 0x00000000a96c0000)
 tenured generation   total 260864K, used 36069K [0x00000000c1800000, 0x00000000d16c0000, 0x0000000100000000)
   the space 260864K,  13% used [0x00000000c1800000, 0x00000000c3b39470, 0x00000000c3b39600, 0x00000000d16c0000)
 Metaspace       used 38786K, capacity 39294K, committed 39680K, reserved 1083392K
  class space    used 5674K, capacity 5788K, committed 5888K, reserved 1048576K
}
Event: 8.934 GC heap before
{Heap before GC invocations=148 (full 2):
 def new generation   total 117504K, used 105501K [0x00000000a2400000, 0x00000000aa370000, 0x00000000c1800000)
  eden space 104512K, 100% used [0x00000000a2400000, 0x00000000a8a10000, 0x00000000a8a10000)
  from space 12992K,   7% used [0x00000000a96c0000, 0x00000000a97b77f0, 0x00000000aa370000)
  to   space 12992K,   0% used [0x00000000a8a10000, 0x00000000a8a10000, 0x00000000a96c0000)
 tenured generation   total 260864K, used 36069K [0x00000000c1800000, 0x00000000d16c0000, 0x0000000100000000)
   the space 260864K,  13% used [0x00000000c1800000, 0x00000000c3b39470, 0x00000000c3b39600, 0x00000000d16c0000)
 Metaspace       used 38972K, capacity 39460K, committed 39680K, reserved 1083392K
  class space    used 5706K, capacity 5821K, committed 5888K, reserved 1048576K
Event: 8.937 GC heap after
Heap after GC invocations=149 (full 2):
 def new generation   total 117504K, used 990K [0x00000000a2400000, 0x00000000aa370000, 0x00000000c1800000)
  eden space 104512K,   0% used [0x00000000a2400000, 0x00000000a2400000, 0x00000000a8a10000)
  from space 12992K,   7% used [0x00000000a8a10000, 0x00000000a8b07a90, 0x00000000a96c0000)
  to   space 12992K,   0% used [0x00000000a96c0000, 0x00000000a96c0000, 0x00000000aa370000)
 tenured generation   total 260864K, used 36069K [0x00000000c1800000, 0x00000000d16c0000, 0x0000000100000000)
   the space 260864K,  13% used [0x00000000c1800000, 0x00000000c3b39470, 0x00000000c3b39600, 0x00000000d16c0000)
 Metaspace       used 38972K, capacity 39460K, committed 39680K, reserved 1083392K
  class space    used 5706K, capacity 5821K, committed 5888K, reserved 1048576K
}
Event: 9.653 GC heap before
{Heap before GC invocations=149 (full 2):
 def new generation   total 117504K, used 105502K [0x00000000a2400000, 0x00000000aa370000, 0x00000000c1800000)
  eden space 104512K, 100% used [0x00000000a2400000, 0x00000000a8a10000, 0x00000000a8a10000)
  from space 12992K,   7% used [0x00000000a8a10000, 0x00000000a8b07a90, 0x00000000a96c0000)
  to   space 12992K,   0% used [0x00000000a96c0000, 0x00000000a96c0000, 0x00000000aa370000)
 tenured generation   total 260864K, used 36069K [0x00000000c1800000, 0x00000000d16c0000, 0x0000000100000000)
   the space 260864K,  13% used [0x00000000c1800000, 0x00000000c3b39470, 0x00000000c3b39600, 0x00000000d16c0000)
 Metaspace       used 41685K, capacity 42158K, committed 42368K, reserved 1085440K
  class space    used 6071K, capacity 6183K, committed 6272K, reserved 1048576K
Event: 9.664 GC heap after
Heap after GC invocations=150 (full 2):
 def new generation   total 117504K, used 4601K [0x00000000a2400000, 0x00000000aa370000, 0x00000000c1800000)
  eden space 104512K,   0% used [0x00000000a2400000, 0x00000000a2400000, 0x00000000a8a10000)
  from space 12992K,  35% used [0x00000000a96c0000, 0x00000000a9b3e760, 0x00000000aa370000)
  to   space 12992K,   0% used [0x00000000a8a10000, 0x00000000a8a10000, 0x00000000a96c0000)
 tenured generation   total 260864K, used 36069K [0x00000000c1800000, 0x00000000d16c0000, 0x0000000100000000)
   the space 260864K,  13% used [0x00000000c1800000, 0x00000000c3b39470, 0x00000000c3b39600, 0x00000000d16c0000)
 Metaspace       used 41685K, capacity 42158K, committed 42368K, reserved 1085440K
  class space    used 6071K, capacity 6183K, committed 6272K, reserved 1048576K
}
Event: 10.495 GC heap before
{Heap before GC invocations=150 (full 2):
 def new generation   total 117504K, used 109113K [0x00000000a2400000, 0x00000000aa370000, 0x00000000c1800000)
  eden space 104512K, 100% used [0x00000000a2400000, 0x00000000a8a10000, 0x00000000a8a10000)
  from space 12992K,  35% used [0x00000000a96c0000, 0x00000000a9b3e760, 0x00000000aa370000)
  to   space 12992K,   0% used [0x00000000a8a10000, 0x00000000a8a10000, 0x00000000a96c0000)
 tenured generation   total 260864K, used 36069K [0x00000000c1800000, 0x00000000d16c0000, 0x0000000100000000)
   the space 260864K,  13% used [0x00000000c1800000, 0x00000000c3b39470, 0x00000000c3b39600, 0x00000000d16c0000)
 Metaspace       used 42169K, capacity 42694K, committed 42880K, reserved 1085440K
  class space    used 6135K, capacity 6251K, committed 6272K, reserved 1048576K
Event: 10.509 GC heap after
Heap after GC invocations=151 (full 2):
 def new generation   total 117504K, used 8059K [0x00000000a2400000, 0x00000000aa370000, 0x00000000c1800000)
  eden space 104512K,   0% used [0x00000000a2400000, 0x00000000a2400000, 0x00000000a8a10000)
  from space 12992K,  62% used [0x00000000a8a10000, 0x00000000a91eee40, 0x00000000a96c0000)
  to   space 12992K,   0% used [0x00000000a96c0000, 0x00000000a96c0000, 0x00000000aa370000)
 tenured generation   total 260864K, used 36069K [0x00000000c1800000, 0x00000000d16c0000, 0x0000000100000000)
   the space 260864K,  13% used [0x00000000c1800000, 0x00000000c3b39470, 0x00000000c3b39600, 0x00000000d16c0000)
 Metaspace       used 42169K, capacity 42694K, committed 42880K, reserved 1085440K
  class space    used 6135K, capacity 6251K, committed 6272K, reserved 1048576K
}

Deoptimization events (10 events):
Event: 9.156 Thread 0x0000000019829800 Uncommon trap: reason=bimorphic action=maybe_recompile pc=0x0000000005aa2d90 method=java.util.TreeMap.put(Ljava/lang/Object;Ljava/lang/Object;)Ljava/lang/Object; @ 68
Event: 9.161 Thread 0x0000000019829800 Uncommon trap: reason=bimorphic action=maybe_recompile pc=0x0000000005aa2d90 method=java.util.TreeMap.put(Ljava/lang/Object;Ljava/lang/Object;)Ljava/lang/Object; @ 68
Event: 9.514 Thread 0x0000000019829800 Uncommon trap: reason=class_check action=maybe_recompile pc=0x0000000005fcf580 method=com.sun.org.apache.xerces.internal.impl.XMLDocumentFragmentScannerImpl$FragmentContentDriver.next()I @ 2222
Event: 9.811 Thread 0x0000000019829800 Uncommon trap: reason=unreached action=reinterpret pc=0x0000000005a0cc14 method=com.altera.utilities.altNode.AltNode.getChildCount()I @ 4
Event: 10.076 Thread 0x0000000019829800 Uncommon trap: reason=predicate action=maybe_recompile pc=0x00000000059df28c method=java.util.concurrent.CopyOnWriteArrayList.indexOf(Ljava/lang/Object;[Ljava/lang/Object;II)I @ 41
Event: 10.249 Thread 0x0000000019829800 Uncommon trap: reason=class_check action=maybe_recompile pc=0x00000000054954d0 method=com.altera.ui.ientity.elementeditor.ParameterComponentFactory2$14.getListCellRendererComponent(Ljavax/swing/JList;Ljava/lang/Object;IZZ)Ljava/awt/Component; @ 4
Event: 10.249 Thread 0x0000000019829800 Uncommon trap: reason=class_check action=maybe_recompile pc=0x00000000054954d0 method=com.altera.ui.ientity.elementeditor.ParameterComponentFactory2$14.getListCellRendererComponent(Ljavax/swing/JList;Ljava/lang/Object;IZZ)Ljava/awt/Component; @ 4
Event: 10.249 Thread 0x0000000019829800 Uncommon trap: reason=unreached action=reinterpret pc=0x0000000005602c0c method=java.awt.EventQueue.isDispatchThreadImpl()Z @ 65
Event: 10.251 Thread 0x0000000019829800 Uncommon trap: reason=class_check action=maybe_recompile pc=0x00000000059c95dc method=java.util.concurrent.CopyOnWriteArrayList.indexOf(Ljava/lang/Object;[Ljava/lang/Object;II)I @ 46
Event: 10.861 Thread 0x0000000019828000 Uncommon trap: reason=unloaded action=reinterpret pc=0x00000000051f7f38 method=java.lang.CharacterData.of(I)Ljava/lang/CharacterData; @ 96

Internal exceptions (10 events):
Event: 10.575 Thread 0x00000000176f0800 Exception <a 'java/security/PrivilegedActionException'> (0x00000000a29be0e0) thrown at [D:\re\workspace\8-2-build-windows-amd64-cygwin\jdk8u5\2488\hotspot\src\share\vm\prims\jvm.cpp, line 1248]
Event: 10.575 Thread 0x00000000176f0800 Exception <a 'java/security/PrivilegedActionException'> (0x00000000a29ccc08) thrown at [D:\re\workspace\8-2-build-windows-amd64-cygwin\jdk8u5\2488\hotspot\src\share\vm\prims\jvm.cpp, line 1248]
Event: 10.576 Thread 0x00000000176f0800 Exception <a 'java/security/PrivilegedActionException'> (0x00000000a29db9c0) thrown at [D:\re\workspace\8-2-build-windows-amd64-cygwin\jdk8u5\2488\hotspot\src\share\vm\prims\jvm.cpp, line 1248]
Event: 10.576 Thread 0x00000000176f0800 Exception <a 'java/security/PrivilegedActionException'> (0x00000000a29eb6d8) thrown at [D:\re\workspace\8-2-build-windows-amd64-cygwin\jdk8u5\2488\hotspot\src\share\vm\prims\jvm.cpp, line 1248]
Event: 10.579 Thread 0x00000000176f0800 Exception <a 'java/security/PrivilegedActionException'> (0x00000000a2a0d148) thrown at [D:\re\workspace\8-2-build-windows-amd64-cygwin\jdk8u5\2488\hotspot\src\share\vm\prims\jvm.cpp, line 1248]
Event: 10.580 Thread 0x00000000176f0800 Exception <a 'java/security/PrivilegedActionException'> (0x00000000a2a1a4e0) thrown at [D:\re\workspace\8-2-build-windows-amd64-cygwin\jdk8u5\2488\hotspot\src\share\vm\prims\jvm.cpp, line 1248]
Event: 10.580 Thread 0x00000000176f0800 Exception <a 'java/security/PrivilegedActionException'> (0x00000000a2a2a108) thrown at [D:\re\workspace\8-2-build-windows-amd64-cygwin\jdk8u5\2488\hotspot\src\share\vm\prims\jvm.cpp, line 1248]
Event: 10.580 Thread 0x00000000176f0800 Exception <a 'java/security/PrivilegedActionException'> (0x00000000a2a386e8) thrown at [D:\re\workspace\8-2-build-windows-amd64-cygwin\jdk8u5\2488\hotspot\src\share\vm\prims\jvm.cpp, line 1248]
Event: 10.582 Thread 0x00000000176f0800 Exception <a 'java/security/PrivilegedActionException'> (0x00000000a2a54ce8) thrown at [D:\re\workspace\8-2-build-windows-amd64-cygwin\jdk8u5\2488\hotspot\src\share\vm\prims\jvm.cpp, line 1248]
Event: 10.588 Thread 0x00000000176f0800 Exception <a 'java/security/PrivilegedActionException'> (0x00000000a2a9d6b0) thrown at [D:\re\workspace\8-2-build-windows-amd64-cygwin\jdk8u5\2488\hotspot\src\share\vm\prims\jvm.cpp, line 1248]

Events (10 events):
Event: 10.862 Executing VM operation: Deoptimize
Event: 10.863 Executing VM operation: Deoptimize done
Event: 10.863 Thread 0x0000000019828000 DEOPT PACKING pc=0x00000000051f7f38 sp=0x000000002785dc30
Event: 10.863 Thread 0x0000000019828000 DEOPT UNPACKING pc=0x0000000004dd55af sp=0x000000002785dab0 mode 2
Event: 11.015 loading class sun/awt/shell/Win32ShellFolder2$18
Event: 11.015 loading class sun/awt/shell/Win32ShellFolder2$18 done
Event: 11.015 loading class sun/awt/shell/Win32ShellFolder2$ColumnComparator$1
Event: 11.016 loading class sun/awt/shell/Win32ShellFolder2$ColumnComparator$1 done
Event: 11.017 loading class sun/awt/shell/Win32ShellFolder2$11
Event: 11.017 loading class sun/awt/shell/Win32ShellFolder2$11 done


Dynamic libraries:
0x00007ff72efd0000 - 0x00007ff72f004000 	C:\dev\fpga\quartus\bin64\jre64\bin\java.exe
0x00007ffc48010000 - 0x00007ffc481f0000 	C:\WINDOWS\SYSTEM32\ntdll.dll
0x00007ffc47770000 - 0x00007ffc4781e000 	C:\WINDOWS\System32\KERNEL32.DLL
0x00007ffc44b20000 - 0x00007ffc44d86000 	C:\WINDOWS\System32\KERNELBASE.dll
0x00007ffc47e80000 - 0x00007ffc47f21000 	C:\WINDOWS\System32\ADVAPI32.dll
0x00007ffc473b0000 - 0x00007ffc4744d000 	C:\WINDOWS\System32\msvcrt.dll
0x00007ffc47e20000 - 0x00007ffc47e7b000 	C:\WINDOWS\System32\sechost.dll
0x00007ffc470f0000 - 0x00007ffc4720f000 	C:\WINDOWS\System32\RPCRT4.dll
0x00007ffc47820000 - 0x00007ffc479af000 	C:\WINDOWS\System32\USER32.dll
0x00007ffc44750000 - 0x00007ffc44770000 	C:\WINDOWS\System32\win32u.dll
0x00007ffc47c70000 - 0x00007ffc47c98000 	C:\WINDOWS\System32\GDI32.dll
0x00007ffc44560000 - 0x00007ffc446f3000 	C:\WINDOWS\System32\gdi32full.dll
0x00007ffc444c0000 - 0x00007ffc4455b000 	C:\WINDOWS\System32\msvcp_win.dll
0x00007ffc44940000 - 0x00007ffc44a36000 	C:\WINDOWS\System32\ucrtbase.dll
0x00007ffc2e960000 - 0x00007ffc2ebc9000 	C:\WINDOWS\WinSxS\amd64_microsoft.windows.common-controls_6595b64144ccf1df_6.0.16299.309_none_15cfd4c4935e6b11\COMCTL32.dll
0x00007ffc47460000 - 0x00007ffc47768000 	C:\WINDOWS\System32\combase.dll
0x00007ffc44aa0000 - 0x00007ffc44b12000 	C:\WINDOWS\System32\bcryptPrimitives.dll
0x00007ffc47020000 - 0x00007ffc4704d000 	C:\WINDOWS\System32\IMM32.DLL
0x0000000060ac0000 - 0x0000000060b92000 	C:\dev\fpga\quartus\bin64\jre64\bin\msvcr100.dll
0x000000005e590000 - 0x000000005edba000 	C:\dev\fpga\quartus\bin64\jre64\bin\server\jvm.dll
0x00007ffc47ca0000 - 0x00007ffc47ca8000 	C:\WINDOWS\System32\PSAPI.DLL
0x00007ffc38ae0000 - 0x00007ffc38b03000 	C:\WINDOWS\SYSTEM32\WINMM.dll
0x00007ffc2cfb0000 - 0x00007ffc2cfb9000 	C:\WINDOWS\SYSTEM32\WSOCK32.dll
0x00007ffc47060000 - 0x00007ffc470cc000 	C:\WINDOWS\System32\WS2_32.dll
0x00007ffc38a80000 - 0x00007ffc38aaa000 	C:\WINDOWS\SYSTEM32\winmmbase.dll
0x00007ffc44700000 - 0x00007ffc4474a000 	C:\WINDOWS\System32\cfgmgr32.dll
0x0000000060a80000 - 0x0000000060abf000 	C:\dev\fpga\quartus\bin64\jre64\bin\splashscreen.dll
0x00007ffc42950000 - 0x00007ffc429e5000 	C:\WINDOWS\system32\uxtheme.dll
0x0000000060a70000 - 0x0000000060a7f000 	C:\dev\fpga\quartus\bin64\jre64\bin\verify.dll
0x0000000060a40000 - 0x0000000060a68000 	C:\dev\fpga\quartus\bin64\jre64\bin\java.dll
0x00007ffc47b00000 - 0x00007ffc47c67000 	C:\WINDOWS\System32\MSCTF.dll
0x00007ffc47a30000 - 0x00007ffc47af5000 	C:\WINDOWS\System32\OLEAUT32.dll
0x00007ffc20bb0000 - 0x00007ffc20c59000 	C:\Program Files\Common Files\microsoft shared\ink\tiptsf.dll
0x0000000060a20000 - 0x0000000060a36000 	C:\dev\fpga\quartus\bin64\jre64\bin\zip.dll
0x00007ffc443a0000 - 0x00007ffc443b1000 	C:\WINDOWS\System32\kernel.appcore.dll
0x00007ffc37ef0000 - 0x00007ffc37f88000 	C:\WINDOWS\System32\TextInputFramework.dll
0x00007ffc41c00000 - 0x00007ffc41cdc000 	C:\WINDOWS\System32\CoreMessaging.dll
0x00007ffc37c00000 - 0x00007ffc37eee000 	C:\WINDOWS\System32\CoreUIComponents.dll
0x00007ffc47f30000 - 0x00007ffc47fd6000 	C:\WINDOWS\System32\SHCORE.dll
0x00007ffc43490000 - 0x00007ffc434c1000 	C:\WINDOWS\SYSTEM32\ntmarta.dll
0x00007ffc40d40000 - 0x00007ffc40e76000 	C:\WINDOWS\SYSTEM32\wintypes.dll
0x00007ffc42bc0000 - 0x00007ffc42bea000 	C:\WINDOWS\system32\dwmapi.dll
0x00007ffc45990000 - 0x00007ffc45a2e000 	C:\WINDOWS\System32\clbcatq.dll
0x00007ffc39990000 - 0x00007ffc39b96000 	C:\Windows\System32\uiautomationcore.dll
0x00007ffc45be0000 - 0x00007ffc47016000 	C:\WINDOWS\System32\SHELL32.dll
0x00007ffc44d90000 - 0x00007ffc454d7000 	C:\WINDOWS\System32\windows.storage.dll
0x00007ffc454e0000 - 0x00007ffc45531000 	C:\WINDOWS\System32\shlwapi.dll
0x00007ffc443c0000 - 0x00007ffc4440c000 	C:\WINDOWS\System32\powrprof.dll
0x00007ffc44380000 - 0x00007ffc4439b000 	C:\WINDOWS\System32\profapi.dll
0x00007ffc441c0000 - 0x00007ffc4425a000 	C:\WINDOWS\SYSTEM32\sxs.dll
0x00007ffc3a4e0000 - 0x00007ffc3a54e000 	C:\Windows\System32\OLEACC.dll
0x00007ffc3cc50000 - 0x00007ffc3ccd1000 	C:\WINDOWS\SYSTEM32\twinapi.dll
0x00007ffc42d40000 - 0x00007ffc42ebb000 	C:\WINDOWS\SYSTEM32\twinapi.appcore.dll
0x00007ffc42cb0000 - 0x00007ffc42cd0000 	C:\WINDOWS\SYSTEM32\RMCLIENT.dll
0x00007ffc43ec0000 - 0x00007ffc43ee5000 	C:\WINDOWS\SYSTEM32\bcrypt.dll
0x00007ffc45a30000 - 0x00007ffc45b79000 	C:\WINDOWS\System32\ole32.dll
0x0000000060880000 - 0x0000000060a16000 	C:\Dev\FPGA\quartus\bin64\jre64\bin\awt.dll
0x00007ffc427d0000 - 0x00007ffc42858000 	C:\WINDOWS\SYSTEM32\apphelp.dll
0x00007ffc43db0000 - 0x00007ffc43dc7000 	C:\WINDOWS\SYSTEM32\CRYPTSP.dll
0x00007ffc437f0000 - 0x00007ffc43823000 	C:\WINDOWS\system32\rsaenh.dll
0x00007ffc44290000 - 0x00007ffc442b9000 	C:\WINDOWS\SYSTEM32\USERENV.dll
0x00007ffc43dd0000 - 0x00007ffc43ddb000 	C:\WINDOWS\SYSTEM32\CRYPTBASE.dll
0x000000005f3c0000 - 0x000000005f3da000 	C:\Dev\FPGA\quartus\bin64\jre64\bin\net.dll
0x00007ffc43bf0000 - 0x00007ffc43c56000 	C:\WINDOWS\system32\mswsock.dll
0x00007ffc43980000 - 0x00007ffc439b9000 	C:\WINDOWS\SYSTEM32\IPHLPAPI.DLL
0x00007ffc47050000 - 0x00007ffc47058000 	C:\WINDOWS\System32\NSI.dll
0x00007ffc3b510000 - 0x00007ffc3b526000 	C:\WINDOWS\SYSTEM32\dhcpcsvc6.DLL
0x00007ffc3b4b0000 - 0x00007ffc3b4ca000 	C:\WINDOWS\SYSTEM32\dhcpcsvc.DLL
0x000000005f3a0000 - 0x000000005f3b1000 	C:\Dev\FPGA\quartus\bin64\jre64\bin\nio.dll
0x00007ffc3fd90000 - 0x00007ffc3fd96000 	C:\Dev\FPGA\quartus\bin64\sld_utiljni.dll
0x00007ffc14320000 - 0x00007ffc1440f000 	C:\Dev\FPGA\quartus\bin64\MSVCR120.dll
0x0000000060630000 - 0x00000000607b7000 	C:\Dev\FPGA\quartus\bin64\tcl86.dll
0x00007ffc2f650000 - 0x00007ffc2f667000 	C:\WINDOWS\SYSTEM32\NETAPI32.dll
0x00007ffc43a80000 - 0x00007ffc43a8e000 	C:\WINDOWS\SYSTEM32\NETUTILS.DLL
0x00007ffc3ea90000 - 0x00007ffc3eaa8000 	C:\WINDOWS\SYSTEM32\SAMCLI.DLL
0x00007ffc3b3c0000 - 0x00007ffc3b3ff000 	C:\WINDOWS\SYSTEM32\LOGONCLI.DLL
0x00007ffc13d30000 - 0x00007ffc13df0000 	C:\Dev\FPGA\quartus\bin64\ccl_sqlite3.dll
0x00007ffc3f990000 - 0x00007ffc3f9a0000 	C:\Dev\FPGA\quartus\bin64\ccl_sqlite3_jdbc_jni_bridge.dll
0x00007ffc19490000 - 0x00007ffc19625000 	C:\WINDOWS\system32\d3d9.dll
0x00007ffbe2120000 - 0x00007ffbe790a000 	C:\WINDOWS\System32\DriverStore\FileRepository\atgh4627.inf_amd64_1a9e52b1bbedf409\igdumdim64.dll
0x00007ffc45540000 - 0x00007ffc4598e000 	C:\WINDOWS\System32\SETUPAPI.dll
0x00007ffc335c0000 - 0x00007ffc3471e000 	C:\WINDOWS\System32\DriverStore\FileRepository\atgh4627.inf_amd64_1a9e52b1bbedf409\igc64.dll
0x000000005f350000 - 0x000000005f397000 	C:\Dev\FPGA\quartus\bin64\jre64\bin\fontmanager.dll
0x00007ffc3e730000 - 0x00007ffc3e7d6000 	C:\WINDOWS\WinSxS\amd64_microsoft.windows.common-controls_6595b64144ccf1df_5.82.16299.309_none_8875ce284abe80d8\comctl32.dll
0x000000005f300000 - 0x000000005f341000 	C:\Dev\FPGA\quartus\bin64\jre64\bin\t2k.dll
0x00000000219a0000 - 0x0000000021bf3000 	C:\Dev\FPGA\quartus\bin64\nlview.dll
0x00007ffc47cb0000 - 0x00007ffc47dba000 	C:\WINDOWS\System32\comdlg32.dll
0x00007ffc3fcd0000 - 0x00007ffc3fd56000 	C:\WINDOWS\SYSTEM32\WINSPOOL.DRV
0x00007ffc362b0000 - 0x00007ffc3645b000 	C:\WINDOWS\SYSTEM32\WindowsCodecs.dll
0x00007ffc3d870000 - 0x00007ffc3d8bf000 	C:\WINDOWS\system32\dataexchange.dll
0x00007ffc41910000 - 0x00007ffc41bf2000 	C:\WINDOWS\system32\d3d11.dll
0x00007ffc431c0000 - 0x00007ffc4326f000 	C:\WINDOWS\system32\dxgi.dll
0x00007ffc42570000 - 0x00007ffc426b2000 	C:\WINDOWS\system32\dcomp.dll
0x00007ffc10b70000 - 0x00007ffc10d3b000 	C:\Dev\FPGA\quartus\bin64\sld_filejni.dll
0x00007ffc3f8f0000 - 0x00007ffc3f8f9000 	C:\Dev\FPGA\quartus\bin64\tcl_jni_bridge.dll
0x00007ffc364c0000 - 0x00007ffc364d9000 	C:\WINDOWS\SYSTEM32\CLDAPI.dll
0x00007ffc364b0000 - 0x00007ffc364ba000 	C:\WINDOWS\SYSTEM32\FLTLIB.DLL
0x00007ffc36460000 - 0x00007ffc364a5000 	C:\WINDOWS\SYSTEM32\AEPIC.dll
0x00007ffc403c0000 - 0x00007ffc40571000 	C:\WINDOWS\system32\propsys.dll
0x00007ffc10670000 - 0x00007ffc10797000 	C:\WINDOWS\system32\NetworkExplorer.dll
0x00007ffc32520000 - 0x00007ffc32b14000 	C:\Windows\System32\OneCoreUAPCommonProxyStub.dll
0x00007ffc32b20000 - 0x00007ffc32b7b000 	C:\Windows\System32\thumbcache.dll
0x00007ffc412c0000 - 0x00007ffc4133a000 	C:\WINDOWS\SYSTEM32\policymanager.dll
0x00007ffc41230000 - 0x00007ffc412c0000 	C:\WINDOWS\SYSTEM32\msvcp110_win.dll
0x00007ffc2b0a0000 - 0x00007ffc2b0bb000 	C:\WINDOWS\SYSTEM32\MPR.dll
0x00007ffc3ffc0000 - 0x00007ffc3ffcb000 	C:\WINDOWS\System32\drprov.dll
0x00007ffc43500000 - 0x00007ffc43555000 	C:\WINDOWS\System32\WINSTA.dll
0x00007ffc3fec0000 - 0x00007ffc3fed6000 	C:\WINDOWS\System32\ntlanman.dll
0x00007ffc3f970000 - 0x00007ffc3f98c000 	C:\WINDOWS\System32\davclnt.dll
0x00007ffc3ff80000 - 0x00007ffc3ff8c000 	C:\WINDOWS\System32\DAVHLPR.dll
0x00007ffc3f510000 - 0x00007ffc3f527000 	C:\WINDOWS\System32\wkscli.dll
0x00007ffc25cf0000 - 0x00007ffc25d02000 	C:\WINDOWS\SYSTEM32\cscapi.dll
0x00007ffc10f90000 - 0x00007ffc10fda000 	C:\Windows\System32\dlnashext.dll
0x00007ffc10d40000 - 0x00007ffc10da3000 	C:\Windows\System32\PlayToDevice.dll
0x00007ffc3c6d0000 - 0x00007ffc3c6ef000 	C:\Windows\System32\DevDispItemProvider.dll
0x00007ffc3a7c0000 - 0x00007ffc3a82f000 	C:\WINDOWS\System32\MMDevApi.dll
0x00007ffc44170000 - 0x00007ffc44197000 	C:\WINDOWS\System32\DEVOBJ.dll
0x00007ffc16420000 - 0x00007ffc165ff000 	C:\WINDOWS\system32\wpdshext.dll
0x00007ffc1a950000 - 0x00007ffc1aaec000 	C:\WINDOWS\WinSxS\amd64_microsoft.windows.gdiplus_6595b64144ccf1df_1.1.16299.309_none_46bac7a9edf0e4df\gdiplus.dll
0x00007ffc3e4d0000 - 0x00007ffc3e570000 	C:\Windows\System32\PortableDeviceApi.dll
0x00007ffc44a40000 - 0x00007ffc44a98000 	C:\WINDOWS\System32\WINTRUST.dll
0x00007ffc44360000 - 0x00007ffc44372000 	C:\WINDOWS\System32\MSASN1.dll
0x00007ffc44770000 - 0x00007ffc4493e000 	C:\WINDOWS\System32\CRYPT32.dll
0x00007ffc266f0000 - 0x00007ffc26726000 	C:\Windows\System32\EhStorShell.dll
0x00007ffc2c400000 - 0x00007ffc2c425000 	C:\Windows\System32\EhStorAPI.dll
0x00007ffc3efc0000 - 0x00007ffc3efd3000 	C:\Windows\System32\WTSAPI32.dll
0x00007ffc3cdd0000 - 0x00007ffc3cde0000 	C:\WINDOWS\SYSTEM32\LINKINFO.dll
0x00007ffc2b840000 - 0x00007ffc2b84c000 	C:\WINDOWS\SYSTEM32\Secur32.dll

VM Arguments:
jvm_args: -Xmx1500M -XX:+UseSerialGC 
java_command: com.altera.ipedit.QsysEditorApp --project-dir=C:/Dev/ECE342/Lab6/part2/ --family=Cyclone V --part=5CSEMA5F31C6 --host-controller
java_class_path (initial): C:/dev/fpga/quartus/sopc_builder/model/lib\Nlview.jar;C:/dev/fpga/quartus/sopc_builder/model/lib\QuickServer.jar;C:/dev/fpga/quartus/sopc_builder/model/lib\TableLayout.jar;C:/dev/fpga/quartus/sopc_builder/model/lib\appframework-1.03.jar;C:/dev/fpga/quartus/sopc_builder/model/lib\asm-3.1.jar;C:/dev/fpga/quartus/sopc_builder/model/lib\asm-commons-3.1.jar;C:/dev/fpga/quartus/sopc_builder/model/lib\basicmodel.jar;C:/dev/fpga/quartus/sopc_builder/model/lib\beansbinding-1.2.1.jar;C:/dev/fpga/quartus/sopc_builder/model/lib\binding-2.0.6.jar;C:/dev/fpga/quartus/sopc_builder/model/lib\com.altera.componenteditor2.jar;C:/dev/fpga/quartus/sopc_builder/model/lib\com.altera.embeddedsw.app_lib.jar;C:/dev/fpga/quartus/sopc_builder/model/lib\com.altera.embeddedsw.bsp.editor.jar;C:/dev/fpga/quartus/sopc_builder/model/lib\com.altera.embeddedsw.bsp.elements.jar;C:/dev/fpga/quartus/sopc_builder/model/lib\com.altera.embeddedsw.bsp.jar;C:/dev/fpga/quartus/sopc_builder/model/lib\com.altera.embeddedsw.bsp.plugin.core.jar;C:/dev/fpga/quartus/sopc_builder/model/lib\com.altera.embeddedsw.bsp.plugin.hal.jar;C:/dev/fpga/quartus/sopc_builder/model/lib\com.altera.embeddedsw.bsp.plugin.lwhal.jar;C:/dev/fpga/quartus/sopc_builder/model/lib\com.altera.embeddedsw.bsp.schema.jar;C:/dev/fpga/quartus/sopc_builder/model/lib\com.altera.embeddedsw.bsp.scripting.jar;C:/dev/fpga/quartus/sopc_builder/model/lib\com.altera.embeddedsw.commandline.jar;C:/dev/fpga/quartus/sopc_builder/model/lib\com.altera.embeddedsw.cpexample.jar;C:/dev/fpga/quartus/sopc_builder/model/lib\com.altera.embeddedsw.flash.jar;C:/dev/fpga/quartus/sopc_builder/model/lib\com.altera.embeddedsw.launch.jar;C:/dev/fpga/quartus/sopc_builder/model/lib\com.altera.embeddedsw.swinfo.jar;C:/dev/fpga/quartus/sopc_builder/model/lib\com.altera.embeddedsw.utilities.jar;C:/dev/fpga/quartus/sopc_builder/model/lib\com.altera.entityinterfaces.jar;C:/dev/fpga/quartus/sopc_builder/model/lib\com.altera.genman.jar;C:/dev/fpga/quartus/
Launcher Type: SUN_STANDARD

Environment Variables:
PATH=C:/dev/fpga/quartus/bin64;c:\dev\fpga\quartus\bin64\;C:\Program Files (x86)\Razer Chroma SDK\bin;C:\Program Files\Razer Chroma SDK\bin;C:\Program Files (x86)\NVIDIA Corporation\PhysX\Common;C:\WINDOWS\system32;C:\WINDOWS;C:\WINDOWS\System32\Wbem;C:\WINDOWS\System32\WindowsPowerShell\v1.0\;C:\WINDOWS\system32\config\systemprofile\.dnx\bin;C:\Program Files\Microsoft DNX\Dnvm\;C:\Program Files\Microsoft SQL Server\120\Tools\Binn\;C:\Program Files (x86)\Windows Kits\10\Windows Performance Toolkit\;C:\Program Files (x86)\Windows Kits\8.1\Windows Performance Toolkit\;C:\Program Files (x86)\Windows Live\Shared;C:\WINDOWS\system32\config\systemprofile\AppData\Local\Microsoft\WindowsApps;C:\All Program\Skype\Phone\;C:\WINDOWS\system32;C:\WINDOWS;C:\WINDOWS\System32\Wbem;C:\WINDOWS\System32\WindowsPowerShell\v1.0\;C:\Program Files\Microsoft SQL Server\130\Tools\Binn\;C:\Program Files (x86)\Xoreax\IncrediBuild;C:\Users\Kevin Xu\AppData\Local\Microsoft\WindowsApps;;C:\Dev\FPGA\modelsim_ase\win32aloem
USERNAME=Kevin Xu
OS=Windows_NT
PROCESSOR_IDENTIFIER=Intel64 Family 6 Model 78 Stepping 3, GenuineIntel



---------------  S Y S T E M  ---------------

OS: Windows 8.1 , 64 bit Build 9600 

CPU:total 4 (2 cores per cpu, 2 threads per core) family 6 model 78 stepping 3, cmov, cx8, fxsr, mmx, sse, sse2, sse3, ssse3, sse4.1, sse4.2, popcnt, avx, avx2, aes, clmul, erms, ht, tsc, tscinvbit

Memory: 4k page, physical 16700524k(11514448k free), swap 19190892k(12894100k free)

vm_info: Java HotSpot(TM) 64-Bit Server VM (25.5-b02) for windows-amd64 JRE (1.8.0_05-b13), built on Mar 18 2014 01:08:39 by "java_re" with MS VC++ 10.0 (VS2010)

time: Mon Mar 26 19:24:08 2018
elapsed time: 11 seconds

