Analysis & Synthesis report for de1soc
Tue Jan 23 19:29:30 2018
Quartus Prime Version 16.0.0 Build 211 04/27/2016 SJ Lite Edition


---------------------
; Table of Contents ;
---------------------
  1. Legal Notice
  2. Analysis & Synthesis Summary
  3. Analysis & Synthesis Settings
  4. Parallel Compilation
  5. Analysis & Synthesis Source Files Read
  6. Analysis & Synthesis Resource Usage Summary
  7. Analysis & Synthesis Resource Utilization by Entity
  8. State Machine - |de1soc_top|control:the_control|state
  9. Registers Removed During Synthesis
 10. General Register Statistics
 11. Multiplexer Restructuring Statistics (No Restructuring Performed)
 12. Post-Synthesis Netlist Statistics for Top Partition
 13. Elapsed Time Per Partition
 14. Analysis & Synthesis Messages
 15. Analysis & Synthesis Suppressed Messages



----------------
; Legal Notice ;
----------------
Copyright (C) 1991-2016 Altera Corporation. All rights reserved.
Your use of Altera Corporation's design tools, logic functions 
and other software and tools, and its AMPP partner logic 
functions, and any output files from any of the foregoing 
(including device programming or simulation files), and any 
associated documentation or information are expressly subject 
to the terms and conditions of the Altera Program License 
Subscription Agreement, the Altera Quartus Prime License Agreement,
the Altera MegaCore Function License Agreement, or other 
applicable license agreement, including, without limitation, 
that your use is for the sole purpose of programming logic 
devices manufactured by Altera and sold by Altera or its 
authorized distributors.  Please refer to the applicable 
agreement for further details.



+-------------------------------------------------------------------------------+
; Analysis & Synthesis Summary                                                  ;
+---------------------------------+---------------------------------------------+
; Analysis & Synthesis Status     ; Successful - Tue Jan 23 19:29:30 2018       ;
; Quartus Prime Version           ; 16.0.0 Build 211 04/27/2016 SJ Lite Edition ;
; Revision Name                   ; de1soc                                      ;
; Top-level Entity Name           ; de1soc_top                                  ;
; Family                          ; Cyclone V                                   ;
; Logic utilization (in ALMs)     ; N/A                                         ;
; Total registers                 ; 30                                          ;
; Total pins                      ; 96                                          ;
; Total virtual pins              ; 0                                           ;
; Total block memory bits         ; 0                                           ;
; Total DSP Blocks                ; 0                                           ;
; Total HSSI RX PCSs              ; 0                                           ;
; Total HSSI PMA RX Deserializers ; 0                                           ;
; Total HSSI TX PCSs              ; 0                                           ;
; Total HSSI PMA TX Serializers   ; 0                                           ;
; Total PLLs                      ; 0                                           ;
; Total DLLs                      ; 0                                           ;
+---------------------------------+---------------------------------------------+


+---------------------------------------------------------------------------------------------------------------------------+
; Analysis & Synthesis Settings                                                                                             ;
+---------------------------------------------------------------------------------+--------------------+--------------------+
; Option                                                                          ; Setting            ; Default Value      ;
+---------------------------------------------------------------------------------+--------------------+--------------------+
; Device                                                                          ; 5CSEMA5F31C6       ;                    ;
; Top-level entity name                                                           ; de1soc_top         ; de1soc             ;
; Family name                                                                     ; Cyclone V          ; Cyclone V          ;
; Restructure Multiplexers                                                        ; Off                ; Auto               ;
; Optimization Technique                                                          ; Speed              ; Balanced           ;
; Use smart compilation                                                           ; Off                ; Off                ;
; Enable parallel Assembler and TimeQuest Timing Analyzer during compilation      ; On                 ; On                 ;
; Enable compact report table                                                     ; Off                ; Off                ;
; MLAB Add Timing Constraints For Mixed-Port Feed-Through Mode Setting Don't Care ; Off                ; Off                ;
; Create Debugging Nodes for IP Cores                                             ; Off                ; Off                ;
; Preserve fewer node names                                                       ; On                 ; On                 ;
; Disable OpenCore Plus hardware evaluation                                       ; Off                ; Off                ;
; Verilog Version                                                                 ; Verilog_2001       ; Verilog_2001       ;
; VHDL Version                                                                    ; VHDL_1993          ; VHDL_1993          ;
; State Machine Processing                                                        ; Auto               ; Auto               ;
; Safe State Machine                                                              ; Off                ; Off                ;
; Extract Verilog State Machines                                                  ; On                 ; On                 ;
; Extract VHDL State Machines                                                     ; On                 ; On                 ;
; Ignore Verilog initial constructs                                               ; Off                ; Off                ;
; Iteration limit for constant Verilog loops                                      ; 5000               ; 5000               ;
; Iteration limit for non-constant Verilog loops                                  ; 250                ; 250                ;
; Add Pass-Through Logic to Inferred RAMs                                         ; On                 ; On                 ;
; Infer RAMs from Raw Logic                                                       ; On                 ; On                 ;
; Parallel Synthesis                                                              ; On                 ; On                 ;
; DSP Block Balancing                                                             ; Auto               ; Auto               ;
; NOT Gate Push-Back                                                              ; On                 ; On                 ;
; Power-Up Don't Care                                                             ; On                 ; On                 ;
; Remove Redundant Logic Cells                                                    ; Off                ; Off                ;
; Remove Duplicate Registers                                                      ; On                 ; On                 ;
; Ignore CARRY Buffers                                                            ; Off                ; Off                ;
; Ignore CASCADE Buffers                                                          ; Off                ; Off                ;
; Ignore GLOBAL Buffers                                                           ; Off                ; Off                ;
; Ignore ROW GLOBAL Buffers                                                       ; Off                ; Off                ;
; Ignore LCELL Buffers                                                            ; Off                ; Off                ;
; Ignore SOFT Buffers                                                             ; On                 ; On                 ;
; Limit AHDL Integers to 32 Bits                                                  ; Off                ; Off                ;
; Carry Chain Length                                                              ; 70                 ; 70                 ;
; Auto Carry Chains                                                               ; On                 ; On                 ;
; Auto Open-Drain Pins                                                            ; On                 ; On                 ;
; Perform WYSIWYG Primitive Resynthesis                                           ; Off                ; Off                ;
; Auto ROM Replacement                                                            ; On                 ; On                 ;
; Auto RAM Replacement                                                            ; On                 ; On                 ;
; Auto DSP Block Replacement                                                      ; On                 ; On                 ;
; Auto Shift Register Replacement                                                 ; Auto               ; Auto               ;
; Allow Shift Register Merging across Hierarchies                                 ; Auto               ; Auto               ;
; Auto Clock Enable Replacement                                                   ; On                 ; On                 ;
; Strict RAM Replacement                                                          ; Off                ; Off                ;
; Allow Synchronous Control Signals                                               ; On                 ; On                 ;
; Force Use of Synchronous Clear Signals                                          ; Off                ; Off                ;
; Auto Resource Sharing                                                           ; Off                ; Off                ;
; Allow Any RAM Size For Recognition                                              ; Off                ; Off                ;
; Allow Any ROM Size For Recognition                                              ; Off                ; Off                ;
; Allow Any Shift Register Size For Recognition                                   ; Off                ; Off                ;
; Use LogicLock Constraints during Resource Balancing                             ; On                 ; On                 ;
; Ignore translate_off and synthesis_off directives                               ; Off                ; Off                ;
; Timing-Driven Synthesis                                                         ; On                 ; On                 ;
; Report Parameter Settings                                                       ; On                 ; On                 ;
; Report Source Assignments                                                       ; On                 ; On                 ;
; Report Connectivity Checks                                                      ; On                 ; On                 ;
; Ignore Maximum Fan-Out Assignments                                              ; Off                ; Off                ;
; Synchronization Register Chain Length                                           ; 3                  ; 3                  ;
; PowerPlay Power Optimization During Synthesis                                   ; Normal compilation ; Normal compilation ;
; HDL message level                                                               ; Level2             ; Level2             ;
; Suppress Register Optimization Related Messages                                 ; Off                ; Off                ;
; Number of Removed Registers Reported in Synthesis Report                        ; 5000               ; 5000               ;
; Number of Swept Nodes Reported in Synthesis Report                              ; 5000               ; 5000               ;
; Number of Inverted Registers Reported in Synthesis Report                       ; 100                ; 100                ;
; Clock MUX Protection                                                            ; On                 ; On                 ;
; Auto Gated Clock Conversion                                                     ; Off                ; Off                ;
; Block Design Naming                                                             ; Auto               ; Auto               ;
; SDC constraint protection                                                       ; Off                ; Off                ;
; Synthesis Effort                                                                ; Auto               ; Auto               ;
; Shift Register Replacement - Allow Asynchronous Clear Signal                    ; On                 ; On                 ;
; Pre-Mapping Resynthesis Optimization                                            ; Off                ; Off                ;
; Analysis & Synthesis Message Level                                              ; Medium             ; Medium             ;
; Disable Register Merging Across Hierarchies                                     ; Auto               ; Auto               ;
; Resource Aware Inference For Block RAM                                          ; On                 ; On                 ;
; Synthesis Seed                                                                  ; 1                  ; 1                  ;
; Automatic Parallel Synthesis                                                    ; On                 ; On                 ;
; Partial Reconfiguration Bitstream ID                                            ; Off                ; Off                ;
+---------------------------------------------------------------------------------+--------------------+--------------------+


+------------------------------------------+
; Parallel Compilation                     ;
+----------------------------+-------------+
; Processors                 ; Number      ;
+----------------------------+-------------+
; Number detected on machine ; 4           ;
; Maximum allowed            ; 2           ;
;                            ;             ;
; Average used               ; 1.00        ;
; Maximum used               ; 2           ;
;                            ;             ;
; Usage by Processor         ; % Time Used ;
;     Processor 1            ; 100.0%      ;
;     Processor 2            ;   0.0%      ;
+----------------------------+-------------+


+---------------------------------------------------------------------------------------------------------------------------------------+
; Analysis & Synthesis Source Files Read                                                                                                ;
+----------------------------------+-----------------+------------------------------------+-----------------------------------+---------+
; File Name with User-Entered Path ; Used in Netlist ; File Type                          ; File Name with Absolute Path      ; Library ;
+----------------------------------+-----------------+------------------------------------+-----------------------------------+---------+
; de1soc_top.sv                    ; yes             ; User SystemVerilog HDL File        ; C:/Dev/ECE342/Lab1/de1soc_top.sv  ;         ;
; datapath.sv                      ; yes             ; Auto-Found SystemVerilog HDL File  ; C:/Dev/ECE342/Lab1/datapath.sv    ;         ;
; control.sv                       ; yes             ; Auto-Found SystemVerilog HDL File  ; C:/Dev/ECE342/Lab1/control.sv     ;         ;
; led_ctrl.sv                      ; yes             ; Auto-Found SystemVerilog HDL File  ; C:/Dev/ECE342/Lab1/led_ctrl.sv    ;         ;
; hex_decoder.sv                   ; yes             ; Auto-Found SystemVerilog HDL File  ; C:/Dev/ECE342/Lab1/hex_decoder.sv ;         ;
+----------------------------------+-----------------+------------------------------------+-----------------------------------+---------+


+--------------------------------------------------------------+
; Analysis & Synthesis Resource Usage Summary                  ;
+---------------------------------------------+----------------+
; Resource                                    ; Usage          ;
+---------------------------------------------+----------------+
; Estimate of Logic utilization (ALMs needed) ; 49             ;
;                                             ;                ;
; Combinational ALUT usage for logic          ; 89             ;
;     -- 7 input functions                    ; 0              ;
;     -- 6 input functions                    ; 8              ;
;     -- 5 input functions                    ; 17             ;
;     -- 4 input functions                    ; 38             ;
;     -- <=3 input functions                  ; 26             ;
;                                             ;                ;
; Dedicated logic registers                   ; 30             ;
;                                             ;                ;
; I/O pins                                    ; 96             ;
;                                             ;                ;
; Total DSP Blocks                            ; 0              ;
;                                             ;                ;
; Maximum fan-out node                        ; CLOCK_50~input ;
; Maximum fan-out                             ; 30             ;
; Total fan-out                               ; 592            ;
; Average fan-out                             ; 1.90           ;
+---------------------------------------------+----------------+


+---------------------------------------------------------------------------------------------------------------------------------------------------------------------------------------------------+
; Analysis & Synthesis Resource Utilization by Entity                                                                                                                                               ;
+----------------------------------+-------------------+--------------+-------------------+------------+------+--------------+-----------------------------------------+-------------+--------------+
; Compilation Hierarchy Node       ; LC Combinationals ; LC Registers ; Block Memory Bits ; DSP Blocks ; Pins ; Virtual Pins ; Full Hierarchy Name                     ; Entity Name ; Library Name ;
+----------------------------------+-------------------+--------------+-------------------+------------+------+--------------+-----------------------------------------+-------------+--------------+
; |de1soc_top                      ; 89 (14)           ; 30 (0)       ; 0                 ; 0          ; 96   ; 0            ; |de1soc_top                             ; de1soc_top  ; work         ;
;    |control:the_control|         ; 23 (23)           ; 19 (19)      ; 0                 ; 0          ; 0    ; 0            ; |de1soc_top|control:the_control         ; control     ; work         ;
;    |datapath:the_datapath|       ; 24 (24)           ; 8 (8)        ; 0                 ; 0          ; 0    ; 0            ; |de1soc_top|datapath:the_datapath       ; datapath    ; work         ;
;    |hex_decoder:hexdec_attempt0| ; 7 (7)             ; 0 (0)        ; 0                 ; 0          ; 0    ; 0            ; |de1soc_top|hex_decoder:hexdec_attempt0 ; hex_decoder ; work         ;
;    |hex_decoder:hexdec_attempt1| ; 7 (7)             ; 0 (0)        ; 0                 ; 0          ; 0    ; 0            ; |de1soc_top|hex_decoder:hexdec_attempt1 ; hex_decoder ; work         ;
;    |hex_decoder:hexdec_guess0|   ; 7 (7)             ; 0 (0)        ; 0                 ; 0          ; 0    ; 0            ; |de1soc_top|hex_decoder:hexdec_guess0   ; hex_decoder ; work         ;
;    |hex_decoder:hexdec_guess1|   ; 7 (7)             ; 0 (0)        ; 0                 ; 0          ; 0    ; 0            ; |de1soc_top|hex_decoder:hexdec_guess1   ; hex_decoder ; work         ;
;    |led_ctrl:ledc_equal|         ; 0 (0)             ; 1 (1)        ; 0                 ; 0          ; 0    ; 0            ; |de1soc_top|led_ctrl:ledc_equal         ; led_ctrl    ; work         ;
;    |led_ctrl:ledc_over|          ; 0 (0)             ; 1 (1)        ; 0                 ; 0          ; 0    ; 0            ; |de1soc_top|led_ctrl:ledc_over          ; led_ctrl    ; work         ;
;    |led_ctrl:ledc_under|         ; 0 (0)             ; 1 (1)        ; 0                 ; 0          ; 0    ; 0            ; |de1soc_top|led_ctrl:ledc_under         ; led_ctrl    ; work         ;
+----------------------------------+-------------------+--------------+-------------------+------------+------+--------------+-----------------------------------------+-------------+--------------+
Note: For table entries with two numbers listed, the numbers in parentheses indicate the number of resources of the given type used by the specific entity alone. The numbers listed outside of parentheses indicate the total resources of the given type used by the specific entity and all of its sub-entities in the hierarchy.


Encoding Type:  One-Hot
+--------------------------------------------------------------------------------------------------------------------------------------------------------------------------------------------+
; State Machine - |de1soc_top|control:the_control|state                                                                                                                                      ;
+--------------------+-----------+--------------------+--------------+------------+-------------+-------------+---------------+--------------------+--------------+--------------+-----------+
; Name               ; state.die ; state.wait_enter_2 ; state.wait_2 ; state.over ; state.equal ; state.under ; state.compare ; state.wait_enter_1 ; state.numGen ; state.wait_1 ; state.rst ;
+--------------------+-----------+--------------------+--------------+------------+-------------+-------------+---------------+--------------------+--------------+--------------+-----------+
; state.rst          ; 0         ; 0                  ; 0            ; 0          ; 0           ; 0           ; 0             ; 0                  ; 0            ; 0            ; 0         ;
; state.wait_1       ; 0         ; 0                  ; 0            ; 0          ; 0           ; 0           ; 0             ; 0                  ; 0            ; 1            ; 1         ;
; state.numGen       ; 0         ; 0                  ; 0            ; 0          ; 0           ; 0           ; 0             ; 0                  ; 1            ; 0            ; 1         ;
; state.wait_enter_1 ; 0         ; 0                  ; 0            ; 0          ; 0           ; 0           ; 0             ; 1                  ; 0            ; 0            ; 1         ;
; state.compare      ; 0         ; 0                  ; 0            ; 0          ; 0           ; 0           ; 1             ; 0                  ; 0            ; 0            ; 1         ;
; state.under        ; 0         ; 0                  ; 0            ; 0          ; 0           ; 1           ; 0             ; 0                  ; 0            ; 0            ; 1         ;
; state.equal        ; 0         ; 0                  ; 0            ; 0          ; 1           ; 0           ; 0             ; 0                  ; 0            ; 0            ; 1         ;
; state.over         ; 0         ; 0                  ; 0            ; 1          ; 0           ; 0           ; 0             ; 0                  ; 0            ; 0            ; 1         ;
; state.wait_2       ; 0         ; 0                  ; 1            ; 0          ; 0           ; 0           ; 0             ; 0                  ; 0            ; 0            ; 1         ;
; state.wait_enter_2 ; 0         ; 1                  ; 0            ; 0          ; 0           ; 0           ; 0             ; 0                  ; 0            ; 0            ; 1         ;
; state.die          ; 1         ; 0                  ; 0            ; 0          ; 0           ; 0           ; 0             ; 0                  ; 0            ; 0            ; 1         ;
+--------------------+-----------+--------------------+--------------+------------+-------------+-------------+---------------+--------------------+--------------+--------------+-----------+


+-------------------------------------------------------------+
; Registers Removed During Synthesis                          ;
+----------------------------------------+--------------------+
; Register name                          ; Reason for Removal ;
+----------------------------------------+--------------------+
; control:the_control|state~4            ; Lost fanout        ;
; control:the_control|state~5            ; Lost fanout        ;
; control:the_control|state~6            ; Lost fanout        ;
; control:the_control|state~7            ; Lost fanout        ;
; control:the_control|state~8            ; Lost fanout        ;
; control:the_control|state~9            ; Lost fanout        ;
; control:the_control|state~10           ; Lost fanout        ;
; control:the_control|state~11           ; Lost fanout        ;
; control:the_control|state~12           ; Lost fanout        ;
; control:the_control|state~13           ; Lost fanout        ;
; control:the_control|state~14           ; Lost fanout        ;
; control:the_control|state~15           ; Lost fanout        ;
; control:the_control|state~16           ; Lost fanout        ;
; control:the_control|state~17           ; Lost fanout        ;
; control:the_control|state~18           ; Lost fanout        ;
; control:the_control|state~19           ; Lost fanout        ;
; control:the_control|state~20           ; Lost fanout        ;
; control:the_control|state~21           ; Lost fanout        ;
; control:the_control|state~22           ; Lost fanout        ;
; control:the_control|state~23           ; Lost fanout        ;
; control:the_control|state~24           ; Lost fanout        ;
; control:the_control|state~25           ; Lost fanout        ;
; control:the_control|state~26           ; Lost fanout        ;
; control:the_control|state~27           ; Lost fanout        ;
; control:the_control|state~28           ; Lost fanout        ;
; control:the_control|state~29           ; Lost fanout        ;
; control:the_control|state~30           ; Lost fanout        ;
; control:the_control|state~31           ; Lost fanout        ;
; control:the_control|state~32           ; Lost fanout        ;
; control:the_control|state~33           ; Lost fanout        ;
; control:the_control|state~34           ; Lost fanout        ;
; control:the_control|state~35           ; Lost fanout        ;
; Total Number of Removed Registers = 32 ;                    ;
+----------------------------------------+--------------------+


+------------------------------------------------------+
; General Register Statistics                          ;
+----------------------------------------------+-------+
; Statistic                                    ; Value ;
+----------------------------------------------+-------+
; Total registers                              ; 30    ;
; Number of registers using Synchronous Clear  ; 10    ;
; Number of registers using Synchronous Load   ; 0     ;
; Number of registers using Asynchronous Clear ; 22    ;
; Number of registers using Asynchronous Load  ; 0     ;
; Number of registers using Clock Enable       ; 19    ;
; Number of registers using Preset             ; 0     ;
+----------------------------------------------+-------+


+----------------------------------------------------------------------------------------------------------------------------------------------------------+
; Multiplexer Restructuring Statistics (No Restructuring Performed)                                                                                        ;
+--------------------+-----------+---------------+----------------------+------------------------+------------+--------------------------------------------+
; Multiplexer Inputs ; Bus Width ; Baseline Area ; Area if Restructured ; Saving if Restructured ; Registered ; Example Multiplexer Output                 ;
+--------------------+-----------+---------------+----------------------+------------------------+------------+--------------------------------------------+
; 3:1                ; 8 bits    ; 16 LEs        ; 0 LEs                ; 16 LEs                 ; Yes        ; |de1soc_top|control:the_control|attempt[0] ;
; 3:1                ; 2 bits    ; 4 LEs         ; 4 LEs                ; 0 LEs                  ; No         ; |de1soc_top|control:the_control|nextstate  ;
+--------------------+-----------+---------------+----------------------+------------------------+------------+--------------------------------------------+


+-----------------------------------------------------+
; Post-Synthesis Netlist Statistics for Top Partition ;
+-----------------------+-----------------------------+
; Type                  ; Count                       ;
+-----------------------+-----------------------------+
; arriav_ff             ; 30                          ;
;     CLR               ; 9                           ;
;     CLR SCLR          ; 2                           ;
;     ENA CLR           ; 11                          ;
;     ENA SCLR          ; 8                           ;
; arriav_lcell_comb     ; 94                          ;
;     arith             ; 15                          ;
;         1 data inputs ; 14                          ;
;         2 data inputs ; 1                           ;
;     normal            ; 79                          ;
;         0 data inputs ; 1                           ;
;         1 data inputs ; 5                           ;
;         2 data inputs ; 6                           ;
;         3 data inputs ; 4                           ;
;         4 data inputs ; 38                          ;
;         5 data inputs ; 17                          ;
;         6 data inputs ; 8                           ;
; boundary_port         ; 96                          ;
;                       ;                             ;
; Max LUT depth         ; 4.00                        ;
; Average LUT depth     ; 1.86                        ;
+-----------------------+-----------------------------+


+-------------------------------+
; Elapsed Time Per Partition    ;
+----------------+--------------+
; Partition Name ; Elapsed Time ;
+----------------+--------------+
; Top            ; 00:00:00     ;
+----------------+--------------+


+-------------------------------+
; Analysis & Synthesis Messages ;
+-------------------------------+
Info: *******************************************************************
Info: Running Quartus Prime Analysis & Synthesis
    Info: Version 16.0.0 Build 211 04/27/2016 SJ Lite Edition
    Info: Processing started: Tue Jan 23 19:29:16 2018
Info: Command: quartus_map --read_settings_files=on --write_settings_files=off de1soc -c de1soc
Info (16303): Aggressive Performance optimization mode selected -- timing performance will be prioritized at the potential cost of increased logic area and compilation time
Warning (18236): Number of processors has not been specified which may cause overloading on shared machines.  Set the global assignment NUM_PARALLEL_PROCESSORS in your QSF to an appropriate value for best performance.
Info (20030): Parallel compilation is enabled and will use 2 of the 2 processors detected
Info (12021): Found 1 design units, including 1 entities, in source file de1soc_top.sv
    Info (12023): Found entity 1: de1soc_top File: C:/Dev/ECE342/Lab1/de1soc_top.sv Line: 1
Info (12127): Elaborating entity "de1soc_top" for the top level hierarchy
Warning (10034): Output port "LEDR[8..5]" at de1soc_top.sv(21) has no driver File: C:/Dev/ECE342/Lab1/de1soc_top.sv Line: 21
Warning (10034): Output port "LEDR[3..2]" at de1soc_top.sv(21) has no driver File: C:/Dev/ECE342/Lab1/de1soc_top.sv Line: 21
Warning (10034): Output port "VGA_B" at de1soc_top.sv(27) has no driver File: C:/Dev/ECE342/Lab1/de1soc_top.sv Line: 27
Warning (10034): Output port "VGA_G" at de1soc_top.sv(30) has no driver File: C:/Dev/ECE342/Lab1/de1soc_top.sv Line: 30
Warning (10034): Output port "VGA_R" at de1soc_top.sv(32) has no driver File: C:/Dev/ECE342/Lab1/de1soc_top.sv Line: 32
Warning (10034): Output port "VGA_BLANK_N" at de1soc_top.sv(28) has no driver File: C:/Dev/ECE342/Lab1/de1soc_top.sv Line: 28
Warning (10034): Output port "VGA_CLK" at de1soc_top.sv(29) has no driver File: C:/Dev/ECE342/Lab1/de1soc_top.sv Line: 29
Warning (10034): Output port "VGA_HS" at de1soc_top.sv(31) has no driver File: C:/Dev/ECE342/Lab1/de1soc_top.sv Line: 31
Warning (10034): Output port "VGA_SYNC_N" at de1soc_top.sv(33) has no driver File: C:/Dev/ECE342/Lab1/de1soc_top.sv Line: 33
Warning (10034): Output port "VGA_VS" at de1soc_top.sv(35) has no driver File: C:/Dev/ECE342/Lab1/de1soc_top.sv Line: 35
Warning (12125): Using design file datapath.sv, which is not specified as a design file for the current project, but contains definitions for 1 design units and 1 entities in project
    Info (12023): Found entity 1: datapath File: C:/Dev/ECE342/Lab1/datapath.sv Line: 1
Info (12128): Elaborating entity "datapath" for hierarchy "datapath:the_datapath" File: C:/Dev/ECE342/Lab1/de1soc_top.sv Line: 64
Warning (12125): Using design file control.sv, which is not specified as a design file for the current project, but contains definitions for 1 design units and 1 entities in project
    Info (12023): Found entity 1: control File: C:/Dev/ECE342/Lab1/control.sv Line: 1
Info (12128): Elaborating entity "control" for hierarchy "control:the_control" File: C:/Dev/ECE342/Lab1/de1soc_top.sv Line: 80
Warning (12125): Using design file led_ctrl.sv, which is not specified as a design file for the current project, but contains definitions for 1 design units and 1 entities in project
    Info (12023): Found entity 1: led_ctrl File: C:/Dev/ECE342/Lab1/led_ctrl.sv Line: 1
Info (12128): Elaborating entity "led_ctrl" for hierarchy "led_ctrl:ledc_under" File: C:/Dev/ECE342/Lab1/de1soc_top.sv Line: 87
Warning (12125): Using design file hex_decoder.sv, which is not specified as a design file for the current project, but contains definitions for 1 design units and 1 entities in project
    Info (12023): Found entity 1: hex_decoder File: C:/Dev/ECE342/Lab1/hex_decoder.sv Line: 1
Info (12128): Elaborating entity "hex_decoder" for hierarchy "hex_decoder:hexdec_guess0" File: C:/Dev/ECE342/Lab1/de1soc_top.sv Line: 96
Warning (13024): Output pins are stuck at VCC or GND
    Warning (13410): Pin "LEDR[2]" is stuck at GND File: C:/Dev/ECE342/Lab1/de1soc_top.sv Line: 21
    Warning (13410): Pin "LEDR[3]" is stuck at GND File: C:/Dev/ECE342/Lab1/de1soc_top.sv Line: 21
    Warning (13410): Pin "LEDR[5]" is stuck at GND File: C:/Dev/ECE342/Lab1/de1soc_top.sv Line: 21
    Warning (13410): Pin "LEDR[6]" is stuck at GND File: C:/Dev/ECE342/Lab1/de1soc_top.sv Line: 21
    Warning (13410): Pin "LEDR[7]" is stuck at GND File: C:/Dev/ECE342/Lab1/de1soc_top.sv Line: 21
    Warning (13410): Pin "LEDR[8]" is stuck at GND File: C:/Dev/ECE342/Lab1/de1soc_top.sv Line: 21
    Warning (13410): Pin "VGA_B[0]" is stuck at GND File: C:/Dev/ECE342/Lab1/de1soc_top.sv Line: 27
    Warning (13410): Pin "VGA_B[1]" is stuck at GND File: C:/Dev/ECE342/Lab1/de1soc_top.sv Line: 27
    Warning (13410): Pin "VGA_B[2]" is stuck at GND File: C:/Dev/ECE342/Lab1/de1soc_top.sv Line: 27
    Warning (13410): Pin "VGA_B[3]" is stuck at GND File: C:/Dev/ECE342/Lab1/de1soc_top.sv Line: 27
    Warning (13410): Pin "VGA_B[4]" is stuck at GND File: C:/Dev/ECE342/Lab1/de1soc_top.sv Line: 27
    Warning (13410): Pin "VGA_B[5]" is stuck at GND File: C:/Dev/ECE342/Lab1/de1soc_top.sv Line: 27
    Warning (13410): Pin "VGA_B[6]" is stuck at GND File: C:/Dev/ECE342/Lab1/de1soc_top.sv Line: 27
    Warning (13410): Pin "VGA_B[7]" is stuck at GND File: C:/Dev/ECE342/Lab1/de1soc_top.sv Line: 27
    Warning (13410): Pin "VGA_BLANK_N" is stuck at GND File: C:/Dev/ECE342/Lab1/de1soc_top.sv Line: 28
    Warning (13410): Pin "VGA_CLK" is stuck at GND File: C:/Dev/ECE342/Lab1/de1soc_top.sv Line: 29
    Warning (13410): Pin "VGA_G[0]" is stuck at GND File: C:/Dev/ECE342/Lab1/de1soc_top.sv Line: 30
    Warning (13410): Pin "VGA_G[1]" is stuck at GND File: C:/Dev/ECE342/Lab1/de1soc_top.sv Line: 30
    Warning (13410): Pin "VGA_G[2]" is stuck at GND File: C:/Dev/ECE342/Lab1/de1soc_top.sv Line: 30
    Warning (13410): Pin "VGA_G[3]" is stuck at GND File: C:/Dev/ECE342/Lab1/de1soc_top.sv Line: 30
    Warning (13410): Pin "VGA_G[4]" is stuck at GND File: C:/Dev/ECE342/Lab1/de1soc_top.sv Line: 30
    Warning (13410): Pin "VGA_G[5]" is stuck at GND File: C:/Dev/ECE342/Lab1/de1soc_top.sv Line: 30
    Warning (13410): Pin "VGA_G[6]" is stuck at GND File: C:/Dev/ECE342/Lab1/de1soc_top.sv Line: 30
    Warning (13410): Pin "VGA_G[7]" is stuck at GND File: C:/Dev/ECE342/Lab1/de1soc_top.sv Line: 30
    Warning (13410): Pin "VGA_HS" is stuck at GND File: C:/Dev/ECE342/Lab1/de1soc_top.sv Line: 31
    Warning (13410): Pin "VGA_R[0]" is stuck at GND File: C:/Dev/ECE342/Lab1/de1soc_top.sv Line: 32
    Warning (13410): Pin "VGA_R[1]" is stuck at GND File: C:/Dev/ECE342/Lab1/de1soc_top.sv Line: 32
    Warning (13410): Pin "VGA_R[2]" is stuck at GND File: C:/Dev/ECE342/Lab1/de1soc_top.sv Line: 32
    Warning (13410): Pin "VGA_R[3]" is stuck at GND File: C:/Dev/ECE342/Lab1/de1soc_top.sv Line: 32
    Warning (13410): Pin "VGA_R[4]" is stuck at GND File: C:/Dev/ECE342/Lab1/de1soc_top.sv Line: 32
    Warning (13410): Pin "VGA_R[5]" is stuck at GND File: C:/Dev/ECE342/Lab1/de1soc_top.sv Line: 32
    Warning (13410): Pin "VGA_R[6]" is stuck at GND File: C:/Dev/ECE342/Lab1/de1soc_top.sv Line: 32
    Warning (13410): Pin "VGA_R[7]" is stuck at GND File: C:/Dev/ECE342/Lab1/de1soc_top.sv Line: 32
    Warning (13410): Pin "VGA_SYNC_N" is stuck at GND File: C:/Dev/ECE342/Lab1/de1soc_top.sv Line: 33
    Warning (13410): Pin "VGA_VS" is stuck at GND File: C:/Dev/ECE342/Lab1/de1soc_top.sv Line: 35
Info (286030): Timing-Driven Synthesis is running
Info (17049): 32 registers lost all their fanouts during netlist optimizations.
Info (144001): Generated suppressed messages file C:/Dev/ECE342/Lab1/out/de1soc.map.smsg
Info (16010): Generating hard_block partition "hard_block:auto_generated_inst"
    Info (16011): Adding 0 node(s), including 0 DDIO, 0 PLL, 0 transceiver and 0 LCELL
Warning (21074): Design contains 3 input pin(s) that do not drive logic
    Warning (15610): No output dependent on input pin "KEY[2]" File: C:/Dev/ECE342/Lab1/de1soc_top.sv Line: 18
    Warning (15610): No output dependent on input pin "KEY[3]" File: C:/Dev/ECE342/Lab1/de1soc_top.sv Line: 18
    Warning (15610): No output dependent on input pin "SW[8]" File: C:/Dev/ECE342/Lab1/de1soc_top.sv Line: 24
Info (21057): Implemented 189 device resources after synthesis - the final resource count might be different
    Info (21058): Implemented 15 input pins
    Info (21059): Implemented 81 output pins
    Info (21061): Implemented 93 logic cells
Info: Quartus Prime Analysis & Synthesis was successful. 0 errors, 55 warnings
    Info: Peak virtual memory: 944 megabytes
    Info: Processing ended: Tue Jan 23 19:29:30 2018
    Info: Elapsed time: 00:00:14
    Info: Total CPU time (on all processors): 00:00:31


+------------------------------------------+
; Analysis & Synthesis Suppressed Messages ;
+------------------------------------------+
The suppressed messages can be found in C:/Dev/ECE342/Lab1/out/de1soc.map.smsg.


