#
# A fatal error has been detected by the Java Runtime Environment:
#
#  EXCEPTION_ACCESS_VIOLATION (0xc0000005) at pc=0x000000005f9b6adf, pid=12140, tid=19868
#
# JRE version: Java(TM) SE Runtime Environment (8.0_05-b13) (build 1.8.0_05-b13)
# Java VM: Java HotSpot(TM) 64-Bit Server VM (25.5-b02 mixed mode windows-amd64 compressed oops)
# Problematic frame:
# C  [msvcr100.dll+0x36adf]
#
# Failed to write core dump. Minidumps are not enabled by default on client versions of Windows
#
# If you would like to submit a bug report, please visit:
#   http://bugreport.sun.com/bugreport/crash.jsp
# The crash happened outside the Java Virtual Machine in native code.
# See problematic frame for where to report the bug.
#

---------------  T H R E A D  ---------------

Current thread (0x000000001aa25800):  JavaThread "Swing-Shell" daemon [_thread_in_native, id=19868, stack(0x0000000025290000,0x0000000025390000)]

siginfo: ExceptionCode=0xc0000005, reading address 0x0000000000000000

Registers:
RAX=0x0000000000000000, RBX=0x000000002538ecf0, RCX=0x0000000000000000, RDX=0x000000000318a500
RSP=0x000000002538ec98, RBP=0x000000002538ee80, RSI=0x0000000000000090, RDI=0x000000001aa259e0
R8 =0x000000000318a500, R9 =0x0000000000000000, R10=0x0000000000000000, R11=0x000000002538bed0
R12=0x0000000000000000, R13=0x000000002538eea0, R14=0x000000002538ee68, R15=0x000000001aa25800
RIP=0x000000005f9b6adf, EFLAGS=0x0000000000010246

Top of Stack: (sp=0x000000002538ec98)
0x000000002538ec98:   000000005ef79c46 0000000000000000
0x000000002538eca8:   000000001aa259e0 0000000000000090
0x000000002538ecb8:   000000000318a500 000000001aa259e0
0x000000002538ecc8:   000000005ef7a5e9 000000000318a500
0x000000002538ecd8:   0000190c5e2e0478 0000000000000005
0x000000002538ece8:   000000001aa25800 0000000000000000
0x000000002538ecf8:   0000000000000000 000000001c42a600
0x000000002538ed08:   00007ffc44e80500 0000000000000000
0x000000002538ed18:   0000000000000000 000000002538ed98
0x000000002538ed28:   0000000005617380 0000000000000000
0x000000002538ed38:   000000005f2bca42 000000002538f080
0x000000002538ed48:   0000000000000000 00000000a2a91eb8
0x000000002538ed58:   0000000000000000 0000000000000000
0x000000002538ed68:   0000000005a8dbf5 0000000000000058
0x000000002538ed78:   000000002538edd0 00000000a2b54650
0x000000002538ed88:   00000000a2b546b0 0000000100000000 

Instructions: (pc=0x000000005f9b6adf)
0x000000005f9b6abf:   99 03 00 cc 33 c0 48 8b 5c 24 40 48 8b 74 24 48
0x000000005f9b6acf:   48 83 c4 30 5f c3 cc cc cc cc cc cc cc 48 8b c1
0x000000005f9b6adf:   0f b7 10 48 83 c0 02 66 85 d2 75 f4 48 2b c1 48
0x000000005f9b6aef:   d1 f8 48 ff c8 c3 cc cc cc cc cc cc cc 45 33 c0 


Register to memory mapping:

RAX=0x0000000000000000 is an unknown value
RBX=0x000000002538ecf0 is pointing into the stack for thread: 0x000000001aa25800
RCX=0x0000000000000000 is an unknown value
RDX=0x000000000318a500 is an unknown value
RSP=0x000000002538ec98 is pointing into the stack for thread: 0x000000001aa25800
RBP=0x000000002538ee80 is pointing into the stack for thread: 0x000000001aa25800
RSI=0x0000000000000090 is an unknown value
RDI=0x000000001aa259e0 is an unknown value
R8 =0x000000000318a500 is an unknown value
R9 =0x0000000000000000 is an unknown value
R10=0x0000000000000000 is an unknown value
R11=0x000000002538bed0 is pointing into the stack for thread: 0x000000001aa25800
R12=0x0000000000000000 is an unknown value
R13=0x000000002538eea0 is pointing into the stack for thread: 0x000000001aa25800
R14=0x000000002538ee68 is pointing into the stack for thread: 0x000000001aa25800
R15=0x000000001aa25800 is a thread


Stack: [0x0000000025290000,0x0000000025390000],  sp=0x000000002538ec98,  free space=1019k
Native frames: (J=compiled Java code, j=interpreted, Vv=VM code, C=native code)
C  [msvcr100.dll+0x36adf]

Java frames: (J=compiled Java code, j=interpreted, Vv=VM code)
J 7042  sun.awt.shell.Win32ShellFolder2.getDisplayNameOf(JJI)Ljava/lang/String; (0 bytes) @ 0x0000000006a56d49 [0x0000000006a56d00+0x49]
j  sun.awt.shell.Win32ShellFolder2.access$1600(JJI)Ljava/lang/String;+4
j  sun.awt.shell.Win32ShellFolder2$13.call()Ljava/lang/String;+15
j  sun.awt.shell.Win32ShellFolder2$13.call()Ljava/lang/Object;+1
J 7035 C1 java.util.concurrent.FutureTask.run()V (126 bytes) @ 0x0000000006a50b84 [0x0000000006a50940+0x244]
j  java.util.concurrent.ThreadPoolExecutor.runWorker(Ljava/util/concurrent/ThreadPoolExecutor$Worker;)V+95
j  java.util.concurrent.ThreadPoolExecutor$Worker.run()V+5
j  sun.awt.shell.Win32ShellFolderManager2$ComInvoker$3.run()V+7
j  java.lang.Thread.run()V+11
v  ~StubRoutines::call_stub

---------------  P R O C E S S  ---------------

Java Threads: ( => current thread )
=>0x000000001aa25800 JavaThread "Swing-Shell" daemon [_thread_in_native, id=19868, stack(0x0000000025290000,0x0000000025390000)]
  0x000000001aa25000 JavaThread "Image Fetcher 0" daemon [_thread_blocked, id=5428, stack(0x0000000025190000,0x0000000025290000)]
  0x000000001aa29800 JavaThread "Thread-12" [_thread_blocked, id=9264, stack(0x0000000025090000,0x0000000025190000)]
  0x000000001aa28800 JavaThread "Tcl Isolation Thread" daemon [_thread_blocked, id=15556, stack(0x0000000024170000,0x0000000024270000)]
  0x000000001aa22800 JavaThread "D3D Screen Updater" daemon [_thread_blocked, id=15636, stack(0x0000000022120000,0x0000000022220000)]
  0x000000001a576000 JavaThread "TimerQueue" daemon [_thread_blocked, id=15096, stack(0x0000000020ec0000,0x0000000020fc0000)]
  0x0000000018146800 JavaThread "AWT-EventQueue-0" [_thread_blocked, id=20460, stack(0x000000001b110000,0x000000001b210000)]
  0x0000000017d94800 JavaThread "Command Watcher" daemon [_thread_blocked, id=15700, stack(0x0000000019d40000,0x0000000019e40000)]
  0x0000000017e09800 JavaThread "AWT-Windows" daemon [_thread_in_native, id=18308, stack(0x0000000018850000,0x0000000018950000)]
  0x0000000017e07000 JavaThread "AWT-Shutdown" [_thread_blocked, id=15964, stack(0x0000000018750000,0x0000000018850000)]
  0x0000000017e06000 JavaThread "Java2D Disposer" daemon [_thread_blocked, id=17580, stack(0x0000000018650000,0x0000000018750000)]
  0x0000000015826800 JavaThread "Service Thread" daemon [_thread_blocked, id=5968, stack(0x0000000017460000,0x0000000017560000)]
  0x00000000157c4000 JavaThread "C1 CompilerThread2" daemon [_thread_blocked, id=8260, stack(0x0000000017360000,0x0000000017460000)]
  0x00000000157ba800 JavaThread "C2 CompilerThread1" daemon [_thread_in_native, id=19968, stack(0x0000000017260000,0x0000000017360000)]
  0x00000000157b7000 JavaThread "C2 CompilerThread0" daemon [_thread_blocked, id=7380, stack(0x0000000017160000,0x0000000017260000)]
  0x00000000157b4800 JavaThread "Attach Listener" daemon [_thread_blocked, id=9592, stack(0x0000000017060000,0x0000000017160000)]
  0x00000000157c1800 JavaThread "Signal Dispatcher" daemon [_thread_blocked, id=9936, stack(0x0000000016f60000,0x0000000017060000)]
  0x0000000015777000 JavaThread "Finalizer" daemon [_thread_blocked, id=7392, stack(0x0000000016960000,0x0000000016a60000)]
  0x000000001576f800 JavaThread "Reference Handler" daemon [_thread_blocked, id=16936, stack(0x0000000016860000,0x0000000016960000)]
  0x00000000051a5800 JavaThread "main" [_thread_blocked, id=7684, stack(0x00000000053d0000,0x00000000054d0000)]

Other Threads:
  0x0000000015769800 VMThread [stack: 0x0000000016660000,0x0000000016760000] [id=13336]
  0x000000001584d000 WatcherThread [stack: 0x0000000017560000,0x0000000017660000] [id=16152]

VM state:not at safepoint (normal execution)

VM Mutex/Monitor currently owned by a thread: None

Heap:
 def new generation   total 117504K, used 16610K [0x00000000a2400000, 0x00000000aa370000, 0x00000000c1800000)
  eden space 104512K,   7% used [0x00000000a2400000, 0x00000000a2bbd218, 0x00000000a8a10000)
  from space 12992K,  66% used [0x00000000a8a10000, 0x00000000a928b748, 0x00000000a96c0000)
  to   space 12992K,   0% used [0x00000000a96c0000, 0x00000000a96c0000, 0x00000000aa370000)
 tenured generation   total 260864K, used 35271K [0x00000000c1800000, 0x00000000d16c0000, 0x0000000100000000)
   the space 260864K,  13% used [0x00000000c1800000, 0x00000000c3a71c28, 0x00000000c3a71e00, 0x00000000d16c0000)
 Metaspace       used 42654K, capacity 43236K, committed 43520K, reserved 1087488K
  class space    used 6220K, capacity 6348K, committed 6400K, reserved 1048576K

Card table byte_map: [0x00000000149d0000,0x0000000014cc0000] byte_map_base: 0x00000000144be000

Polling page: 0x00000000037d0000

CodeCache: size=245760Kb used=20754Kb max_used=20769Kb free=225005Kb
 bounds [0x0000000005610000, 0x0000000006a70000, 0x0000000014610000]
 total_blobs=7414 nmethods=6767 adapters=556
 compilation: enabled

Compilation events (10 events):
Event: 11.367 Thread 0x00000000157b7000 7060       4       java.lang.CharacterData::of (120 bytes)
Event: 11.368 Thread 0x00000000157b7000 nmethod 7060 0x0000000006a61190 code [0x0000000006a613a0, 0x0000000006a61458]
Event: 11.368 Thread 0x00000000157b7000 7062       4       java.lang.String::toLowerCase (431 bytes)
Event: 11.368 Thread 0x00000000157c4000 7063       3       javax.swing.TimerQueue::now (8 bytes)
Event: 11.368 Thread 0x00000000157c4000 nmethod 7063 0x0000000006a62050 code [0x0000000006a621a0, 0x0000000006a622f0]
Event: 11.385 Thread 0x00000000157b7000 nmethod 7062 0x0000000006a63090 code [0x0000000006a63360, 0x0000000006a64300]
Event: 11.385 Thread 0x00000000157b7000 7061       4       javax.swing.UIDefaults$TextAndMnemonicHashMap::get (358 bytes)
Event: 11.386 Thread 0x00000000157c4000 7064       3       java.awt.Component::checkImage (82 bytes)
Event: 11.386 Thread 0x00000000157c4000 nmethod 7064 0x0000000006a60610 code [0x0000000006a607e0, 0x0000000006a60f78]
Event: 11.420 Thread 0x00000000157b7000 nmethod 7061 0x0000000006a67990 code [0x0000000006a67c20, 0x0000000006a68c88]

GC Heap History (10 events):
Event: 8.527 GC heap before
{Heap before GC invocations=155 (full 2):
 def new generation   total 117504K, used 113124K [0x00000000a2400000, 0x00000000aa370000, 0x00000000c1800000)
  eden space 104512K, 100% used [0x00000000a2400000, 0x00000000a8a10000, 0x00000000a8a10000)
  from space 12992K,  66% used [0x00000000a96c0000, 0x00000000a9f290a8, 0x00000000aa370000)
  to   space 12992K,   0% used [0x00000000a8a10000, 0x00000000a8a10000, 0x00000000a96c0000)
 tenured generation   total 260864K, used 34811K [0x00000000c1800000, 0x00000000d16c0000, 0x0000000100000000)
   the space 260864K,  13% used [0x00000000c1800000, 0x00000000c39feef8, 0x00000000c39ff000, 0x00000000d16c0000)
 Metaspace       used 37915K, capacity 38388K, committed 38400K, reserved 1081344K
  class space    used 5526K, capacity 5623K, committed 5632K, reserved 1048576K
Event: 8.550 GC heap after
Heap after GC invocations=156 (full 2):
 def new generation   total 117504K, used 8515K [0x00000000a2400000, 0x00000000aa370000, 0x00000000c1800000)
  eden space 104512K,   0% used [0x00000000a2400000, 0x00000000a2400000, 0x00000000a8a10000)
  from space 12992K,  65% used [0x00000000a8a10000, 0x00000000a9260d40, 0x00000000a96c0000)
  to   space 12992K,   0% used [0x00000000a96c0000, 0x00000000a96c0000, 0x00000000aa370000)
 tenured generation   total 260864K, used 35033K [0x00000000c1800000, 0x00000000d16c0000, 0x0000000100000000)
   the space 260864K,  13% used [0x00000000c1800000, 0x00000000c3a36440, 0x00000000c3a36600, 0x00000000d16c0000)
 Metaspace       used 37915K, capacity 38388K, committed 38400K, reserved 1081344K
  class space    used 5526K, capacity 5623K, committed 5632K, reserved 1048576K
}
Event: 8.948 GC heap before
{Heap before GC invocations=156 (full 2):
 def new generation   total 117504K, used 113027K [0x00000000a2400000, 0x00000000aa370000, 0x00000000c1800000)
  eden space 104512K, 100% used [0x00000000a2400000, 0x00000000a8a10000, 0x00000000a8a10000)
  from space 12992K,  65% used [0x00000000a8a10000, 0x00000000a9260d40, 0x00000000a96c0000)
  to   space 12992K,   0% used [0x00000000a96c0000, 0x00000000a96c0000, 0x00000000aa370000)
 tenured generation   total 260864K, used 35033K [0x00000000c1800000, 0x00000000d16c0000, 0x0000000100000000)
   the space 260864K,  13% used [0x00000000c1800000, 0x00000000c3a36440, 0x00000000c3a36600, 0x00000000d16c0000)
 Metaspace       used 38648K, capacity 39122K, committed 39296K, reserved 1083392K
  class space    used 5637K, capacity 5756K, committed 5760K, reserved 1048576K
Event: 8.955 GC heap after
Heap after GC invocations=157 (full 2):
 def new generation   total 117504K, used 1696K [0x00000000a2400000, 0x00000000aa370000, 0x00000000c1800000)
  eden space 104512K,   0% used [0x00000000a2400000, 0x00000000a2400000, 0x00000000a8a10000)
  from space 12992K,  13% used [0x00000000a96c0000, 0x00000000a98680f0, 0x00000000aa370000)
  to   space 12992K,   0% used [0x00000000a8a10000, 0x00000000a8a10000, 0x00000000a96c0000)
 tenured generation   total 260864K, used 35271K [0x00000000c1800000, 0x00000000d16c0000, 0x0000000100000000)
   the space 260864K,  13% used [0x00000000c1800000, 0x00000000c3a71c28, 0x00000000c3a71e00, 0x00000000d16c0000)
 Metaspace       used 38648K, capacity 39122K, committed 39296K, reserved 1083392K
  class space    used 5637K, capacity 5756K, committed 5760K, reserved 1048576K
}
Event: 9.244 GC heap before
{Heap before GC invocations=157 (full 2):
 def new generation   total 117504K, used 106208K [0x00000000a2400000, 0x00000000aa370000, 0x00000000c1800000)
  eden space 104512K, 100% used [0x00000000a2400000, 0x00000000a8a10000, 0x00000000a8a10000)
  from space 12992K,  13% used [0x00000000a96c0000, 0x00000000a98680f0, 0x00000000aa370000)
  to   space 12992K,   0% used [0x00000000a8a10000, 0x00000000a8a10000, 0x00000000a96c0000)
 tenured generation   total 260864K, used 35271K [0x00000000c1800000, 0x00000000d16c0000, 0x0000000100000000)
   the space 260864K,  13% used [0x00000000c1800000, 0x00000000c3a71c28, 0x00000000c3a71e00, 0x00000000d16c0000)
 Metaspace       used 38877K, capacity 39352K, committed 39680K, reserved 1083392K
  class space    used 5676K, capacity 5789K, committed 5888K, reserved 1048576K
Event: 9.248 GC heap after
Heap after GC invocations=158 (full 2):
 def new generation   total 117504K, used 1311K [0x00000000a2400000, 0x00000000aa370000, 0x00000000c1800000)
  eden space 104512K,   0% used [0x00000000a2400000, 0x00000000a2400000, 0x00000000a8a10000)
  from space 12992K,  10% used [0x00000000a8a10000, 0x00000000a8b57ff0, 0x00000000a96c0000)
  to   space 12992K,   0% used [0x00000000a96c0000, 0x00000000a96c0000, 0x00000000aa370000)
 tenured generation   total 260864K, used 35271K [0x00000000c1800000, 0x00000000d16c0000, 0x0000000100000000)
   the space 260864K,  13% used [0x00000000c1800000, 0x00000000c3a71c28, 0x00000000c3a71e00, 0x00000000d16c0000)
 Metaspace       used 38877K, capacity 39352K, committed 39680K, reserved 1083392K
  class space    used 5676K, capacity 5789K, committed 5888K, reserved 1048576K
}
Event: 9.942 GC heap before
{Heap before GC invocations=158 (full 2):
 def new generation   total 117504K, used 105823K [0x00000000a2400000, 0x00000000aa370000, 0x00000000c1800000)
  eden space 104512K, 100% used [0x00000000a2400000, 0x00000000a8a10000, 0x00000000a8a10000)
  from space 12992K,  10% used [0x00000000a8a10000, 0x00000000a8b57ff0, 0x00000000a96c0000)
  to   space 12992K,   0% used [0x00000000a96c0000, 0x00000000a96c0000, 0x00000000aa370000)
 tenured generation   total 260864K, used 35271K [0x00000000c1800000, 0x00000000d16c0000, 0x0000000100000000)
   the space 260864K,  13% used [0x00000000c1800000, 0x00000000c3a71c28, 0x00000000c3a71e00, 0x00000000d16c0000)
 Metaspace       used 41557K, capacity 42050K, committed 42368K, reserved 1085440K
  class space    used 6040K, capacity 6151K, committed 6272K, reserved 1048576K
Event: 9.950 GC heap after
Heap after GC invocations=159 (full 2):
 def new generation   total 117504K, used 4590K [0x00000000a2400000, 0x00000000aa370000, 0x00000000c1800000)
  eden space 104512K,   0% used [0x00000000a2400000, 0x00000000a2400000, 0x00000000a8a10000)
  from space 12992K,  35% used [0x00000000a96c0000, 0x00000000a9b3b818, 0x00000000aa370000)
  to   space 12992K,   0% used [0x00000000a8a10000, 0x00000000a8a10000, 0x00000000a96c0000)
 tenured generation   total 260864K, used 35271K [0x00000000c1800000, 0x00000000d16c0000, 0x0000000100000000)
   the space 260864K,  13% used [0x00000000c1800000, 0x00000000c3a71c28, 0x00000000c3a71e00, 0x00000000d16c0000)
 Metaspace       used 41557K, capacity 42050K, committed 42368K, reserved 1085440K
  class space    used 6040K, capacity 6151K, committed 6272K, reserved 1048576K
}
Event: 10.866 GC heap before
{Heap before GC invocations=159 (full 2):
 def new generation   total 117504K, used 109102K [0x00000000a2400000, 0x00000000aa370000, 0x00000000c1800000)
  eden space 104512K, 100% used [0x00000000a2400000, 0x00000000a8a10000, 0x00000000a8a10000)
  from space 12992K,  35% used [0x00000000a96c0000, 0x00000000a9b3b818, 0x00000000aa370000)
  to   space 12992K,   0% used [0x00000000a8a10000, 0x00000000a8a10000, 0x00000000a96c0000)
 tenured generation   total 260864K, used 35271K [0x00000000c1800000, 0x00000000d16c0000, 0x0000000100000000)
   the space 260864K,  13% used [0x00000000c1800000, 0x00000000c3a71c28, 0x00000000c3a71e00, 0x00000000d16c0000)
 Metaspace       used 42047K, capacity 42650K, committed 42880K, reserved 1085440K
  class space    used 6102K, capacity 6219K, committed 6272K, reserved 1048576K
Event: 10.881 GC heap after
Heap after GC invocations=160 (full 2):
 def new generation   total 117504K, used 8685K [0x00000000a2400000, 0x00000000aa370000, 0x00000000c1800000)
  eden space 104512K,   0% used [0x00000000a2400000, 0x00000000a2400000, 0x00000000a8a10000)
  from space 12992K,  66% used [0x00000000a8a10000, 0x00000000a928b748, 0x00000000a96c0000)
  to   space 12992K,   0% used [0x00000000a96c0000, 0x00000000a96c0000, 0x00000000aa370000)
 tenured generation   total 260864K, used 35271K [0x00000000c1800000, 0x00000000d16c0000, 0x0000000100000000)
   the space 260864K,  13% used [0x00000000c1800000, 0x00000000c3a71c28, 0x00000000c3a71e00, 0x00000000d16c0000)
 Metaspace       used 42047K, capacity 42650K, committed 42880K, reserved 1085440K
  class space    used 6102K, capacity 6219K, committed 6272K, reserved 1048576K
}

Deoptimization events (10 events):
Event: 9.530 Thread 0x000000001aa29800 Uncommon trap: reason=bimorphic action=maybe_recompile pc=0x000000000673e4c0 method=java.util.WeakHashMap.eq(Ljava/lang/Object;Ljava/lang/Object;)Z @ 7
Event: 9.883 Thread 0x000000001aa29800 Uncommon trap: reason=class_check action=maybe_recompile pc=0x00000000068a8428 method=com.sun.org.apache.xerces.internal.impl.XMLDocumentFragmentScannerImpl$FragmentContentDriver.next()I @ 2222
Event: 10.171 Thread 0x000000001aa29800 Uncommon trap: reason=unreached action=reinterpret pc=0x000000000627fe0c method=com.altera.utilities.altNode.AltNode.getChildCount()I @ 4
Event: 10.413 Thread 0x000000001aa29800 Uncommon trap: reason=predicate action=maybe_recompile pc=0x000000000623b34c method=java.util.concurrent.CopyOnWriteArrayList.indexOf(Ljava/lang/Object;[Ljava/lang/Object;II)I @ 41
Event: 10.622 Thread 0x000000001aa29800 Uncommon trap: reason=class_check action=maybe_recompile pc=0x0000000005d12f90 method=com.altera.ui.ientity.elementeditor.ParameterComponentFactory2$14.getListCellRendererComponent(Ljavax/swing/JList;Ljava/lang/Object;IZZ)Ljava/awt/Component; @ 4
Event: 10.622 Thread 0x000000001aa29800 Uncommon trap: reason=class_check action=maybe_recompile pc=0x0000000005d12f90 method=com.altera.ui.ientity.elementeditor.ParameterComponentFactory2$14.getListCellRendererComponent(Ljavax/swing/JList;Ljava/lang/Object;IZZ)Ljava/awt/Component; @ 4
Event: 10.622 Thread 0x000000001aa29800 Uncommon trap: reason=unreached action=reinterpret pc=0x0000000005e8b08c method=java.awt.EventQueue.isDispatchThreadImpl()Z @ 65
Event: 10.623 Thread 0x000000001aa29800 Uncommon trap: reason=class_check action=maybe_recompile pc=0x000000000623b920 method=java.util.concurrent.CopyOnWriteArrayList.indexOf(Ljava/lang/Object;[Ljava/lang/Object;II)I @ 46
Event: 10.896 Thread 0x0000000018146800 Uncommon trap: reason=range_check action=make_not_entrant pc=0x00000000068a2590 method=java.lang.String.charAt(I)C @ 27
Event: 11.193 Thread 0x000000001aa29800 Uncommon trap: reason=unloaded action=reinterpret pc=0x0000000005a6eb24 method=java.lang.CharacterData.of(I)Ljava/lang/CharacterData; @ 96

Internal exceptions (10 events):
Event: 10.928 Thread 0x0000000018146800 Exception <a 'java/security/PrivilegedActionException'> (0x00000000a28631a0) thrown at [D:\re\workspace\8-2-build-windows-amd64-cygwin\jdk8u5\2488\hotspot\src\share\vm\prims\jvm.cpp, line 1248]
Event: 10.928 Thread 0x0000000018146800 Exception <a 'java/security/PrivilegedActionException'> (0x00000000a2871cc8) thrown at [D:\re\workspace\8-2-build-windows-amd64-cygwin\jdk8u5\2488\hotspot\src\share\vm\prims\jvm.cpp, line 1248]
Event: 10.928 Thread 0x0000000018146800 Exception <a 'java/security/PrivilegedActionException'> (0x00000000a2880a50) thrown at [D:\re\workspace\8-2-build-windows-amd64-cygwin\jdk8u5\2488\hotspot\src\share\vm\prims\jvm.cpp, line 1248]
Event: 10.929 Thread 0x0000000018146800 Exception <a 'java/security/PrivilegedActionException'> (0x00000000a2890218) thrown at [D:\re\workspace\8-2-build-windows-amd64-cygwin\jdk8u5\2488\hotspot\src\share\vm\prims\jvm.cpp, line 1248]
Event: 10.932 Thread 0x0000000018146800 Exception <a 'java/security/PrivilegedActionException'> (0x00000000a28b22b8) thrown at [D:\re\workspace\8-2-build-windows-amd64-cygwin\jdk8u5\2488\hotspot\src\share\vm\prims\jvm.cpp, line 1248]
Event: 10.932 Thread 0x0000000018146800 Exception <a 'java/security/PrivilegedActionException'> (0x00000000a28bf5f0) thrown at [D:\re\workspace\8-2-build-windows-amd64-cygwin\jdk8u5\2488\hotspot\src\share\vm\prims\jvm.cpp, line 1248]
Event: 10.933 Thread 0x0000000018146800 Exception <a 'java/security/PrivilegedActionException'> (0x00000000a28cf178) thrown at [D:\re\workspace\8-2-build-windows-amd64-cygwin\jdk8u5\2488\hotspot\src\share\vm\prims\jvm.cpp, line 1248]
Event: 10.933 Thread 0x0000000018146800 Exception <a 'java/security/PrivilegedActionException'> (0x00000000a28dd6f8) thrown at [D:\re\workspace\8-2-build-windows-amd64-cygwin\jdk8u5\2488\hotspot\src\share\vm\prims\jvm.cpp, line 1248]
Event: 10.935 Thread 0x0000000018146800 Exception <a 'java/security/PrivilegedActionException'> (0x00000000a28f9c98) thrown at [D:\re\workspace\8-2-build-windows-amd64-cygwin\jdk8u5\2488\hotspot\src\share\vm\prims\jvm.cpp, line 1248]
Event: 10.942 Thread 0x0000000018146800 Exception <a 'java/security/PrivilegedActionException'> (0x00000000a2942848) thrown at [D:\re\workspace\8-2-build-windows-amd64-cygwin\jdk8u5\2488\hotspot\src\share\vm\prims\jvm.cpp, line 1248]

Events (10 events):
Event: 11.193 Executing VM operation: Deoptimize
Event: 11.194 Executing VM operation: Deoptimize done
Event: 11.194 Thread 0x000000001aa29800 DEOPT PACKING pc=0x0000000005a6eb24 sp=0x000000002518df80
Event: 11.194 Thread 0x000000001aa29800 DEOPT UNPACKING pc=0x00000000056555af sp=0x000000002518de00 mode 2
Event: 11.323 loading class sun/awt/shell/Win32ShellFolder2$18
Event: 11.323 loading class sun/awt/shell/Win32ShellFolder2$18 done
Event: 11.323 loading class sun/awt/shell/Win32ShellFolder2$ColumnComparator$1
Event: 11.324 loading class sun/awt/shell/Win32ShellFolder2$ColumnComparator$1 done
Event: 11.325 loading class sun/awt/shell/Win32ShellFolder2$11
Event: 11.325 loading class sun/awt/shell/Win32ShellFolder2$11 done


Dynamic libraries:
0x00007ff7147e0000 - 0x00007ff714814000 	C:\dev\fpga\quartus\bin64\jre64\bin\java.exe
0x00007ffc48010000 - 0x00007ffc481f0000 	C:\WINDOWS\SYSTEM32\ntdll.dll
0x00007ffc47770000 - 0x00007ffc4781e000 	C:\WINDOWS\System32\KERNEL32.DLL
0x00007ffc44b20000 - 0x00007ffc44d86000 	C:\WINDOWS\System32\KERNELBASE.dll
0x00007ffc47e80000 - 0x00007ffc47f21000 	C:\WINDOWS\System32\ADVAPI32.dll
0x00007ffc473b0000 - 0x00007ffc4744d000 	C:\WINDOWS\System32\msvcrt.dll
0x00007ffc47e20000 - 0x00007ffc47e7b000 	C:\WINDOWS\System32\sechost.dll
0x00007ffc470f0000 - 0x00007ffc4720f000 	C:\WINDOWS\System32\RPCRT4.dll
0x00007ffc47820000 - 0x00007ffc479af000 	C:\WINDOWS\System32\USER32.dll
0x00007ffc44750000 - 0x00007ffc44770000 	C:\WINDOWS\System32\win32u.dll
0x00007ffc47c70000 - 0x00007ffc47c98000 	C:\WINDOWS\System32\GDI32.dll
0x00007ffc44560000 - 0x00007ffc446f3000 	C:\WINDOWS\System32\gdi32full.dll
0x00007ffc444c0000 - 0x00007ffc4455b000 	C:\WINDOWS\System32\msvcp_win.dll
0x00007ffc44940000 - 0x00007ffc44a36000 	C:\WINDOWS\System32\ucrtbase.dll
0x00007ffc2e960000 - 0x00007ffc2ebc9000 	C:\WINDOWS\WinSxS\amd64_microsoft.windows.common-controls_6595b64144ccf1df_6.0.16299.309_none_15cfd4c4935e6b11\COMCTL32.dll
0x00007ffc47460000 - 0x00007ffc47768000 	C:\WINDOWS\System32\combase.dll
0x00007ffc44aa0000 - 0x00007ffc44b12000 	C:\WINDOWS\System32\bcryptPrimitives.dll
0x00007ffc47020000 - 0x00007ffc4704d000 	C:\WINDOWS\System32\IMM32.DLL
0x000000005f980000 - 0x000000005fa52000 	C:\dev\fpga\quartus\bin64\jre64\bin\msvcr100.dll
0x000000005f150000 - 0x000000005f97a000 	C:\dev\fpga\quartus\bin64\jre64\bin\server\jvm.dll
0x00007ffc47ca0000 - 0x00007ffc47ca8000 	C:\WINDOWS\System32\PSAPI.DLL
0x00007ffc2cfb0000 - 0x00007ffc2cfb9000 	C:\WINDOWS\SYSTEM32\WSOCK32.dll
0x00007ffc38ae0000 - 0x00007ffc38b03000 	C:\WINDOWS\SYSTEM32\WINMM.dll
0x00007ffc47060000 - 0x00007ffc470cc000 	C:\WINDOWS\System32\WS2_32.dll
0x00007ffc38a80000 - 0x00007ffc38aaa000 	C:\WINDOWS\SYSTEM32\WINMMBASE.dll
0x00007ffc44700000 - 0x00007ffc4474a000 	C:\WINDOWS\System32\cfgmgr32.dll
0x000000005f110000 - 0x000000005f14f000 	C:\dev\fpga\quartus\bin64\jre64\bin\splashscreen.dll
0x00007ffc42950000 - 0x00007ffc429e5000 	C:\WINDOWS\system32\uxtheme.dll
0x000000005f100000 - 0x000000005f10f000 	C:\dev\fpga\quartus\bin64\jre64\bin\verify.dll
0x000000005f0d0000 - 0x000000005f0f8000 	C:\dev\fpga\quartus\bin64\jre64\bin\java.dll
0x00007ffc47b00000 - 0x00007ffc47c67000 	C:\WINDOWS\System32\MSCTF.dll
0x00007ffc47a30000 - 0x00007ffc47af5000 	C:\WINDOWS\System32\OLEAUT32.dll
0x00007ffc1ed00000 - 0x00007ffc1eda9000 	C:\Program Files\Common Files\microsoft shared\ink\tiptsf.dll
0x000000005f0b0000 - 0x000000005f0c6000 	C:\dev\fpga\quartus\bin64\jre64\bin\zip.dll
0x00007ffc443a0000 - 0x00007ffc443b1000 	C:\WINDOWS\System32\kernel.appcore.dll
0x00007ffc37ef0000 - 0x00007ffc37f88000 	C:\WINDOWS\System32\TextInputFramework.dll
0x00007ffc41c00000 - 0x00007ffc41cdc000 	C:\WINDOWS\System32\CoreMessaging.dll
0x00007ffc37c00000 - 0x00007ffc37eee000 	C:\WINDOWS\System32\CoreUIComponents.dll
0x00007ffc47f30000 - 0x00007ffc47fd6000 	C:\WINDOWS\System32\SHCORE.dll
0x00007ffc43490000 - 0x00007ffc434c1000 	C:\WINDOWS\SYSTEM32\ntmarta.dll
0x00007ffc40d40000 - 0x00007ffc40e76000 	C:\WINDOWS\SYSTEM32\wintypes.dll
0x00007ffc42bc0000 - 0x00007ffc42bea000 	C:\WINDOWS\system32\dwmapi.dll
0x00007ffc45990000 - 0x00007ffc45a2e000 	C:\WINDOWS\System32\clbcatq.dll
0x00007ffc36cf0000 - 0x00007ffc36ef6000 	C:\Windows\System32\uiautomationcore.dll
0x00007ffc45be0000 - 0x00007ffc47016000 	C:\WINDOWS\System32\SHELL32.dll
0x00007ffc44d90000 - 0x00007ffc454d7000 	C:\WINDOWS\System32\windows.storage.dll
0x00007ffc454e0000 - 0x00007ffc45531000 	C:\WINDOWS\System32\shlwapi.dll
0x00007ffc443c0000 - 0x00007ffc4440c000 	C:\WINDOWS\System32\powrprof.dll
0x00007ffc44380000 - 0x00007ffc4439b000 	C:\WINDOWS\System32\profapi.dll
0x00007ffc441c0000 - 0x00007ffc4425a000 	C:\WINDOWS\SYSTEM32\sxs.dll
0x00007ffc3a4e0000 - 0x00007ffc3a54e000 	C:\Windows\System32\OLEACC.dll
0x00007ffc39b10000 - 0x00007ffc39b91000 	C:\WINDOWS\SYSTEM32\twinapi.dll
0x00007ffc42d40000 - 0x00007ffc42ebb000 	C:\WINDOWS\SYSTEM32\twinapi.appcore.dll
0x00007ffc42cb0000 - 0x00007ffc42cd0000 	C:\WINDOWS\SYSTEM32\RMCLIENT.dll
0x00007ffc43ec0000 - 0x00007ffc43ee5000 	C:\WINDOWS\SYSTEM32\bcrypt.dll
0x00007ffc45a30000 - 0x00007ffc45b79000 	C:\WINDOWS\System32\ole32.dll
0x000000005ef10000 - 0x000000005f0a6000 	C:\Dev\FPGA\quartus\bin64\jre64\bin\awt.dll
0x00007ffc427d0000 - 0x00007ffc42858000 	C:\WINDOWS\SYSTEM32\apphelp.dll
0x00007ffc43db0000 - 0x00007ffc43dc7000 	C:\WINDOWS\SYSTEM32\CRYPTSP.dll
0x00007ffc437f0000 - 0x00007ffc43823000 	C:\WINDOWS\system32\rsaenh.dll
0x00007ffc44290000 - 0x00007ffc442b9000 	C:\WINDOWS\SYSTEM32\USERENV.dll
0x00007ffc43dd0000 - 0x00007ffc43ddb000 	C:\WINDOWS\SYSTEM32\CRYPTBASE.dll
0x000000005eef0000 - 0x000000005ef0a000 	C:\Dev\FPGA\quartus\bin64\jre64\bin\net.dll
0x00007ffc43bf0000 - 0x00007ffc43c56000 	C:\WINDOWS\system32\mswsock.dll
0x00007ffc43980000 - 0x00007ffc439b9000 	C:\WINDOWS\SYSTEM32\IPHLPAPI.DLL
0x00007ffc47050000 - 0x00007ffc47058000 	C:\WINDOWS\System32\NSI.dll
0x00007ffc3b510000 - 0x00007ffc3b526000 	C:\WINDOWS\SYSTEM32\dhcpcsvc6.DLL
0x00007ffc3b4b0000 - 0x00007ffc3b4ca000 	C:\WINDOWS\SYSTEM32\dhcpcsvc.DLL
0x000000005eed0000 - 0x000000005eee1000 	C:\Dev\FPGA\quartus\bin64\jre64\bin\nio.dll
0x00007ffc3c8b0000 - 0x00007ffc3c8b6000 	C:\Dev\FPGA\quartus\bin64\sld_utiljni.dll
0x00007ffc14320000 - 0x00007ffc1440f000 	C:\Dev\FPGA\quartus\bin64\MSVCR120.dll
0x0000000060630000 - 0x00000000607b7000 	C:\Dev\FPGA\quartus\bin64\tcl86.dll
0x00007ffc2f650000 - 0x00007ffc2f667000 	C:\WINDOWS\SYSTEM32\NETAPI32.dll
0x00007ffc43a80000 - 0x00007ffc43a8e000 	C:\WINDOWS\SYSTEM32\NETUTILS.DLL
0x00007ffc3ea90000 - 0x00007ffc3eaa8000 	C:\WINDOWS\SYSTEM32\SAMCLI.DLL
0x00007ffc3b3c0000 - 0x00007ffc3b3ff000 	C:\WINDOWS\SYSTEM32\LOGONCLI.DLL
0x00007ffc13d30000 - 0x00007ffc13df0000 	C:\Dev\FPGA\quartus\bin64\ccl_sqlite3.dll
0x00007ffc3c8a0000 - 0x00007ffc3c8b0000 	C:\Dev\FPGA\quartus\bin64\ccl_sqlite3_jdbc_jni_bridge.dll
0x00007ffc1d010000 - 0x00007ffc1d1a5000 	C:\WINDOWS\system32\d3d9.dll
0x00007ffbe2560000 - 0x00007ffbe7d4a000 	C:\WINDOWS\System32\DriverStore\FileRepository\atgh4627.inf_amd64_1a9e52b1bbedf409\igdumdim64.dll
0x00007ffc45540000 - 0x00007ffc4598e000 	C:\WINDOWS\System32\SETUPAPI.dll
0x00007ffc335c0000 - 0x00007ffc3471e000 	C:\WINDOWS\System32\DriverStore\FileRepository\atgh4627.inf_amd64_1a9e52b1bbedf409\igc64.dll
0x000000005ee80000 - 0x000000005eec7000 	C:\Dev\FPGA\quartus\bin64\jre64\bin\fontmanager.dll
0x00007ffc3e730000 - 0x00007ffc3e7d6000 	C:\WINDOWS\WinSxS\amd64_microsoft.windows.common-controls_6595b64144ccf1df_5.82.16299.309_none_8875ce284abe80d8\comctl32.dll
0x000000005ee30000 - 0x000000005ee71000 	C:\Dev\FPGA\quartus\bin64\jre64\bin\t2k.dll
0x0000000021ec0000 - 0x0000000022113000 	C:\Dev\FPGA\quartus\bin64\nlview.dll
0x00007ffc47cb0000 - 0x00007ffc47dba000 	C:\WINDOWS\System32\comdlg32.dll
0x00007ffc3fcd0000 - 0x00007ffc3fd56000 	C:\WINDOWS\SYSTEM32\WINSPOOL.DRV
0x00007ffc362b0000 - 0x00007ffc3645b000 	C:\WINDOWS\SYSTEM32\WindowsCodecs.dll
0x00007ffc3a470000 - 0x00007ffc3a4bf000 	C:\WINDOWS\system32\dataexchange.dll
0x00007ffc42570000 - 0x00007ffc426b2000 	C:\WINDOWS\system32\dcomp.dll
0x00007ffc41910000 - 0x00007ffc41bf2000 	C:\WINDOWS\system32\d3d11.dll
0x00007ffc431c0000 - 0x00007ffc4326f000 	C:\WINDOWS\system32\dxgi.dll
0x00007ffc0b4b0000 - 0x00007ffc0b67b000 	C:\Dev\FPGA\quartus\bin64\sld_filejni.dll
0x00007ffc3c820000 - 0x00007ffc3c829000 	C:\Dev\FPGA\quartus\bin64\tcl_jni_bridge.dll
0x00007ffc364c0000 - 0x00007ffc364d9000 	C:\WINDOWS\SYSTEM32\CLDAPI.dll
0x00007ffc364b0000 - 0x00007ffc364ba000 	C:\WINDOWS\SYSTEM32\FLTLIB.DLL
0x00007ffc36460000 - 0x00007ffc364a5000 	C:\WINDOWS\SYSTEM32\AEPIC.dll
0x00007ffc403c0000 - 0x00007ffc40571000 	C:\WINDOWS\system32\propsys.dll
0x00007ffc1cc70000 - 0x00007ffc1cd97000 	C:\WINDOWS\system32\NetworkExplorer.dll
0x00007ffc32520000 - 0x00007ffc32b14000 	C:\Windows\System32\OneCoreUAPCommonProxyStub.dll
0x00007ffc311b0000 - 0x00007ffc3120b000 	C:\Windows\System32\thumbcache.dll
0x00007ffc2b0a0000 - 0x00007ffc2b0bb000 	C:\WINDOWS\SYSTEM32\MPR.dll
0x00007ffc40060000 - 0x00007ffc4006b000 	C:\WINDOWS\System32\drprov.dll
0x00007ffc43500000 - 0x00007ffc43555000 	C:\WINDOWS\System32\WINSTA.dll
0x00007ffc3ff30000 - 0x00007ffc3ff46000 	C:\WINDOWS\System32\ntlanman.dll
0x00007ffc3f970000 - 0x00007ffc3f98c000 	C:\WINDOWS\System32\davclnt.dll
0x00007ffc3fff0000 - 0x00007ffc3fffc000 	C:\WINDOWS\System32\DAVHLPR.dll
0x00007ffc3f510000 - 0x00007ffc3f527000 	C:\WINDOWS\System32\wkscli.dll
0x00007ffc25cf0000 - 0x00007ffc25d02000 	C:\WINDOWS\SYSTEM32\cscapi.dll
0x00007ffc3c4f0000 - 0x00007ffc3c53a000 	C:\Windows\System32\dlnashext.dll
0x00007ffbea9e0000 - 0x00007ffbeaa43000 	C:\Windows\System32\PlayToDevice.dll
0x00007ffc3c6d0000 - 0x00007ffc3c6ef000 	C:\Windows\System32\DevDispItemProvider.dll
0x00007ffc3a7c0000 - 0x00007ffc3a82f000 	C:\WINDOWS\System32\MMDevApi.dll
0x00007ffc44170000 - 0x00007ffc44197000 	C:\WINDOWS\System32\DEVOBJ.dll
0x00007ffbe7d50000 - 0x00007ffbe7f2f000 	C:\WINDOWS\system32\wpdshext.dll
0x00007ffc1a950000 - 0x00007ffc1aaec000 	C:\WINDOWS\WinSxS\amd64_microsoft.windows.gdiplus_6595b64144ccf1df_1.1.16299.309_none_46bac7a9edf0e4df\gdiplus.dll
0x00007ffc3e4d0000 - 0x00007ffc3e570000 	C:\Windows\System32\PortableDeviceApi.dll
0x00007ffc44a40000 - 0x00007ffc44a98000 	C:\WINDOWS\System32\WINTRUST.dll
0x00007ffc44360000 - 0x00007ffc44372000 	C:\WINDOWS\System32\MSASN1.dll
0x00007ffc44770000 - 0x00007ffc4493e000 	C:\WINDOWS\System32\CRYPT32.dll
0x00007ffc30d00000 - 0x00007ffc30d36000 	C:\Windows\System32\EhStorShell.dll
0x00007ffbeb330000 - 0x00007ffbeb355000 	C:\Windows\System32\EhStorAPI.dll
0x00007ffc3efc0000 - 0x00007ffc3efd3000 	C:\Windows\System32\WTSAPI32.dll
0x00007ffc3cdd0000 - 0x00007ffc3cde0000 	C:\WINDOWS\SYSTEM32\LINKINFO.dll
0x00007ffc2b840000 - 0x00007ffc2b84c000 	C:\WINDOWS\SYSTEM32\Secur32.dll
0x00007ffc44260000 - 0x00007ffc44290000 	C:\WINDOWS\SYSTEM32\SSPICLI.DLL
0x00007ffc13660000 - 0x00007ffc137e8000 	C:\Dev\FPGA\quartus\bin64\dbghelp.dll

VM Arguments:
jvm_args: -Xmx1500M -XX:+UseSerialGC 
java_command: com.altera.ipedit.QsysEditorApp --project-dir=C:/Dev/ECE342/Lab6/part2/ --family=Cyclone V --part=5CSEMA5F31C6 --host-controller
java_class_path (initial): C:/dev/fpga/quartus/sopc_builder/model/lib\Nlview.jar;C:/dev/fpga/quartus/sopc_builder/model/lib\QuickServer.jar;C:/dev/fpga/quartus/sopc_builder/model/lib\TableLayout.jar;C:/dev/fpga/quartus/sopc_builder/model/lib\appframework-1.03.jar;C:/dev/fpga/quartus/sopc_builder/model/lib\asm-3.1.jar;C:/dev/fpga/quartus/sopc_builder/model/lib\asm-commons-3.1.jar;C:/dev/fpga/quartus/sopc_builder/model/lib\basicmodel.jar;C:/dev/fpga/quartus/sopc_builder/model/lib\beansbinding-1.2.1.jar;C:/dev/fpga/quartus/sopc_builder/model/lib\binding-2.0.6.jar;C:/dev/fpga/quartus/sopc_builder/model/lib\com.altera.componenteditor2.jar;C:/dev/fpga/quartus/sopc_builder/model/lib\com.altera.embeddedsw.app_lib.jar;C:/dev/fpga/quartus/sopc_builder/model/lib\com.altera.embeddedsw.bsp.editor.jar;C:/dev/fpga/quartus/sopc_builder/model/lib\com.altera.embeddedsw.bsp.elements.jar;C:/dev/fpga/quartus/sopc_builder/model/lib\com.altera.embeddedsw.bsp.jar;C:/dev/fpga/quartus/sopc_builder/model/lib\com.altera.embeddedsw.bsp.plugin.core.jar;C:/dev/fpga/quartus/sopc_builder/model/lib\com.altera.embeddedsw.bsp.plugin.hal.jar;C:/dev/fpga/quartus/sopc_builder/model/lib\com.altera.embeddedsw.bsp.plugin.lwhal.jar;C:/dev/fpga/quartus/sopc_builder/model/lib\com.altera.embeddedsw.bsp.schema.jar;C:/dev/fpga/quartus/sopc_builder/model/lib\com.altera.embeddedsw.bsp.scripting.jar;C:/dev/fpga/quartus/sopc_builder/model/lib\com.altera.embeddedsw.commandline.jar;C:/dev/fpga/quartus/sopc_builder/model/lib\com.altera.embeddedsw.cpexample.jar;C:/dev/fpga/quartus/sopc_builder/model/lib\com.altera.embeddedsw.flash.jar;C:/dev/fpga/quartus/sopc_builder/model/lib\com.altera.embeddedsw.launch.jar;C:/dev/fpga/quartus/sopc_builder/model/lib\com.altera.embeddedsw.swinfo.jar;C:/dev/fpga/quartus/sopc_builder/model/lib\com.altera.embeddedsw.utilities.jar;C:/dev/fpga/quartus/sopc_builder/model/lib\com.altera.entityinterfaces.jar;C:/dev/fpga/quartus/sopc_builder/model/lib\com.altera.genman.jar;C:/dev/fpga/quartus/
Launcher Type: SUN_STANDARD

Environment Variables:
PATH=C:/dev/fpga/quartus/bin64;c:\dev\fpga\quartus\bin64\;C:\Program Files (x86)\Razer Chroma SDK\bin;C:\Program Files\Razer Chroma SDK\bin;C:\Program Files (x86)\NVIDIA Corporation\PhysX\Common;C:\WINDOWS\system32;C:\WINDOWS;C:\WINDOWS\System32\Wbem;C:\WINDOWS\System32\WindowsPowerShell\v1.0\;C:\WINDOWS\system32\config\systemprofile\.dnx\bin;C:\Program Files\Microsoft DNX\Dnvm\;C:\Program Files\Microsoft SQL Server\120\Tools\Binn\;C:\Program Files (x86)\Windows Kits\10\Windows Performance Toolkit\;C:\Program Files (x86)\Windows Kits\8.1\Windows Performance Toolkit\;C:\Program Files (x86)\Windows Live\Shared;C:\WINDOWS\system32\config\systemprofile\AppData\Local\Microsoft\WindowsApps;C:\All Program\Skype\Phone\;C:\WINDOWS\system32;C:\WINDOWS;C:\WINDOWS\System32\Wbem;C:\WINDOWS\System32\WindowsPowerShell\v1.0\;C:\Program Files\Microsoft SQL Server\130\Tools\Binn\;C:\Program Files (x86)\Xoreax\IncrediBuild;C:\Users\Kevin Xu\AppData\Local\Microsoft\WindowsApps;;C:\Dev\FPGA\modelsim_ase\win32aloem
USERNAME=Kevin Xu
OS=Windows_NT
PROCESSOR_IDENTIFIER=Intel64 Family 6 Model 78 Stepping 3, GenuineIntel



---------------  S Y S T E M  ---------------

OS: Windows 8.1 , 64 bit Build 9600 

CPU:total 4 (2 cores per cpu, 2 threads per core) family 6 model 78 stepping 3, cmov, cx8, fxsr, mmx, sse, sse2, sse3, ssse3, sse4.1, sse4.2, popcnt, avx, avx2, aes, clmul, erms, ht, tsc, tscinvbit

Memory: 4k page, physical 16700524k(9113780k free), swap 19190892k(8433560k free)

vm_info: Java HotSpot(TM) 64-Bit Server VM (25.5-b02) for windows-amd64 JRE (1.8.0_05-b13), built on Mar 18 2014 01:08:39 by "java_re" with MS VC++ 10.0 (VS2010)

time: Sun Mar 25 17:18:06 2018
elapsed time: 11 seconds

